<?xml version="1.0" encoding="UTF-8"?>
<testsuite xmlns:xsi="http://www.w3.org/2001/XMLSchema-instance" xsi:noNamespaceSchemaLocation="https://maven.apache.org/surefire/maven-surefire-plugin/xsd/surefire-test-report-3.0.xsd" version="3.0" name="org.ylab.homework.repositorytest.TrainingRepositoryTest" time="5.763" tests="4" errors="0" skipped="0" failures="0">
  <properties>
    <property name="java.specification.version" value="21"/>
    <property name="sun.cpu.isalist" value="amd64"/>
    <property name="sun.jnu.encoding" value="UTF-8"/>
    <property name="java.class.path" value="C:\Users\user\.m2\repository\org\apache\maven\surefire\surefire-booter\3.2.5\surefire-booter-3.2.5.jar;C:\Users\user\.m2\repository\org\apache\maven\surefire\surefire-api\3.2.5\surefire-api-3.2.5.jar;C:\Users\user\.m2\repository\org\apache\maven\surefire\surefire-logger-api\3.2.5\surefire-logger-api-3.2.5.jar;C:\Users\user\.m2\repository\org\apache\maven\surefire\surefire-shared-utils\3.2.5\surefire-shared-utils-3.2.5.jar;C:\Users\user\.m2\repository\org\apache\maven\surefire\surefire-extensions-spi\3.2.5\surefire-extensions-spi-3.2.5.jar;C:\Users\user\IdeaProjects\Ylab_homework__1\target\test-classes;C:\Users\user\IdeaProjects\Ylab_homework__1\target\classes;C:\Users\user\.m2\repository\org\junit\jupiter\junit-jupiter-api\5.8.1\junit-jupiter-api-5.8.1.jar;C:\Users\user\.m2\repository\org\opentest4j\opentest4j\1.2.0\opentest4j-1.2.0.jar;C:\Users\user\.m2\repository\org\junit\platform\junit-platform-commons\1.8.1\junit-platform-commons-1.8.1.jar;C:\Users\user\.m2\repository\org\apiguardian\apiguardian-api\1.1.2\apiguardian-api-1.1.2.jar;C:\Users\user\.m2\repository\org\junit\platform\junit-platform-launcher\1.8.1\junit-platform-launcher-1.8.1.jar;C:\Users\user\.m2\repository\org\junit\platform\junit-platform-engine\1.8.1\junit-platform-engine-1.8.1.jar;C:\Users\user\.m2\repository\org\mockito\mockito-core\3.12.4\mockito-core-3.12.4.jar;C:\Users\user\.m2\repository\net\bytebuddy\byte-buddy\1.11.13\byte-buddy-1.11.13.jar;C:\Users\user\.m2\repository\net\bytebuddy\byte-buddy-agent\1.11.13\byte-buddy-agent-1.11.13.jar;C:\Users\user\.m2\repository\org\objenesis\objenesis\3.2\objenesis-3.2.jar;C:\Users\user\.m2\repository\org\assertj\assertj-core\3.19.0\assertj-core-3.19.0.jar;C:\Users\user\.m2\repository\org\postgresql\postgresql\42.2.19\postgresql-42.2.19.jar;C:\Users\user\.m2\repository\org\checkerframework\checker-qual\3.5.0\checker-qual-3.5.0.jar;C:\Users\user\.m2\repository\org\liquibase\liquibase-core\4.5.0\liquibase-core-4.5.0.jar;C:\Users\user\.m2\repository\javax\xml\bind\jaxb-api\2.3.0\jaxb-api-2.3.0.jar;C:\Users\user\.m2\repository\org\testcontainers\junit-jupiter\1.16.0\junit-jupiter-1.16.0.jar;C:\Users\user\.m2\repository\org\testcontainers\testcontainers\1.16.0\testcontainers-1.16.0.jar;C:\Users\user\.m2\repository\junit\junit\4.12\junit-4.12.jar;C:\Users\user\.m2\repository\org\hamcrest\hamcrest-core\1.3\hamcrest-core-1.3.jar;C:\Users\user\.m2\repository\org\apache\commons\commons-compress\1.20\commons-compress-1.20.jar;C:\Users\user\.m2\repository\org\rnorth\duct-tape\duct-tape\1.0.8\duct-tape-1.0.8.jar;C:\Users\user\.m2\repository\com\github\docker-java\docker-java-api\3.2.11\docker-java-api-3.2.11.jar;C:\Users\user\.m2\repository\com\fasterxml\jackson\core\jackson-annotations\2.10.3\jackson-annotations-2.10.3.jar;C:\Users\user\.m2\repository\com\github\docker-java\docker-java-transport-zerodep\3.2.11\docker-java-transport-zerodep-3.2.11.jar;C:\Users\user\.m2\repository\com\github\docker-java\docker-java-transport\3.2.11\docker-java-transport-3.2.11.jar;C:\Users\user\.m2\repository\net\java\dev\jna\jna\5.8.0\jna-5.8.0.jar;C:\Users\user\.m2\repository\org\testcontainers\postgresql\1.16.0\postgresql-1.16.0.jar;C:\Users\user\.m2\repository\org\testcontainers\jdbc\1.16.0\jdbc-1.16.0.jar;C:\Users\user\.m2\repository\org\testcontainers\database-commons\1.16.0\database-commons-1.16.0.jar;C:\Users\user\.m2\repository\ch\qos\logback\logback-classic\1.2.6\logback-classic-1.2.6.jar;C:\Users\user\.m2\repository\ch\qos\logback\logback-core\1.2.6\logback-core-1.2.6.jar;C:\Users\user\.m2\repository\org\slf4j\slf4j-api\1.7.32\slf4j-api-1.7.32.jar;C:\Users\user\.m2\repository\org\apache\maven\surefire\surefire-junit-platform\3.2.5\surefire-junit-platform-3.2.5.jar;C:\Users\user\.m2\repository\org\apache\maven\surefire\common-java5\3.2.5\common-java5-3.2.5.jar;C:\Users\user\.m2\repository\org\junit\jupiter\junit-jupiter-engine\5.8.1\junit-jupiter-engine-5.8.1.jar;C:\Users\user\.m2\repository\org\junit\vintage\junit-vintage-engine\5.8.1\junit-vintage-engine-5.8.1.jar"/>
    <property name="java.vm.vendor" value="Oracle Corporation"/>
    <property name="sun.arch.data.model" value="64"/>
    <property name="user.variant" value=""/>
    <property name="java.vendor.url" value="https://java.oracle.com/"/>
    <property name="user.timezone" value="Europe/Belgrade"/>
    <property name="os.name" value="Windows 11"/>
    <property name="java.vm.specification.version" value="21"/>
    <property name="sun.java.launcher" value="SUN_STANDARD"/>
    <property name="user.country" value="RU"/>
    <property name="sun.boot.library.path" value="C:\Users\user\.jdks\openjdk-21.0.1\bin"/>
    <property name="sun.java.command" value="org.apache.maven.surefire.booter.ForkedBooter C:\Users\user\AppData\Local\Temp\surefire6371297520807752469 2024-04-23T14-36-42_104-jvmRun1 surefire-20240423143642276_1tmp surefire_0-20240423143642276_2tmp"/>
    <property name="jdk.debug" value="release"/>
    <property name="surefire.test.class.path" value="C:\Users\user\IdeaProjects\Ylab_homework__1\target\test-classes;C:\Users\user\IdeaProjects\Ylab_homework__1\target\classes;C:\Users\user\.m2\repository\org\junit\jupiter\junit-jupiter-api\5.8.1\junit-jupiter-api-5.8.1.jar;C:\Users\user\.m2\repository\org\opentest4j\opentest4j\1.2.0\opentest4j-1.2.0.jar;C:\Users\user\.m2\repository\org\junit\platform\junit-platform-commons\1.8.1\junit-platform-commons-1.8.1.jar;C:\Users\user\.m2\repository\org\apiguardian\apiguardian-api\1.1.2\apiguardian-api-1.1.2.jar;C:\Users\user\.m2\repository\org\junit\platform\junit-platform-launcher\1.8.1\junit-platform-launcher-1.8.1.jar;C:\Users\user\.m2\repository\org\junit\platform\junit-platform-engine\1.8.1\junit-platform-engine-1.8.1.jar;C:\Users\user\.m2\repository\org\mockito\mockito-core\3.12.4\mockito-core-3.12.4.jar;C:\Users\user\.m2\repository\net\bytebuddy\byte-buddy\1.11.13\byte-buddy-1.11.13.jar;C:\Users\user\.m2\repository\net\bytebuddy\byte-buddy-agent\1.11.13\byte-buddy-agent-1.11.13.jar;C:\Users\user\.m2\repository\org\objenesis\objenesis\3.2\objenesis-3.2.jar;C:\Users\user\.m2\repository\org\assertj\assertj-core\3.19.0\assertj-core-3.19.0.jar;C:\Users\user\.m2\repository\org\postgresql\postgresql\42.2.19\postgresql-42.2.19.jar;C:\Users\user\.m2\repository\org\checkerframework\checker-qual\3.5.0\checker-qual-3.5.0.jar;C:\Users\user\.m2\repository\org\liquibase\liquibase-core\4.5.0\liquibase-core-4.5.0.jar;C:\Users\user\.m2\repository\javax\xml\bind\jaxb-api\2.3.0\jaxb-api-2.3.0.jar;C:\Users\user\.m2\repository\org\testcontainers\junit-jupiter\1.16.0\junit-jupiter-1.16.0.jar;C:\Users\user\.m2\repository\org\testcontainers\testcontainers\1.16.0\testcontainers-1.16.0.jar;C:\Users\user\.m2\repository\junit\junit\4.12\junit-4.12.jar;C:\Users\user\.m2\repository\org\hamcrest\hamcrest-core\1.3\hamcrest-core-1.3.jar;C:\Users\user\.m2\repository\org\apache\commons\commons-compress\1.20\commons-compress-1.20.jar;C:\Users\user\.m2\repository\org\rnorth\duct-tape\duct-tape\1.0.8\duct-tape-1.0.8.jar;C:\Users\user\.m2\repository\com\github\docker-java\docker-java-api\3.2.11\docker-java-api-3.2.11.jar;C:\Users\user\.m2\repository\com\fasterxml\jackson\core\jackson-annotations\2.10.3\jackson-annotations-2.10.3.jar;C:\Users\user\.m2\repository\com\github\docker-java\docker-java-transport-zerodep\3.2.11\docker-java-transport-zerodep-3.2.11.jar;C:\Users\user\.m2\repository\com\github\docker-java\docker-java-transport\3.2.11\docker-java-transport-3.2.11.jar;C:\Users\user\.m2\repository\net\java\dev\jna\jna\5.8.0\jna-5.8.0.jar;C:\Users\user\.m2\repository\org\testcontainers\postgresql\1.16.0\postgresql-1.16.0.jar;C:\Users\user\.m2\repository\org\testcontainers\jdbc\1.16.0\jdbc-1.16.0.jar;C:\Users\user\.m2\repository\org\testcontainers\database-commons\1.16.0\database-commons-1.16.0.jar;C:\Users\user\.m2\repository\ch\qos\logback\logback-classic\1.2.6\logback-classic-1.2.6.jar;C:\Users\user\.m2\repository\ch\qos\logback\logback-core\1.2.6\logback-core-1.2.6.jar;C:\Users\user\.m2\repository\org\slf4j\slf4j-api\1.7.32\slf4j-api-1.7.32.jar;"/>
    <property name="sun.cpu.endian" value="little"/>
    <property name="user.home" value="C:\Users\user"/>
    <property name="user.language" value="ru"/>
    <property name="java.specification.vendor" value="Oracle Corporation"/>
    <property name="java.version.date" value="2023-10-17"/>
    <property name="java.home" value="C:\Users\user\.jdks\openjdk-21.0.1"/>
    <property name="org.testcontainers.shaded.io.netty.packagePrefix" value="org.testcontainers.shaded."/>
    <property name="file.separator" value="\"/>
    <property name="basedir" value="C:\Users\user\IdeaProjects\Ylab_homework__1"/>
    <property name="java.vm.compressedOopsMode" value="Zero based"/>
    <property name="line.separator" value="&#10;"/>
    <property name="java.vm.specification.vendor" value="Oracle Corporation"/>
    <property name="java.specification.name" value="Java Platform API Specification"/>
    <property name="user.script" value=""/>
    <property name="sun.management.compiler" value="HotSpot 64-Bit Tiered Compilers"/>
    <property name="java.runtime.version" value="21.0.1+12-29"/>
    <property name="user.name" value="user"/>
    <property name="stdout.encoding" value="UTF-8"/>
    <property name="path.separator" value=";"/>
    <property name="os.version" value="10.0"/>
    <property name="java.runtime.name" value="OpenJDK Runtime Environment"/>
    <property name="file.encoding" value="UTF-8"/>
    <property name="java.vm.name" value="OpenJDK 64-Bit Server VM"/>
    <property name="localRepository" value="C:\Users\user\.m2\repository"/>
    <property name="java.vendor.url.bug" value="https://bugreport.java.com/bugreport/"/>
    <property name="java.io.tmpdir" value="C:\Users\user\AppData\Local\Temp\"/>
    <property name="idea.version" value="2023.1.2"/>
    <property name="java.version" value="21.0.1"/>
    <property name="user.dir" value="C:\Users\user\IdeaProjects\Ylab_homework__1"/>
    <property name="os.arch" value="amd64"/>
    <property name="java.vm.specification.name" value="Java Virtual Machine Specification"/>
    <property name="sun.os.patch.level" value=""/>
    <property name="native.encoding" value="UTF-8"/>
    <property name="java.library.path" value="C:\Users\user\.jdks\openjdk-21.0.1\bin;C:\Windows\Sun\Java\bin;C:\Windows\system32;C:\Windows;C:\Program Files\Common Files\Oracle\Java\javapath;C:\Windows\system32;C:\Windows;C:\Windows\System32\Wbem;C:\Windows\System32\WindowsPowerShell\v1.0\;C:\Windows\System32\OpenSSH\;C:\Program Files\dotnet\;C:\Program Files (x86)\NVIDIA Corporation\PhysX\Common;C:\Program Files\Git\cmd;C:\Windows\System32;;C:\Program Files\Docker\Docker\resources\bin;C:\Program Files\MySQL\MySQL Shell 8.0\bin\;C:\Users\user\AppData\Local\Microsoft\WindowsApps;D:\Maven\apache-maven-3.9.3\bin;D:\JDK\jdk-20.0.1\bin;;D:\liquibase;."/>
    <property name="java.vm.info" value="mixed mode, sharing"/>
    <property name="stderr.encoding" value="UTF-8"/>
    <property name="java.vendor" value="Oracle Corporation"/>
    <property name="java.vm.version" value="21.0.1+12-29"/>
    <property name="sun.io.unicode.encoding" value="UnicodeLittle"/>
    <property name="java.class.version" value="65.0"/>
  </properties>
  <testcase name="testDeleteTraining" classname="org.ylab.homework.repositorytest.TrainingRepositoryTest" time="0.07">
    <system-out><![CDATA[14:36:44.421 [main] DEBUG org.testcontainers.utility.TestcontainersConfiguration - Testcontainers configuration overrides will be loaded from file:/C:/Users/user/.testcontainers.properties
14:36:44.443 [main] INFO org.testcontainers.dockerclient.DockerClientProviderStrategy - Loaded org.testcontainers.dockerclient.NpipeSocketClientProviderStrategy from ~/.testcontainers.properties, will try it first
14:36:44.712 [ducttape-0] DEBUG org.testcontainers.dockerclient.DockerClientProviderStrategy - Pinging docker daemon...
14:36:44.740 [ducttape-0] DEBUG org.testcontainers.shaded.com.github.dockerjava.core.command.AbstrDockerCmd - Cmd: 
14:36:44.778 [ducttape-0] DEBUG com.github.dockerjava.zerodep.shaded.org.apache.hc.client5.http.impl.classic.InternalHttpClient - ex-00000001: preparing request execution
14:36:44.786 [ducttape-0] DEBUG com.github.dockerjava.zerodep.shaded.org.apache.hc.client5.http.protocol.RequestAddCookies - Cookie spec selected: strict
14:36:44.793 [ducttape-0] DEBUG com.github.dockerjava.zerodep.shaded.org.apache.hc.client5.http.protocol.RequestAuthCache - Auth cache not set in the context
14:36:44.793 [ducttape-0] DEBUG com.github.dockerjava.zerodep.shaded.org.apache.hc.client5.http.impl.classic.ProtocolExec - ex-00000001: target auth state: UNCHALLENGED
14:36:44.794 [ducttape-0] DEBUG com.github.dockerjava.zerodep.shaded.org.apache.hc.client5.http.impl.classic.ProtocolExec - ex-00000001: proxy auth state: UNCHALLENGED
14:36:44.794 [ducttape-0] DEBUG com.github.dockerjava.zerodep.shaded.org.apache.hc.client5.http.impl.classic.ConnectExec - ex-00000001: acquiring connection with route {}->npipe://localhost:2375
14:36:44.794 [ducttape-0] DEBUG com.github.dockerjava.zerodep.shaded.org.apache.hc.client5.http.impl.classic.InternalHttpClient - ex-00000001: acquiring endpoint (3 MINUTES)
14:36:44.797 [ducttape-0] DEBUG com.github.dockerjava.zerodep.shaded.org.apache.hc.client5.http.impl.io.PoolingHttpClientConnectionManager - ex-00000001: endpoint lease request (3 MINUTES) [route: {}->npipe://localhost:2375][total available: 0; route allocated: 0 of 2147483647; total allocated: 0 of 2147483647]
14:36:44.803 [ducttape-0] DEBUG com.github.dockerjava.zerodep.shaded.org.apache.hc.client5.http.impl.io.PoolingHttpClientConnectionManager - ex-00000001: endpoint leased [route: {}->npipe://localhost:2375][total available: 0; route allocated: 1 of 2147483647; total allocated: 1 of 2147483647]
14:36:44.820 [ducttape-0] DEBUG com.github.dockerjava.zerodep.shaded.org.apache.hc.client5.http.impl.io.PoolingHttpClientConnectionManager - ex-00000001: acquired ep-00000000
14:36:44.820 [ducttape-0] DEBUG com.github.dockerjava.zerodep.shaded.org.apache.hc.client5.http.impl.classic.InternalHttpClient - ex-00000001: acquired endpoint ep-00000000
14:36:44.821 [ducttape-0] DEBUG com.github.dockerjava.zerodep.shaded.org.apache.hc.client5.http.impl.classic.ConnectExec - ex-00000001: opening connection {}->npipe://localhost:2375
14:36:44.823 [ducttape-0] DEBUG com.github.dockerjava.zerodep.shaded.org.apache.hc.client5.http.impl.classic.InternalHttpClient - ep-00000000: connecting endpoint (3 MINUTES)
14:36:44.823 [ducttape-0] DEBUG com.github.dockerjava.zerodep.shaded.org.apache.hc.client5.http.impl.io.PoolingHttpClientConnectionManager - ep-00000000: connecting endpoint to npipe://localhost:2375 (3 MINUTES)
14:36:44.844 [ducttape-0] DEBUG com.github.dockerjava.zerodep.shaded.org.apache.hc.client5.http.impl.io.DefaultHttpClientConnectionOperator - http-outgoing-0: connecting to localhost/127.0.0.1:2375
14:36:44.851 [ducttape-0] DEBUG com.github.dockerjava.zerodep.shaded.org.apache.hc.client5.http.impl.io.DefaultHttpClientConnectionOperator - http-outgoing-0: connection established 
14:36:44.852 [ducttape-0] DEBUG com.github.dockerjava.zerodep.shaded.org.apache.hc.client5.http.impl.io.PoolingHttpClientConnectionManager - ep-00000000: connected http-outgoing-0
14:36:44.852 [ducttape-0] DEBUG com.github.dockerjava.zerodep.shaded.org.apache.hc.client5.http.impl.classic.InternalHttpClient - ep-00000000: endpoint connected
14:36:44.852 [ducttape-0] DEBUG com.github.dockerjava.zerodep.shaded.org.apache.hc.client5.http.impl.classic.MainClientExec - ex-00000001: executing GET /v1.32/info HTTP/1.1
14:36:44.853 [ducttape-0] DEBUG com.github.dockerjava.zerodep.shaded.org.apache.hc.client5.http.impl.classic.InternalHttpClient - ep-00000000: start execution ex-00000001
14:36:44.853 [ducttape-0] DEBUG com.github.dockerjava.zerodep.shaded.org.apache.hc.client5.http.impl.io.PoolingHttpClientConnectionManager - ep-00000000: executing exchange ex-00000001 over http-outgoing-0
14:36:44.854 [ducttape-0] DEBUG com.github.dockerjava.zerodep.shaded.org.apache.hc.client5.http.headers - http-outgoing-0 >> GET /v1.32/info HTTP/1.1
14:36:44.854 [ducttape-0] DEBUG com.github.dockerjava.zerodep.shaded.org.apache.hc.client5.http.headers - http-outgoing-0 >> Accept-Encoding: gzip, x-gzip, deflate
14:36:44.854 [ducttape-0] DEBUG com.github.dockerjava.zerodep.shaded.org.apache.hc.client5.http.headers - http-outgoing-0 >> Host: localhost:2375
14:36:44.854 [ducttape-0] DEBUG com.github.dockerjava.zerodep.shaded.org.apache.hc.client5.http.headers - http-outgoing-0 >> Connection: keep-alive
14:36:44.854 [ducttape-0] DEBUG com.github.dockerjava.zerodep.shaded.org.apache.hc.client5.http.headers - http-outgoing-0 >> User-Agent: Apache-HttpClient/5.0.3 (Java/21.0.1)
14:36:44.855 [ducttape-0] DEBUG com.github.dockerjava.zerodep.shaded.org.apache.hc.client5.http.wire - http-outgoing-0 >> "GET /v1.32/info HTTP/1.1[\r][\n]"
14:36:44.855 [ducttape-0] DEBUG com.github.dockerjava.zerodep.shaded.org.apache.hc.client5.http.wire - http-outgoing-0 >> "Accept-Encoding: gzip, x-gzip, deflate[\r][\n]"
14:36:44.855 [ducttape-0] DEBUG com.github.dockerjava.zerodep.shaded.org.apache.hc.client5.http.wire - http-outgoing-0 >> "Host: localhost:2375[\r][\n]"
14:36:44.855 [ducttape-0] DEBUG com.github.dockerjava.zerodep.shaded.org.apache.hc.client5.http.wire - http-outgoing-0 >> "Connection: keep-alive[\r][\n]"
14:36:44.855 [ducttape-0] DEBUG com.github.dockerjava.zerodep.shaded.org.apache.hc.client5.http.wire - http-outgoing-0 >> "User-Agent: Apache-HttpClient/5.0.3 (Java/21.0.1)[\r][\n]"
14:36:44.855 [ducttape-0] DEBUG com.github.dockerjava.zerodep.shaded.org.apache.hc.client5.http.wire - http-outgoing-0 >> "[\r][\n]"
14:36:44.877 [ducttape-0] DEBUG com.github.dockerjava.zerodep.shaded.org.apache.hc.client5.http.wire - http-outgoing-0 << "HTTP/1.1 200 OK[\r][\n]"
14:36:44.878 [ducttape-0] DEBUG com.github.dockerjava.zerodep.shaded.org.apache.hc.client5.http.wire - http-outgoing-0 << "Api-Version: 1.43[\r][\n]"
14:36:44.878 [ducttape-0] DEBUG com.github.dockerjava.zerodep.shaded.org.apache.hc.client5.http.wire - http-outgoing-0 << "Content-Type: application/json[\r][\n]"
14:36:44.878 [ducttape-0] DEBUG com.github.dockerjava.zerodep.shaded.org.apache.hc.client5.http.wire - http-outgoing-0 << "Date: Tue, 23 Apr 2024 12:36:44 GMT[\r][\n]"
14:36:44.878 [ducttape-0] DEBUG com.github.dockerjava.zerodep.shaded.org.apache.hc.client5.http.wire - http-outgoing-0 << "Docker-Experimental: false[\r][\n]"
14:36:44.878 [ducttape-0] DEBUG com.github.dockerjava.zerodep.shaded.org.apache.hc.client5.http.wire - http-outgoing-0 << "Ostype: linux[\r][\n]"
14:36:44.879 [ducttape-0] DEBUG com.github.dockerjava.zerodep.shaded.org.apache.hc.client5.http.wire - http-outgoing-0 << "Server: Docker/24.0.6 (linux)[\r][\n]"
14:36:44.879 [ducttape-0] DEBUG com.github.dockerjava.zerodep.shaded.org.apache.hc.client5.http.wire - http-outgoing-0 << "Transfer-Encoding: chunked[\r][\n]"
14:36:44.879 [ducttape-0] DEBUG com.github.dockerjava.zerodep.shaded.org.apache.hc.client5.http.wire - http-outgoing-0 << "[\r][\n]"
14:36:44.884 [ducttape-0] DEBUG com.github.dockerjava.zerodep.shaded.org.apache.hc.client5.http.headers - http-outgoing-0 << HTTP/1.1 200 OK
14:36:44.884 [ducttape-0] DEBUG com.github.dockerjava.zerodep.shaded.org.apache.hc.client5.http.headers - http-outgoing-0 << Api-Version: 1.43
14:36:44.885 [ducttape-0] DEBUG com.github.dockerjava.zerodep.shaded.org.apache.hc.client5.http.headers - http-outgoing-0 << Content-Type: application/json
14:36:44.885 [ducttape-0] DEBUG com.github.dockerjava.zerodep.shaded.org.apache.hc.client5.http.headers - http-outgoing-0 << Date: Tue, 23 Apr 2024 12:36:44 GMT
14:36:44.885 [ducttape-0] DEBUG com.github.dockerjava.zerodep.shaded.org.apache.hc.client5.http.headers - http-outgoing-0 << Docker-Experimental: false
14:36:44.885 [ducttape-0] DEBUG com.github.dockerjava.zerodep.shaded.org.apache.hc.client5.http.headers - http-outgoing-0 << Ostype: linux
14:36:44.885 [ducttape-0] DEBUG com.github.dockerjava.zerodep.shaded.org.apache.hc.client5.http.headers - http-outgoing-0 << Server: Docker/24.0.6 (linux)
14:36:44.885 [ducttape-0] DEBUG com.github.dockerjava.zerodep.shaded.org.apache.hc.client5.http.headers - http-outgoing-0 << Transfer-Encoding: chunked
14:36:44.892 [ducttape-0] DEBUG com.github.dockerjava.zerodep.shaded.org.apache.hc.client5.http.impl.classic.MainClientExec - ex-00000001: connection can be kept alive for 3 MINUTES
14:36:44.900 [ducttape-0] DEBUG com.github.dockerjava.zerodep.shaded.org.apache.hc.client5.http.wire - http-outgoing-0 << "aa4[\r][\n]"
14:36:44.900 [ducttape-0] DEBUG com.github.dockerjava.zerodep.shaded.org.apache.hc.client5.http.wire - http-outgoing-0 << "{"ID":"fba88e40-9c63-4290-8b03-f4376919ae02","Containers":7,"ContainersRunning":1,"ContainersPaused":0,"ContainersStopped":6,"Images":9,"Driver":"overlay2","DriverStatus":[["Backing Filesystem","extfs"],["Supports d_type","true"],["Using metacopy","false"],["Native Overlay Diff","true"],["userxattr","false"]],"Plugins":{"Volume":["local"],"Network":["bridge","host","ipvlan","macvlan","null","overlay"],"Authorization":null,"Log":["awslogs","fluentd","gcplogs","gelf","journald","json-file","local","logentries","splunk","syslog"]},"MemoryLimit":true,"SwapLimit":true,"KernelMemory":true,"KernelMemoryTCP":true,"CpuCfsPeriod":true,"CpuCfsQuota":true,"CPUShares":true,"CPUSet":true,"PidsLimit":true,"IPv4Forwarding":true,"BridgeNfIptables":true,"BridgeNfIp6tables":true,"Debug":false,"NFd":50,"OomKillDisable":true,"NGoroutines":64,"SystemTime":"2024-04-23T12:36:44.859883712Z","LoggingDriver":"json-file","CgroupDriver":"cgroupfs","CgroupVersion":"1","NEventsListener":10,"KernelVersion":"5.15.90.1-microsoft-standard-WSL2","OperatingSystem":"Docker Desktop","OSVersion":"","OSType":"linux","Architecture":"x86_64","IndexServerAddress":"https://index.docker.io/v1/","RegistryConfig":{"AllowNondistributableArtifactsCIDRs":null,"AllowNondistributableArtifactsHostnames":null,"InsecureRegistryCIDRs":["127.0.0.0/8"],"IndexConfigs":{"docker.io":{"Name":"docker.io","Mirrors":[],"Secure":true,"Official":true},"hubproxy.docker.internal:5555":{"Name":"hubproxy.docker.internal:5555","Mirrors":[],"Secure":false,"Official":false}},"Mirrors":null},"NCPU":8,"MemTotal":8195604480,"GenericResources":null,"DockerRootDir":"/var/lib/docker","HttpProxy":"http.docker.internal:3128","HttpsProxy":"http.docker.internal:3128","NoProxy":"hubproxy.docker.internal","Name":"Arsenii-Vostro-14-5410","Labels":[],"ExperimentalBuild":false,"ServerVersion":"24.0.6","Runtimes":{"io.containerd.runc.v2":{"path":"runc"},"runc":{"path":"runc"}},"DefaultRuntime":"runc","Swarm":{"NodeID":"","NodeAddr":"","LocalNodeState":"inactive","ControlAvailable":false,"Error":"","RemoteManagers":null},"LiveRestoreEnabled":false,"Isolation":"","InitBinary":"docker-init","ContainerdCommit":{"ID":"8165feabfdfe38c65b599c4993d227328c231fca","Expected":"8165feabfdfe38c65b599c4993d227328c231fca"},"RuncCommit":{"ID":"v1.1.8-0-g82f18fe","Expected":"v1.1.8-0-g82f18fe"},"InitCommit":{"ID":"de40ad0","Expected":"de40ad0"},"SecurityOptions":["name=seccomp,profile=unconfined"],"Warnings":["WARNING: No blkio throttle.read_bps_device support","WARNING: No blkio throttle.write_bps_device support","WARNING: No blkio throttle.read_iops_device support","WARNING: No blkio throttle.write_iops_device support","WARNING: daemon is not using the default seccomp profile"]}[\n]"
14:36:44.900 [ducttape-0] DEBUG com.github.dockerjava.zerodep.shaded.org.apache.hc.client5.http.wire - http-outgoing-0 << "[\r][\n]"
14:36:44.900 [ducttape-0] DEBUG com.github.dockerjava.zerodep.shaded.org.apache.hc.client5.http.wire - http-outgoing-0 << "0[\r][\n]"
14:36:44.900 [ducttape-0] DEBUG com.github.dockerjava.zerodep.shaded.org.apache.hc.client5.http.wire - http-outgoing-0 << "[\r][\n]"
14:36:45.117 [ducttape-0] DEBUG com.github.dockerjava.zerodep.shaded.org.apache.hc.client5.http.impl.classic.InternalHttpClient - ep-00000000: releasing valid endpoint
14:36:45.117 [ducttape-0] DEBUG com.github.dockerjava.zerodep.shaded.org.apache.hc.client5.http.impl.io.PoolingHttpClientConnectionManager - ep-00000000: releasing endpoint
14:36:45.117 [ducttape-0] DEBUG com.github.dockerjava.zerodep.shaded.org.apache.hc.client5.http.impl.io.PoolingHttpClientConnectionManager - ep-00000000: connection http-outgoing-0 can be kept alive for 3 MINUTES
14:36:45.118 [ducttape-0] DEBUG com.github.dockerjava.zerodep.shaded.org.apache.hc.client5.http.impl.io.PoolingHttpClientConnectionManager - ep-00000000: connection released [route: {}->npipe://localhost:2375][total available: 1; route allocated: 1 of 2147483647; total allocated: 1 of 2147483647]
14:36:45.119 [main] INFO org.testcontainers.dockerclient.DockerClientProviderStrategy - Found Docker environment with local Npipe socket (npipe:////./pipe/docker_engine)
14:36:45.119 [main] DEBUG org.testcontainers.dockerclient.DockerClientProviderStrategy - Transport type: 'httpclient5', Docker host: 'npipe:////./pipe/docker_engine'
14:36:45.119 [main] DEBUG org.testcontainers.dockerclient.DockerClientProviderStrategy - Checking Docker OS type for local Npipe socket (npipe:////./pipe/docker_engine)
14:36:45.120 [main] INFO org.testcontainers.DockerClientFactory - Docker host IP address is localhost
14:36:45.122 [main] DEBUG org.testcontainers.shaded.com.github.dockerjava.core.command.AbstrDockerCmd - Cmd: 
14:36:45.122 [main] DEBUG com.github.dockerjava.zerodep.shaded.org.apache.hc.client5.http.impl.classic.InternalHttpClient - ex-00000002: preparing request execution
14:36:45.123 [main] DEBUG com.github.dockerjava.zerodep.shaded.org.apache.hc.client5.http.protocol.RequestAddCookies - Cookie spec selected: strict
14:36:45.123 [main] DEBUG com.github.dockerjava.zerodep.shaded.org.apache.hc.client5.http.protocol.RequestAuthCache - Auth cache not set in the context
14:36:45.123 [main] DEBUG com.github.dockerjava.zerodep.shaded.org.apache.hc.client5.http.impl.classic.ProtocolExec - ex-00000002: target auth state: UNCHALLENGED
14:36:45.123 [main] DEBUG com.github.dockerjava.zerodep.shaded.org.apache.hc.client5.http.impl.classic.ProtocolExec - ex-00000002: proxy auth state: UNCHALLENGED
14:36:45.123 [main] DEBUG com.github.dockerjava.zerodep.shaded.org.apache.hc.client5.http.impl.classic.ConnectExec - ex-00000002: acquiring connection with route {}->npipe://localhost:2375
14:36:45.123 [main] DEBUG com.github.dockerjava.zerodep.shaded.org.apache.hc.client5.http.impl.classic.InternalHttpClient - ex-00000002: acquiring endpoint (3 MINUTES)
14:36:45.123 [main] DEBUG com.github.dockerjava.zerodep.shaded.org.apache.hc.client5.http.impl.io.PoolingHttpClientConnectionManager - ex-00000002: endpoint lease request (3 MINUTES) [route: {}->npipe://localhost:2375][total available: 1; route allocated: 1 of 2147483647; total allocated: 1 of 2147483647]
14:36:45.124 [main] DEBUG com.github.dockerjava.zerodep.shaded.org.apache.hc.client5.http.impl.io.PoolingHttpClientConnectionManager - ex-00000002: endpoint leased [route: {}->npipe://localhost:2375][total available: 0; route allocated: 1 of 2147483647; total allocated: 1 of 2147483647]
14:36:45.124 [main] DEBUG com.github.dockerjava.zerodep.shaded.org.apache.hc.client5.http.impl.io.PoolingHttpClientConnectionManager - ex-00000002: acquired ep-00000001
14:36:45.124 [main] DEBUG com.github.dockerjava.zerodep.shaded.org.apache.hc.client5.http.impl.classic.InternalHttpClient - ex-00000002: acquired endpoint ep-00000001
14:36:45.124 [main] DEBUG com.github.dockerjava.zerodep.shaded.org.apache.hc.client5.http.impl.classic.MainClientExec - ex-00000002: executing GET /v1.32/info HTTP/1.1
14:36:45.124 [main] DEBUG com.github.dockerjava.zerodep.shaded.org.apache.hc.client5.http.impl.classic.InternalHttpClient - ep-00000001: start execution ex-00000002
14:36:45.124 [main] DEBUG com.github.dockerjava.zerodep.shaded.org.apache.hc.client5.http.impl.io.PoolingHttpClientConnectionManager - ep-00000001: executing exchange ex-00000002 over http-outgoing-0
14:36:45.124 [main] DEBUG com.github.dockerjava.zerodep.shaded.org.apache.hc.client5.http.headers - http-outgoing-0 >> GET /v1.32/info HTTP/1.1
14:36:45.124 [main] DEBUG com.github.dockerjava.zerodep.shaded.org.apache.hc.client5.http.headers - http-outgoing-0 >> Accept-Encoding: gzip, x-gzip, deflate
14:36:45.125 [main] DEBUG com.github.dockerjava.zerodep.shaded.org.apache.hc.client5.http.headers - http-outgoing-0 >> Host: localhost:2375
14:36:45.125 [main] DEBUG com.github.dockerjava.zerodep.shaded.org.apache.hc.client5.http.headers - http-outgoing-0 >> Connection: keep-alive
14:36:45.125 [main] DEBUG com.github.dockerjava.zerodep.shaded.org.apache.hc.client5.http.headers - http-outgoing-0 >> User-Agent: Apache-HttpClient/5.0.3 (Java/21.0.1)
14:36:45.125 [main] DEBUG com.github.dockerjava.zerodep.shaded.org.apache.hc.client5.http.wire - http-outgoing-0 >> "GET /v1.32/info HTTP/1.1[\r][\n]"
14:36:45.125 [main] DEBUG com.github.dockerjava.zerodep.shaded.org.apache.hc.client5.http.wire - http-outgoing-0 >> "Accept-Encoding: gzip, x-gzip, deflate[\r][\n]"
14:36:45.125 [main] DEBUG com.github.dockerjava.zerodep.shaded.org.apache.hc.client5.http.wire - http-outgoing-0 >> "Host: localhost:2375[\r][\n]"
14:36:45.125 [main] DEBUG com.github.dockerjava.zerodep.shaded.org.apache.hc.client5.http.wire - http-outgoing-0 >> "Connection: keep-alive[\r][\n]"
14:36:45.125 [main] DEBUG com.github.dockerjava.zerodep.shaded.org.apache.hc.client5.http.wire - http-outgoing-0 >> "User-Agent: Apache-HttpClient/5.0.3 (Java/21.0.1)[\r][\n]"
14:36:45.125 [main] DEBUG com.github.dockerjava.zerodep.shaded.org.apache.hc.client5.http.wire - http-outgoing-0 >> "[\r][\n]"
14:36:45.139 [main] DEBUG com.github.dockerjava.zerodep.shaded.org.apache.hc.client5.http.wire - http-outgoing-0 << "HTTP/1.1 200 OK[\r][\n]"
14:36:45.139 [main] DEBUG com.github.dockerjava.zerodep.shaded.org.apache.hc.client5.http.wire - http-outgoing-0 << "Api-Version: 1.43[\r][\n]"
14:36:45.139 [main] DEBUG com.github.dockerjava.zerodep.shaded.org.apache.hc.client5.http.wire - http-outgoing-0 << "Content-Type: application/json[\r][\n]"
14:36:45.139 [main] DEBUG com.github.dockerjava.zerodep.shaded.org.apache.hc.client5.http.wire - http-outgoing-0 << "Date: Tue, 23 Apr 2024 12:36:45 GMT[\r][\n]"
14:36:45.140 [main] DEBUG com.github.dockerjava.zerodep.shaded.org.apache.hc.client5.http.wire - http-outgoing-0 << "Docker-Experimental: false[\r][\n]"
14:36:45.140 [main] DEBUG com.github.dockerjava.zerodep.shaded.org.apache.hc.client5.http.wire - http-outgoing-0 << "Ostype: linux[\r][\n]"
14:36:45.140 [main] DEBUG com.github.dockerjava.zerodep.shaded.org.apache.hc.client5.http.wire - http-outgoing-0 << "Server: Docker/24.0.6 (linux)[\r][\n]"
14:36:45.140 [main] DEBUG com.github.dockerjava.zerodep.shaded.org.apache.hc.client5.http.wire - http-outgoing-0 << "Transfer-Encoding: chunked[\r][\n]"
14:36:45.140 [main] DEBUG com.github.dockerjava.zerodep.shaded.org.apache.hc.client5.http.wire - http-outgoing-0 << "[\r][\n]"
14:36:45.140 [main] DEBUG com.github.dockerjava.zerodep.shaded.org.apache.hc.client5.http.headers - http-outgoing-0 << HTTP/1.1 200 OK
14:36:45.140 [main] DEBUG com.github.dockerjava.zerodep.shaded.org.apache.hc.client5.http.headers - http-outgoing-0 << Api-Version: 1.43
14:36:45.140 [main] DEBUG com.github.dockerjava.zerodep.shaded.org.apache.hc.client5.http.headers - http-outgoing-0 << Content-Type: application/json
14:36:45.141 [main] DEBUG com.github.dockerjava.zerodep.shaded.org.apache.hc.client5.http.headers - http-outgoing-0 << Date: Tue, 23 Apr 2024 12:36:45 GMT
14:36:45.141 [main] DEBUG com.github.dockerjava.zerodep.shaded.org.apache.hc.client5.http.headers - http-outgoing-0 << Docker-Experimental: false
14:36:45.141 [main] DEBUG com.github.dockerjava.zerodep.shaded.org.apache.hc.client5.http.headers - http-outgoing-0 << Ostype: linux
14:36:45.141 [main] DEBUG com.github.dockerjava.zerodep.shaded.org.apache.hc.client5.http.headers - http-outgoing-0 << Server: Docker/24.0.6 (linux)
14:36:45.141 [main] DEBUG com.github.dockerjava.zerodep.shaded.org.apache.hc.client5.http.headers - http-outgoing-0 << Transfer-Encoding: chunked
14:36:45.141 [main] DEBUG com.github.dockerjava.zerodep.shaded.org.apache.hc.client5.http.impl.classic.MainClientExec - ex-00000002: connection can be kept alive for 3 MINUTES
14:36:45.142 [main] DEBUG com.github.dockerjava.zerodep.shaded.org.apache.hc.client5.http.wire - http-outgoing-0 << "aa4[\r][\n]"
14:36:45.143 [main] DEBUG com.github.dockerjava.zerodep.shaded.org.apache.hc.client5.http.wire - http-outgoing-0 << "{"ID":"fba88e40-9c63-4290-8b03-f4376919ae02","Containers":7,"ContainersRunning":1,"ContainersPaused":0,"ContainersStopped":6,"Images":9,"Driver":"overlay2","DriverStatus":[["Backing Filesystem","extfs"],["Supports d_type","true"],["Using metacopy","false"],["Native Overlay Diff","true"],["userxattr","false"]],"Plugins":{"Volume":["local"],"Network":["bridge","host","ipvlan","macvlan","null","overlay"],"Authorization":null,"Log":["awslogs","fluentd","gcplogs","gelf","journald","json-file","local","logentries","splunk","syslog"]},"MemoryLimit":true,"SwapLimit":true,"KernelMemory":true,"KernelMemoryTCP":true,"CpuCfsPeriod":true,"CpuCfsQuota":true,"CPUShares":true,"CPUSet":true,"PidsLimit":true,"IPv4Forwarding":true,"BridgeNfIptables":true,"BridgeNfIp6tables":true,"Debug":false,"NFd":50,"OomKillDisable":true,"NGoroutines":64,"SystemTime":"2024-04-23T12:36:45.130029622Z","LoggingDriver":"json-file","CgroupDriver":"cgroupfs","CgroupVersion":"1","NEventsListener":10,"KernelVersion":"5.15.90.1-microsoft-standard-WSL2","OperatingSystem":"Docker Desktop","OSVersion":"","OSType":"linux","Architecture":"x86_64","IndexServerAddress":"https://index.docker.io/v1/","RegistryConfig":{"AllowNondistributableArtifactsCIDRs":null,"AllowNondistributableArtifactsHostnames":null,"InsecureRegistryCIDRs":["127.0.0.0/8"],"IndexConfigs":{"docker.io":{"Name":"docker.io","Mirrors":[],"Secure":true,"Official":true},"hubproxy.docker.internal:5555":{"Name":"hubproxy.docker.internal:5555","Mirrors":[],"Secure":false,"Official":false}},"Mirrors":null},"NCPU":8,"MemTotal":8195604480,"GenericResources":null,"DockerRootDir":"/var/lib/docker","HttpProxy":"http.docker.internal:3128","HttpsProxy":"http.docker.internal:3128","NoProxy":"hubproxy.docker.internal","Name":"Arsenii-Vostro-14-5410","Labels":[],"ExperimentalBuild":false,"ServerVersion":"24.0.6","Runtimes":{"io.containerd.runc.v2":{"path":"runc"},"runc":{"path":"runc"}},"DefaultRuntime":"runc","Swarm":{"NodeID":"","NodeAddr":"","LocalNodeState":"inactive","ControlAvailable":false,"Error":"","RemoteManagers":null},"LiveRestoreEnabled":false,"Isolation":"","InitBinary":"docker-init","ContainerdCommit":{"ID":"8165feabfdfe38c65b599c4993d227328c231fca","Expected":"8165feabfdfe38c65b599c4993d227328c231fca"},"RuncCommit":{"ID":"v1.1.8-0-g82f18fe","Expected":"v1.1.8-0-g82f18fe"},"InitCommit":{"ID":"de40ad0","Expected":"de40ad0"},"SecurityOptions":["name=seccomp,profile=unconfined"],"Warnings":["WARNING: No blkio throttle.read_bps_device support","WARNING: No blkio throttle.write_bps_device support","WARNING: No blkio throttle.read_iops_device support","WARNING: No blkio throttle.write_iops_device support","WARNING: daemon is not using the default seccomp profile"]}[\n]"
14:36:45.143 [main] DEBUG com.github.dockerjava.zerodep.shaded.org.apache.hc.client5.http.wire - http-outgoing-0 << "[\r][\n]"
14:36:45.143 [main] DEBUG com.github.dockerjava.zerodep.shaded.org.apache.hc.client5.http.wire - http-outgoing-0 << "0[\r][\n]"
14:36:45.143 [main] DEBUG com.github.dockerjava.zerodep.shaded.org.apache.hc.client5.http.wire - http-outgoing-0 << "[\r][\n]"
14:36:45.147 [main] DEBUG com.github.dockerjava.zerodep.shaded.org.apache.hc.client5.http.impl.classic.InternalHttpClient - ep-00000001: releasing valid endpoint
14:36:45.147 [main] DEBUG com.github.dockerjava.zerodep.shaded.org.apache.hc.client5.http.impl.io.PoolingHttpClientConnectionManager - ep-00000001: releasing endpoint
14:36:45.147 [main] DEBUG com.github.dockerjava.zerodep.shaded.org.apache.hc.client5.http.impl.io.PoolingHttpClientConnectionManager - ep-00000001: connection http-outgoing-0 can be kept alive for 3 MINUTES
14:36:45.147 [main] DEBUG com.github.dockerjava.zerodep.shaded.org.apache.hc.client5.http.impl.io.PoolingHttpClientConnectionManager - ep-00000001: connection released [route: {}->npipe://localhost:2375][total available: 1; route allocated: 1 of 2147483647; total allocated: 1 of 2147483647]
14:36:45.150 [main] DEBUG org.testcontainers.shaded.com.github.dockerjava.core.command.AbstrDockerCmd - Cmd: 
14:36:45.152 [main] DEBUG com.github.dockerjava.zerodep.shaded.org.apache.hc.client5.http.impl.classic.InternalHttpClient - ex-00000003: preparing request execution
14:36:45.152 [main] DEBUG com.github.dockerjava.zerodep.shaded.org.apache.hc.client5.http.protocol.RequestAddCookies - Cookie spec selected: strict
14:36:45.152 [main] DEBUG com.github.dockerjava.zerodep.shaded.org.apache.hc.client5.http.protocol.RequestAuthCache - Auth cache not set in the context
14:36:45.152 [main] DEBUG com.github.dockerjava.zerodep.shaded.org.apache.hc.client5.http.impl.classic.ProtocolExec - ex-00000003: target auth state: UNCHALLENGED
14:36:45.152 [main] DEBUG com.github.dockerjava.zerodep.shaded.org.apache.hc.client5.http.impl.classic.ProtocolExec - ex-00000003: proxy auth state: UNCHALLENGED
14:36:45.152 [main] DEBUG com.github.dockerjava.zerodep.shaded.org.apache.hc.client5.http.impl.classic.ConnectExec - ex-00000003: acquiring connection with route {}->npipe://localhost:2375
14:36:45.152 [main] DEBUG com.github.dockerjava.zerodep.shaded.org.apache.hc.client5.http.impl.classic.InternalHttpClient - ex-00000003: acquiring endpoint (3 MINUTES)
14:36:45.153 [main] DEBUG com.github.dockerjava.zerodep.shaded.org.apache.hc.client5.http.impl.io.PoolingHttpClientConnectionManager - ex-00000003: endpoint lease request (3 MINUTES) [route: {}->npipe://localhost:2375][total available: 1; route allocated: 1 of 2147483647; total allocated: 1 of 2147483647]
14:36:45.153 [main] DEBUG com.github.dockerjava.zerodep.shaded.org.apache.hc.client5.http.impl.io.PoolingHttpClientConnectionManager - ex-00000003: endpoint leased [route: {}->npipe://localhost:2375][total available: 0; route allocated: 1 of 2147483647; total allocated: 1 of 2147483647]
14:36:45.153 [main] DEBUG com.github.dockerjava.zerodep.shaded.org.apache.hc.client5.http.impl.io.PoolingHttpClientConnectionManager - ex-00000003: acquired ep-00000002
14:36:45.153 [main] DEBUG com.github.dockerjava.zerodep.shaded.org.apache.hc.client5.http.impl.classic.InternalHttpClient - ex-00000003: acquired endpoint ep-00000002
14:36:45.153 [main] DEBUG com.github.dockerjava.zerodep.shaded.org.apache.hc.client5.http.impl.classic.MainClientExec - ex-00000003: executing GET /v1.32/version HTTP/1.1
14:36:45.153 [main] DEBUG com.github.dockerjava.zerodep.shaded.org.apache.hc.client5.http.impl.classic.InternalHttpClient - ep-00000002: start execution ex-00000003
14:36:45.154 [main] DEBUG com.github.dockerjava.zerodep.shaded.org.apache.hc.client5.http.impl.io.PoolingHttpClientConnectionManager - ep-00000002: executing exchange ex-00000003 over http-outgoing-0
14:36:45.154 [main] DEBUG com.github.dockerjava.zerodep.shaded.org.apache.hc.client5.http.headers - http-outgoing-0 >> GET /v1.32/version HTTP/1.1
14:36:45.154 [main] DEBUG com.github.dockerjava.zerodep.shaded.org.apache.hc.client5.http.headers - http-outgoing-0 >> accept: application/json
14:36:45.155 [main] DEBUG com.github.dockerjava.zerodep.shaded.org.apache.hc.client5.http.headers - http-outgoing-0 >> Accept-Encoding: gzip, x-gzip, deflate
14:36:45.155 [main] DEBUG com.github.dockerjava.zerodep.shaded.org.apache.hc.client5.http.headers - http-outgoing-0 >> Host: localhost:2375
14:36:45.155 [main] DEBUG com.github.dockerjava.zerodep.shaded.org.apache.hc.client5.http.headers - http-outgoing-0 >> Connection: keep-alive
14:36:45.155 [main] DEBUG com.github.dockerjava.zerodep.shaded.org.apache.hc.client5.http.headers - http-outgoing-0 >> User-Agent: Apache-HttpClient/5.0.3 (Java/21.0.1)
14:36:45.155 [main] DEBUG com.github.dockerjava.zerodep.shaded.org.apache.hc.client5.http.wire - http-outgoing-0 >> "GET /v1.32/version HTTP/1.1[\r][\n]"
14:36:45.155 [main] DEBUG com.github.dockerjava.zerodep.shaded.org.apache.hc.client5.http.wire - http-outgoing-0 >> "accept: application/json[\r][\n]"
14:36:45.155 [main] DEBUG com.github.dockerjava.zerodep.shaded.org.apache.hc.client5.http.wire - http-outgoing-0 >> "Accept-Encoding: gzip, x-gzip, deflate[\r][\n]"
14:36:45.155 [main] DEBUG com.github.dockerjava.zerodep.shaded.org.apache.hc.client5.http.wire - http-outgoing-0 >> "Host: localhost:2375[\r][\n]"
14:36:45.155 [main] DEBUG com.github.dockerjava.zerodep.shaded.org.apache.hc.client5.http.wire - http-outgoing-0 >> "Connection: keep-alive[\r][\n]"
14:36:45.155 [main] DEBUG com.github.dockerjava.zerodep.shaded.org.apache.hc.client5.http.wire - http-outgoing-0 >> "User-Agent: Apache-HttpClient/5.0.3 (Java/21.0.1)[\r][\n]"
14:36:45.155 [main] DEBUG com.github.dockerjava.zerodep.shaded.org.apache.hc.client5.http.wire - http-outgoing-0 >> "[\r][\n]"
14:36:45.168 [main] DEBUG com.github.dockerjava.zerodep.shaded.org.apache.hc.client5.http.wire - http-outgoing-0 << "HTTP/1.1 200 OK[\r][\n]"
14:36:45.168 [main] DEBUG com.github.dockerjava.zerodep.shaded.org.apache.hc.client5.http.wire - http-outgoing-0 << "Api-Version: 1.43[\r][\n]"
14:36:45.169 [main] DEBUG com.github.dockerjava.zerodep.shaded.org.apache.hc.client5.http.wire - http-outgoing-0 << "Content-Type: application/json[\r][\n]"
14:36:45.169 [main] DEBUG com.github.dockerjava.zerodep.shaded.org.apache.hc.client5.http.wire - http-outgoing-0 << "Date: Tue, 23 Apr 2024 12:36:45 GMT[\r][\n]"
14:36:45.169 [main] DEBUG com.github.dockerjava.zerodep.shaded.org.apache.hc.client5.http.wire - http-outgoing-0 << "Docker-Experimental: false[\r][\n]"
14:36:45.169 [main] DEBUG com.github.dockerjava.zerodep.shaded.org.apache.hc.client5.http.wire - http-outgoing-0 << "Ostype: linux[\r][\n]"
14:36:45.169 [main] DEBUG com.github.dockerjava.zerodep.shaded.org.apache.hc.client5.http.wire - http-outgoing-0 << "Server: Docker/24.0.6 (linux)[\r][\n]"
14:36:45.169 [main] DEBUG com.github.dockerjava.zerodep.shaded.org.apache.hc.client5.http.wire - http-outgoing-0 << "Transfer-Encoding: chunked[\r][\n]"
14:36:45.170 [main] DEBUG com.github.dockerjava.zerodep.shaded.org.apache.hc.client5.http.wire - http-outgoing-0 << "[\r][\n]"
14:36:45.170 [main] DEBUG com.github.dockerjava.zerodep.shaded.org.apache.hc.client5.http.headers - http-outgoing-0 << HTTP/1.1 200 OK
14:36:45.170 [main] DEBUG com.github.dockerjava.zerodep.shaded.org.apache.hc.client5.http.headers - http-outgoing-0 << Api-Version: 1.43
14:36:45.170 [main] DEBUG com.github.dockerjava.zerodep.shaded.org.apache.hc.client5.http.headers - http-outgoing-0 << Content-Type: application/json
14:36:45.170 [main] DEBUG com.github.dockerjava.zerodep.shaded.org.apache.hc.client5.http.headers - http-outgoing-0 << Date: Tue, 23 Apr 2024 12:36:45 GMT
14:36:45.170 [main] DEBUG com.github.dockerjava.zerodep.shaded.org.apache.hc.client5.http.headers - http-outgoing-0 << Docker-Experimental: false
14:36:45.170 [main] DEBUG com.github.dockerjava.zerodep.shaded.org.apache.hc.client5.http.headers - http-outgoing-0 << Ostype: linux
14:36:45.170 [main] DEBUG com.github.dockerjava.zerodep.shaded.org.apache.hc.client5.http.headers - http-outgoing-0 << Server: Docker/24.0.6 (linux)
14:36:45.170 [main] DEBUG com.github.dockerjava.zerodep.shaded.org.apache.hc.client5.http.headers - http-outgoing-0 << Transfer-Encoding: chunked
14:36:45.170 [main] DEBUG com.github.dockerjava.zerodep.shaded.org.apache.hc.client5.http.impl.classic.MainClientExec - ex-00000003: connection can be kept alive for 3 MINUTES
14:36:45.171 [main] DEBUG com.github.dockerjava.zerodep.shaded.org.apache.hc.client5.http.wire - http-outgoing-0 << "35b[\r][\n]"
14:36:45.171 [main] DEBUG com.github.dockerjava.zerodep.shaded.org.apache.hc.client5.http.wire - http-outgoing-0 << "{"Platform":{"Name":"Docker Desktop 4.25.0 (126437)"},"Components":[{"Name":"Engine","Version":"24.0.6","Details":{"ApiVersion":"1.43","Arch":"amd64","BuildTime":"2023-09-04T12:32:16.000000000+00:00","Experimental":"false","GitCommit":"1a79695","GoVersion":"go1.20.7","KernelVersion":"5.15.90.1-microsoft-standard-WSL2","MinAPIVersion":"1.12","Os":"linux"}},{"Name":"containerd","Version":"1.6.22","Details":{"GitCommit":"8165feabfdfe38c65b599c4993d227328c231fca"}},{"Name":"runc","Version":"1.1.8","Details":{"GitCommit":"v1.1.8-0-g82f18fe"}},{"Name":"docker-init","Version":"0.19.0","Details":{"GitCommit":"de40ad0"}}],"Version":"24.0.6","ApiVersion":"1.43","MinAPIVersion":"1.12","GitCommit":"1a79695","GoVersion":"go1.20.7","Os":"linux","Arch":"amd64","KernelVersion":"5.15.90.1-microsoft-standard-WSL2","BuildTime":"2023-09-04T12:32:16.000000000+00:00"}[\n]"
14:36:45.171 [main] DEBUG com.github.dockerjava.zerodep.shaded.org.apache.hc.client5.http.wire - http-outgoing-0 << "[\r][\n]"
14:36:45.171 [main] DEBUG com.github.dockerjava.zerodep.shaded.org.apache.hc.client5.http.wire - http-outgoing-0 << "0[\r][\n]"
14:36:45.171 [main] DEBUG com.github.dockerjava.zerodep.shaded.org.apache.hc.client5.http.wire - http-outgoing-0 << "[\r][\n]"
14:36:45.184 [main] DEBUG com.github.dockerjava.zerodep.shaded.org.apache.hc.client5.http.impl.classic.InternalHttpClient - ep-00000002: releasing valid endpoint
14:36:45.184 [main] DEBUG com.github.dockerjava.zerodep.shaded.org.apache.hc.client5.http.impl.io.PoolingHttpClientConnectionManager - ep-00000002: releasing endpoint
14:36:45.184 [main] DEBUG com.github.dockerjava.zerodep.shaded.org.apache.hc.client5.http.impl.io.PoolingHttpClientConnectionManager - ep-00000002: connection http-outgoing-0 can be kept alive for 3 MINUTES
14:36:45.184 [main] DEBUG com.github.dockerjava.zerodep.shaded.org.apache.hc.client5.http.impl.io.PoolingHttpClientConnectionManager - ep-00000002: connection released [route: {}->npipe://localhost:2375][total available: 1; route allocated: 1 of 2147483647; total allocated: 1 of 2147483647]
14:36:45.186 [main] INFO org.testcontainers.DockerClientFactory - Connected to docker: 
  Server Version: 24.0.6
  API Version: 1.43
  Operating System: Docker Desktop
  Total Memory: 7815 MB
14:36:45.186 [main] DEBUG org.testcontainers.DockerClientFactory - Ryuk is enabled
14:36:45.190 [main] INFO org.testcontainers.utility.ImageNameSubstitutor - Image name substitution will be performed by: DefaultImageNameSubstitutor (composite of 'ConfigurationFileImageNameSubstitutor' and 'PrefixingImageNameSubstitutor')
14:36:45.193 [main] DEBUG org.testcontainers.utility.PrefixingImageNameSubstitutor - No prefix is configured
14:36:45.193 [main] DEBUG org.testcontainers.utility.ImageNameSubstitutor - Did not find a substitute image for testcontainers/ryuk:0.3.1 (using image substitutor: DefaultImageNameSubstitutor (composite of 'ConfigurationFileImageNameSubstitutor' and 'PrefixingImageNameSubstitutor'))
14:36:45.195 [main] DEBUG org.testcontainers.shaded.com.github.dockerjava.core.command.AbstrDockerCmd - Cmd: testcontainers/ryuk:0.3.1
14:36:45.202 [main] DEBUG com.github.dockerjava.zerodep.shaded.org.apache.hc.client5.http.impl.classic.InternalHttpClient - ex-00000004: preparing request execution
14:36:45.202 [main] DEBUG com.github.dockerjava.zerodep.shaded.org.apache.hc.client5.http.protocol.RequestAddCookies - Cookie spec selected: strict
14:36:45.203 [main] DEBUG com.github.dockerjava.zerodep.shaded.org.apache.hc.client5.http.protocol.RequestAuthCache - Auth cache not set in the context
14:36:45.203 [main] DEBUG com.github.dockerjava.zerodep.shaded.org.apache.hc.client5.http.impl.classic.ProtocolExec - ex-00000004: target auth state: UNCHALLENGED
14:36:45.203 [main] DEBUG com.github.dockerjava.zerodep.shaded.org.apache.hc.client5.http.impl.classic.ProtocolExec - ex-00000004: proxy auth state: UNCHALLENGED
14:36:45.203 [main] DEBUG com.github.dockerjava.zerodep.shaded.org.apache.hc.client5.http.impl.classic.ConnectExec - ex-00000004: acquiring connection with route {}->npipe://localhost:2375
14:36:45.203 [main] DEBUG com.github.dockerjava.zerodep.shaded.org.apache.hc.client5.http.impl.classic.InternalHttpClient - ex-00000004: acquiring endpoint (3 MINUTES)
14:36:45.203 [main] DEBUG com.github.dockerjava.zerodep.shaded.org.apache.hc.client5.http.impl.io.PoolingHttpClientConnectionManager - ex-00000004: endpoint lease request (3 MINUTES) [route: {}->npipe://localhost:2375][total available: 1; route allocated: 1 of 2147483647; total allocated: 1 of 2147483647]
14:36:45.203 [main] DEBUG com.github.dockerjava.zerodep.shaded.org.apache.hc.client5.http.impl.io.PoolingHttpClientConnectionManager - ex-00000004: endpoint leased [route: {}->npipe://localhost:2375][total available: 0; route allocated: 1 of 2147483647; total allocated: 1 of 2147483647]
14:36:45.204 [main] DEBUG com.github.dockerjava.zerodep.shaded.org.apache.hc.client5.http.impl.io.PoolingHttpClientConnectionManager - ex-00000004: acquired ep-00000003
14:36:45.204 [main] DEBUG com.github.dockerjava.zerodep.shaded.org.apache.hc.client5.http.impl.classic.InternalHttpClient - ex-00000004: acquired endpoint ep-00000003
14:36:45.204 [main] DEBUG com.github.dockerjava.zerodep.shaded.org.apache.hc.client5.http.impl.classic.MainClientExec - ex-00000004: executing GET /v1.32/images/testcontainers%2Fryuk:0.3.1/json HTTP/1.1
14:36:45.204 [main] DEBUG com.github.dockerjava.zerodep.shaded.org.apache.hc.client5.http.impl.classic.InternalHttpClient - ep-00000003: start execution ex-00000004
14:36:45.204 [main] DEBUG com.github.dockerjava.zerodep.shaded.org.apache.hc.client5.http.impl.io.PoolingHttpClientConnectionManager - ep-00000003: executing exchange ex-00000004 over http-outgoing-0
14:36:45.204 [main] DEBUG com.github.dockerjava.zerodep.shaded.org.apache.hc.client5.http.headers - http-outgoing-0 >> GET /v1.32/images/testcontainers%2Fryuk:0.3.1/json HTTP/1.1
14:36:45.204 [main] DEBUG com.github.dockerjava.zerodep.shaded.org.apache.hc.client5.http.headers - http-outgoing-0 >> accept: application/json
14:36:45.204 [main] DEBUG com.github.dockerjava.zerodep.shaded.org.apache.hc.client5.http.headers - http-outgoing-0 >> Accept-Encoding: gzip, x-gzip, deflate
14:36:45.204 [main] DEBUG com.github.dockerjava.zerodep.shaded.org.apache.hc.client5.http.headers - http-outgoing-0 >> Host: localhost:2375
14:36:45.205 [main] DEBUG com.github.dockerjava.zerodep.shaded.org.apache.hc.client5.http.headers - http-outgoing-0 >> Connection: keep-alive
14:36:45.205 [main] DEBUG com.github.dockerjava.zerodep.shaded.org.apache.hc.client5.http.headers - http-outgoing-0 >> User-Agent: Apache-HttpClient/5.0.3 (Java/21.0.1)
14:36:45.205 [main] DEBUG com.github.dockerjava.zerodep.shaded.org.apache.hc.client5.http.wire - http-outgoing-0 >> "GET /v1.32/images/testcontainers%2Fryuk:0.3.1/json HTTP/1.1[\r][\n]"
14:36:45.205 [main] DEBUG com.github.dockerjava.zerodep.shaded.org.apache.hc.client5.http.wire - http-outgoing-0 >> "accept: application/json[\r][\n]"
14:36:45.205 [main] DEBUG com.github.dockerjava.zerodep.shaded.org.apache.hc.client5.http.wire - http-outgoing-0 >> "Accept-Encoding: gzip, x-gzip, deflate[\r][\n]"
14:36:45.205 [main] DEBUG com.github.dockerjava.zerodep.shaded.org.apache.hc.client5.http.wire - http-outgoing-0 >> "Host: localhost:2375[\r][\n]"
14:36:45.205 [main] DEBUG com.github.dockerjava.zerodep.shaded.org.apache.hc.client5.http.wire - http-outgoing-0 >> "Connection: keep-alive[\r][\n]"
14:36:45.205 [main] DEBUG com.github.dockerjava.zerodep.shaded.org.apache.hc.client5.http.wire - http-outgoing-0 >> "User-Agent: Apache-HttpClient/5.0.3 (Java/21.0.1)[\r][\n]"
14:36:45.205 [main] DEBUG com.github.dockerjava.zerodep.shaded.org.apache.hc.client5.http.wire - http-outgoing-0 >> "[\r][\n]"
14:36:45.214 [main] DEBUG com.github.dockerjava.zerodep.shaded.org.apache.hc.client5.http.wire - http-outgoing-0 << "HTTP/1.1 200 OK[\r][\n]"
14:36:45.214 [main] DEBUG com.github.dockerjava.zerodep.shaded.org.apache.hc.client5.http.wire - http-outgoing-0 << "Api-Version: 1.43[\r][\n]"
14:36:45.214 [main] DEBUG com.github.dockerjava.zerodep.shaded.org.apache.hc.client5.http.wire - http-outgoing-0 << "Content-Type: application/json[\r][\n]"
14:36:45.214 [main] DEBUG com.github.dockerjava.zerodep.shaded.org.apache.hc.client5.http.wire - http-outgoing-0 << "Date: Tue, 23 Apr 2024 12:36:45 GMT[\r][\n]"
14:36:45.214 [main] DEBUG com.github.dockerjava.zerodep.shaded.org.apache.hc.client5.http.wire - http-outgoing-0 << "Docker-Experimental: false[\r][\n]"
14:36:45.214 [main] DEBUG com.github.dockerjava.zerodep.shaded.org.apache.hc.client5.http.wire - http-outgoing-0 << "Ostype: linux[\r][\n]"
14:36:45.214 [main] DEBUG com.github.dockerjava.zerodep.shaded.org.apache.hc.client5.http.wire - http-outgoing-0 << "Server: Docker/24.0.6 (linux)[\r][\n]"
14:36:45.214 [main] DEBUG com.github.dockerjava.zerodep.shaded.org.apache.hc.client5.http.wire - http-outgoing-0 << "Transfer-Encoding: chunked[\r][\n]"
14:36:45.215 [main] DEBUG com.github.dockerjava.zerodep.shaded.org.apache.hc.client5.http.wire - http-outgoing-0 << "[\r][\n]"
14:36:45.215 [main] DEBUG com.github.dockerjava.zerodep.shaded.org.apache.hc.client5.http.headers - http-outgoing-0 << HTTP/1.1 200 OK
14:36:45.215 [main] DEBUG com.github.dockerjava.zerodep.shaded.org.apache.hc.client5.http.headers - http-outgoing-0 << Api-Version: 1.43
14:36:45.215 [main] DEBUG com.github.dockerjava.zerodep.shaded.org.apache.hc.client5.http.headers - http-outgoing-0 << Content-Type: application/json
14:36:45.215 [main] DEBUG com.github.dockerjava.zerodep.shaded.org.apache.hc.client5.http.headers - http-outgoing-0 << Date: Tue, 23 Apr 2024 12:36:45 GMT
14:36:45.215 [main] DEBUG com.github.dockerjava.zerodep.shaded.org.apache.hc.client5.http.headers - http-outgoing-0 << Docker-Experimental: false
14:36:45.215 [main] DEBUG com.github.dockerjava.zerodep.shaded.org.apache.hc.client5.http.headers - http-outgoing-0 << Ostype: linux
14:36:45.215 [main] DEBUG com.github.dockerjava.zerodep.shaded.org.apache.hc.client5.http.headers - http-outgoing-0 << Server: Docker/24.0.6 (linux)
14:36:45.215 [main] DEBUG com.github.dockerjava.zerodep.shaded.org.apache.hc.client5.http.headers - http-outgoing-0 << Transfer-Encoding: chunked
14:36:45.216 [main] DEBUG com.github.dockerjava.zerodep.shaded.org.apache.hc.client5.http.impl.classic.MainClientExec - ex-00000004: connection can be kept alive for 3 MINUTES
14:36:45.216 [main] DEBUG com.github.dockerjava.zerodep.shaded.org.apache.hc.client5.http.wire - http-outgoing-0 << "7ae[\r][\n]"
14:36:45.216 [main] DEBUG com.github.dockerjava.zerodep.shaded.org.apache.hc.client5.http.wire - http-outgoing-0 << "{"Id":"sha256:ee7515743e6fb92fd9ae2e9b8a4ad4516ed19507079788849c33025b3bfdb7a5","RepoTags":["testcontainers/ryuk:0.3.1"],"RepoDigests":["testcontainers/ryuk@sha256:58345bdf4fd056f7c5b772319c444d6a8dbbbad112d60b9e8023637cda6a6e30"],"Parent":"","Comment":"buildkit.dockerfile.v0","Created":"2020-12-23T12:19:41.877135611Z","Container":"","ContainerConfig":{"Hostname":"","Domainname":"","User":"","AttachStdin":false,"AttachStdout":false,"AttachStderr":false,"Tty":false,"OpenStdin":false,"StdinOnce":false,"Env":null,"Cmd":null,"Image":"","Volumes":null,"WorkingDir":"","Entrypoint":null,"OnBuild":null,"Labels":null},"DockerVersion":"","Author":"","Config":{"Hostname":"","Domainname":"","User":"","AttachStdin":false,"AttachStdout":false,"AttachStderr":false,"Tty":false,"OpenStdin":false,"StdinOnce":false,"Env":["PATH=/usr/local/sbin:/usr/local/bin:/usr/sbin:/usr/bin:/sbin:/bin"],"Cmd":["/app"],"ArgsEscaped":true,"Image":"","Volumes":null,"WorkingDir":"","Entrypoint":null,"OnBuild":null,"Labels":null},"Architecture":"amd64","Os":"linux","Size":11951601,"VirtualSize":11951601,"GraphDriver":{"Data":{"LowerDir":"/var/lib/docker/overlay2/1738605bdf6e82da604deccfa1d8daaf7e54e5620e099504f184dd59bd6d784d/diff:/var/lib/docker/overlay2/d98694e47c313b666219b4adb6024f513f68277c034562aab578e91e3d4d9b9e/diff","MergedDir":"/var/lib/docker/overlay2/bd6123557dc62320f75faccde96ead9e15321cd5f22452469cc50c167fa86046/merged","UpperDir":"/var/lib/docker/overlay2/bd6123557dc62320f75faccde96ead9e15321cd5f22452469cc50c167fa86046/diff","WorkDir":"/var/lib/docker/overlay2/bd6123557dc62320f75faccde96ead9e15321cd5f22452469cc50c167fa86046/work"},"Name":"overlay2"},"RootFS":{"Type":"layers","Layers":["sha256:89ae5c4ee501a09c879f5b58474003539ab3bb978a553af2a4a6a7de248b5740","sha256:3b48f6d27de898997df9f00a7dca136a7511efef6fdf2bc65e94ac78535146a8","sha256:a0623c87f704272ec3ef7ac3848fa11ea2e8593dec73a86400cc66ec9ab7c7c9"]},"Metadata":{"LastTagTime":"0001-01-01T00:00:00Z"}}[\n]"
14:36:45.216 [main] DEBUG com.github.dockerjava.zerodep.shaded.org.apache.hc.client5.http.wire - http-outgoing-0 << "[\r][\n]"
14:36:45.216 [main] DEBUG com.github.dockerjava.zerodep.shaded.org.apache.hc.client5.http.wire - http-outgoing-0 << "0[\r][\n]"
14:36:45.216 [main] DEBUG com.github.dockerjava.zerodep.shaded.org.apache.hc.client5.http.wire - http-outgoing-0 << "[\r][\n]"
14:36:45.268 [main] DEBUG com.github.dockerjava.zerodep.shaded.org.apache.hc.client5.http.impl.classic.InternalHttpClient - ep-00000003: releasing valid endpoint
14:36:45.269 [main] DEBUG com.github.dockerjava.zerodep.shaded.org.apache.hc.client5.http.impl.io.PoolingHttpClientConnectionManager - ep-00000003: releasing endpoint
14:36:45.269 [main] DEBUG com.github.dockerjava.zerodep.shaded.org.apache.hc.client5.http.impl.io.PoolingHttpClientConnectionManager - ep-00000003: connection http-outgoing-0 can be kept alive for 3 MINUTES
14:36:45.269 [main] DEBUG com.github.dockerjava.zerodep.shaded.org.apache.hc.client5.http.impl.io.PoolingHttpClientConnectionManager - ep-00000003: connection released [route: {}->npipe://localhost:2375][total available: 1; route allocated: 1 of 2147483647; total allocated: 1 of 2147483647]
14:36:45.288 [main] DEBUG org.testcontainers.utility.RegistryAuthLocator - Looking up auth config for image: testcontainers/ryuk:0.3.1 at registry: index.docker.io
14:36:45.289 [main] DEBUG org.testcontainers.utility.RegistryAuthLocator - RegistryAuthLocator has configFile: C:\Users\user\.docker\config.json (exists) and commandPathPrefix: 
14:36:45.289 [main] DEBUG org.testcontainers.utility.RegistryAuthLocator - registryName [index.docker.io] for dockerImageName [testcontainers/ryuk:0.3.1]
14:36:45.290 [main] DEBUG org.testcontainers.utility.RegistryAuthLocator - Executing docker credential provider: docker-credential-desktop to locate auth config for: index.docker.io
14:36:45.297 [main] DEBUG org.testcontainers.shaded.org.zeroturnaround.exec.ProcessExecutor - Executing [docker-credential-desktop, get].
14:36:45.322 [main] DEBUG org.testcontainers.shaded.org.zeroturnaround.exec.ProcessExecutor - Started Process[pid=19440, exitValue="not exited"]
14:36:45.438 [WaitForProcess-Process[pid=19440, exitValue="not exited"]] DEBUG org.testcontainers.shaded.org.zeroturnaround.exec.WaitForProcess - Process[pid=19440, exitValue=1] stopped with exit code 1
14:36:45.440 [main] DEBUG org.testcontainers.shaded.org.zeroturnaround.exec.ProcessExecutor - Executing [docker-credential-desktop, get].
14:36:45.444 [main] DEBUG org.testcontainers.shaded.org.zeroturnaround.exec.ProcessExecutor - Started Process[pid=20900, exitValue="not exited"]
14:36:45.531 [WaitForProcess-Process[pid=20900, exitValue="not exited"]] DEBUG org.testcontainers.shaded.org.zeroturnaround.exec.WaitForProcess - Process[pid=20900, exitValue=1] stopped with exit code 1
14:36:45.532 [main] DEBUG org.testcontainers.utility.RegistryAuthLocator - Got credentials not found error message from docker credential helper - credentials not found in native keychain
14:36:45.532 [main] INFO org.testcontainers.utility.RegistryAuthLocator - Credential helper/store (docker-credential-desktop) does not have credentials for index.docker.io
14:36:45.533 [main] DEBUG org.testcontainers.utility.RegistryAuthLocator - No matching Auth Configs - falling back to defaultAuthConfig [null]
14:36:45.533 [main] DEBUG org.testcontainers.dockerclient.AuthDelegatingDockerClientConfig - Effective auth config [null]
14:36:45.539 [main] DEBUG org.testcontainers.shaded.com.github.dockerjava.core.command.AbstrDockerCmd - Cmd: org.testcontainers.shaded.com.github.dockerjava.core.command.CreateContainerCmdImpl@453d496b[name=testcontainers-ryuk-1ae74cd6-a8ac-4c43-9aa2-e005ceb54352,hostName=<null>,domainName=<null>,user=<null>,attachStdin=<null>,attachStdout=<null>,attachStderr=<null>,portSpecs=<null>,tty=<null>,stdinOpen=<null>,stdInOnce=<null>,env=<null>,cmd=<null>,healthcheck=<null>,argsEscaped=<null>,entrypoint=<null>,image=testcontainers/ryuk:0.3.1,volumes=Volumes(volumes=[]),workingDir=<null>,macAddress=<null>,onBuild=<null>,networkDisabled=<null>,exposedPorts=ExposedPorts(exposedPorts=[8080/tcp]),stopSignal=<null>,stopTimeout=<null>,hostConfig=HostConfig(binds=[//var/run/docker.sock:/var/run/docker.sock:rw], blkioWeight=null, blkioWeightDevice=null, blkioDeviceReadBps=null, blkioDeviceWriteBps=null, blkioDeviceReadIOps=null, blkioDeviceWriteIOps=null, memorySwappiness=null, nanoCPUs=null, capAdd=null, capDrop=null, containerIDFile=null, cpuPeriod=null, cpuRealtimePeriod=null, cpuRealtimeRuntime=null, cpuShares=null, cpuQuota=null, cpusetCpus=null, cpusetMems=null, devices=null, deviceCgroupRules=null, deviceRequests=null, diskQuota=null, dns=null, dnsOptions=null, dnsSearch=null, extraHosts=null, groupAdd=null, ipcMode=null, cgroup=null, links=[], logConfig=LogConfig(type=null, config=null), lxcConf=null, memory=null, memorySwap=null, memoryReservation=null, kernelMemory=null, networkMode=null, oomKillDisable=null, init=null, autoRemove=true, oomScoreAdj=null, portBindings={8080/tcp=[Lcom.github.dockerjava.api.model.Ports$Binding;@dcc6211}, privileged=false, publishAllPorts=null, readonlyRootfs=null, restartPolicy=null, ulimits=null, cpuCount=null, cpuPercent=null, ioMaximumIOps=null, ioMaximumBandwidth=null, volumesFrom=null, mounts=null, pidMode=null, isolation=null, securityOpts=null, storageOpt=null, cgroupParent=null, volumeDriver=null, shmSize=null, pidsLimit=null, runtime=null, tmpFs=null, utSMode=null, usernsMode=null, sysctls=null, consoleSize=null),labels={org.testcontainers=true},shell=<null>,networkingConfig=<null>,ipv4Address=<null>,ipv6Address=<null>,aliases=<null>,authConfig=<null>,platform=<null>]
14:36:45.676 [main] DEBUG com.github.dockerjava.zerodep.shaded.org.apache.hc.client5.http.impl.classic.InternalHttpClient - ex-00000005: preparing request execution
14:36:45.677 [main] DEBUG com.github.dockerjava.zerodep.shaded.org.apache.hc.client5.http.protocol.RequestAddCookies - Cookie spec selected: strict
14:36:45.677 [main] DEBUG com.github.dockerjava.zerodep.shaded.org.apache.hc.client5.http.protocol.RequestAuthCache - Auth cache not set in the context
14:36:45.677 [main] DEBUG com.github.dockerjava.zerodep.shaded.org.apache.hc.client5.http.impl.classic.ProtocolExec - ex-00000005: target auth state: UNCHALLENGED
14:36:45.677 [main] DEBUG com.github.dockerjava.zerodep.shaded.org.apache.hc.client5.http.impl.classic.ProtocolExec - ex-00000005: proxy auth state: UNCHALLENGED
14:36:45.677 [main] DEBUG com.github.dockerjava.zerodep.shaded.org.apache.hc.client5.http.impl.classic.ConnectExec - ex-00000005: acquiring connection with route {}->npipe://localhost:2375
14:36:45.677 [main] DEBUG com.github.dockerjava.zerodep.shaded.org.apache.hc.client5.http.impl.classic.InternalHttpClient - ex-00000005: acquiring endpoint (3 MINUTES)
14:36:45.677 [main] DEBUG com.github.dockerjava.zerodep.shaded.org.apache.hc.client5.http.impl.io.PoolingHttpClientConnectionManager - ex-00000005: endpoint lease request (3 MINUTES) [route: {}->npipe://localhost:2375][total available: 1; route allocated: 1 of 2147483647; total allocated: 1 of 2147483647]
14:36:45.678 [main] DEBUG com.github.dockerjava.zerodep.shaded.org.apache.hc.client5.http.impl.io.PoolingHttpClientConnectionManager - ex-00000005: endpoint leased [route: {}->npipe://localhost:2375][total available: 0; route allocated: 1 of 2147483647; total allocated: 1 of 2147483647]
14:36:45.678 [main] DEBUG com.github.dockerjava.zerodep.shaded.org.apache.hc.client5.http.impl.io.PoolingHttpClientConnectionManager - ex-00000005: acquired ep-00000004
14:36:45.678 [main] DEBUG com.github.dockerjava.zerodep.shaded.org.apache.hc.client5.http.impl.classic.InternalHttpClient - ex-00000005: acquired endpoint ep-00000004
14:36:45.678 [main] DEBUG com.github.dockerjava.zerodep.shaded.org.apache.hc.client5.http.impl.classic.MainClientExec - ex-00000005: executing POST /v1.32/containers/create?name=testcontainers-ryuk-1ae74cd6-a8ac-4c43-9aa2-e005ceb54352 HTTP/1.1
14:36:45.678 [main] DEBUG com.github.dockerjava.zerodep.shaded.org.apache.hc.client5.http.impl.classic.InternalHttpClient - ep-00000004: start execution ex-00000005
14:36:45.678 [main] DEBUG com.github.dockerjava.zerodep.shaded.org.apache.hc.client5.http.impl.io.PoolingHttpClientConnectionManager - ep-00000004: executing exchange ex-00000005 over http-outgoing-0
14:36:45.678 [main] DEBUG com.github.dockerjava.zerodep.shaded.org.apache.hc.client5.http.headers - http-outgoing-0 >> POST /v1.32/containers/create?name=testcontainers-ryuk-1ae74cd6-a8ac-4c43-9aa2-e005ceb54352 HTTP/1.1
14:36:45.678 [main] DEBUG com.github.dockerjava.zerodep.shaded.org.apache.hc.client5.http.headers - http-outgoing-0 >> accept: application/json
14:36:45.678 [main] DEBUG com.github.dockerjava.zerodep.shaded.org.apache.hc.client5.http.headers - http-outgoing-0 >> content-type: application/json
14:36:45.678 [main] DEBUG com.github.dockerjava.zerodep.shaded.org.apache.hc.client5.http.headers - http-outgoing-0 >> Accept-Encoding: gzip, x-gzip, deflate
14:36:45.678 [main] DEBUG com.github.dockerjava.zerodep.shaded.org.apache.hc.client5.http.headers - http-outgoing-0 >> Content-Length: 1975
14:36:45.678 [main] DEBUG com.github.dockerjava.zerodep.shaded.org.apache.hc.client5.http.headers - http-outgoing-0 >> Host: localhost:2375
14:36:45.678 [main] DEBUG com.github.dockerjava.zerodep.shaded.org.apache.hc.client5.http.headers - http-outgoing-0 >> Connection: keep-alive
14:36:45.678 [main] DEBUG com.github.dockerjava.zerodep.shaded.org.apache.hc.client5.http.headers - http-outgoing-0 >> User-Agent: Apache-HttpClient/5.0.3 (Java/21.0.1)
14:36:45.679 [main] DEBUG com.github.dockerjava.zerodep.shaded.org.apache.hc.client5.http.wire - http-outgoing-0 >> "POST /v1.32/containers/create?name=testcontainers-ryuk-1ae74cd6-a8ac-4c43-9aa2-e005ceb54352 HTTP/1.1[\r][\n]"
14:36:45.679 [main] DEBUG com.github.dockerjava.zerodep.shaded.org.apache.hc.client5.http.wire - http-outgoing-0 >> "accept: application/json[\r][\n]"
14:36:45.679 [main] DEBUG com.github.dockerjava.zerodep.shaded.org.apache.hc.client5.http.wire - http-outgoing-0 >> "content-type: application/json[\r][\n]"
14:36:45.679 [main] DEBUG com.github.dockerjava.zerodep.shaded.org.apache.hc.client5.http.wire - http-outgoing-0 >> "Accept-Encoding: gzip, x-gzip, deflate[\r][\n]"
14:36:45.679 [main] DEBUG com.github.dockerjava.zerodep.shaded.org.apache.hc.client5.http.wire - http-outgoing-0 >> "Content-Length: 1975[\r][\n]"
14:36:45.679 [main] DEBUG com.github.dockerjava.zerodep.shaded.org.apache.hc.client5.http.wire - http-outgoing-0 >> "Host: localhost:2375[\r][\n]"
14:36:45.679 [main] DEBUG com.github.dockerjava.zerodep.shaded.org.apache.hc.client5.http.wire - http-outgoing-0 >> "Connection: keep-alive[\r][\n]"
14:36:45.679 [main] DEBUG com.github.dockerjava.zerodep.shaded.org.apache.hc.client5.http.wire - http-outgoing-0 >> "User-Agent: Apache-HttpClient/5.0.3 (Java/21.0.1)[\r][\n]"
14:36:45.679 [main] DEBUG com.github.dockerjava.zerodep.shaded.org.apache.hc.client5.http.wire - http-outgoing-0 >> "[\r][\n]"
14:36:45.679 [main] DEBUG com.github.dockerjava.zerodep.shaded.org.apache.hc.client5.http.wire - http-outgoing-0 >> "{"name":"testcontainers-ryuk-1ae74cd6-a8ac-4c43-9aa2-e005ceb54352","authConfig":null,"platform":null,"Hostname":null,"Domainname":null,"User":null,"AttachStdin":null,"AttachStdout":null,"AttachStderr":null,"PortSpecs":null,"Tty":null,"OpenStdin":null,"StdinOnce":null,"Env":null,"Cmd":null,"Healthcheck":null,"ArgsEscaped":null,"Entrypoint":null,"Image":"testcontainers/ryuk:0.3.1","Volumes":{},"WorkingDir":null,"MacAddress":null,"OnBuild":null,"NetworkDisabled":null,"ExposedPorts":{"8080/tcp":{}},"StopSignal":null,"StopTimeout":null,"HostConfig":{"Binds":["//var/run/docker.sock:/var/run/docker.sock:rw"],"BlkioWeight":null,"BlkioWeightDevice":null,"BlkioDeviceReadBps":null,"BlkioDeviceWriteBps":null,"BlkioDeviceReadIOps":null,"BlkioDeviceWriteIOps":null,"MemorySwappiness":null,"NanoCpus":null,"CapAdd":null,"CapDrop":null,"ContainerIDFile":null,"CpuPeriod":null,"CpuRealtimePeriod":null,"CpuRealtimeRuntime":null,"CpuShares":null,"CpuQuota":null,"CpusetCpus":null,"CpusetMems":null,"Devices":null,"DeviceCgroupRules":null,"DeviceRequests":null,"DiskQuota":null,"Dns":null,"DnsOptions":null,"DnsSearch":null,"ExtraHosts":null,"GroupAdd":null,"IpcMode":null,"Cgroup":null,"Links":null,"LogConfig":null,"LxcConf":null,"Memory":null,"MemorySwap":null,"MemoryReservation":null,"KernelMemory":null,"NetworkMode":null,"OomKillDisable":null,"Init":null,"AutoRemove":true,"OomScoreAdj":null,"PortBindings":{"8080/tcp":[{"HostIp":"","HostPort":""}]},"Privileged":false,"PublishAllPorts":null,"ReadonlyRootfs":null,"RestartPolicy":null,"Ulimits":null,"CpuCount":null,"CpuPercent":null,"IOMaximumIOps":null,"IOMaximumBandwidth":null,"VolumesFrom":null,"Mounts":null,"PidMode":null,"Isolation":null,"SecurityOpt":null,"StorageOpt":null,"CgroupParent":null,"VolumeDriver":null,"ShmSize":null,"PidsLimit":null,"Runtime":null,"Tmpfs":null,"UTSMode":null,"UsernsMode":null,"Sysctls":null,"ConsoleSize":null},"Labels":{"org.testcontainers":"true"},"Shell":null,"NetworkingConfig":null}"
14:36:45.757 [main] DEBUG com.github.dockerjava.zerodep.shaded.org.apache.hc.client5.http.wire - http-outgoing-0 << "HTTP/1.1 201 Created[\r][\n]"
14:36:45.757 [main] DEBUG com.github.dockerjava.zerodep.shaded.org.apache.hc.client5.http.wire - http-outgoing-0 << "Api-Version: 1.43[\r][\n]"
14:36:45.758 [main] DEBUG com.github.dockerjava.zerodep.shaded.org.apache.hc.client5.http.wire - http-outgoing-0 << "Content-Type: application/json[\r][\n]"
14:36:45.758 [main] DEBUG com.github.dockerjava.zerodep.shaded.org.apache.hc.client5.http.wire - http-outgoing-0 << "Date: Tue, 23 Apr 2024 12:36:45 GMT[\r][\n]"
14:36:45.758 [main] DEBUG com.github.dockerjava.zerodep.shaded.org.apache.hc.client5.http.wire - http-outgoing-0 << "Docker-Experimental: false[\r][\n]"
14:36:45.758 [main] DEBUG com.github.dockerjava.zerodep.shaded.org.apache.hc.client5.http.wire - http-outgoing-0 << "Ostype: linux[\r][\n]"
14:36:45.758 [main] DEBUG com.github.dockerjava.zerodep.shaded.org.apache.hc.client5.http.wire - http-outgoing-0 << "Server: Docker/24.0.6 (linux)[\r][\n]"
14:36:45.758 [main] DEBUG com.github.dockerjava.zerodep.shaded.org.apache.hc.client5.http.wire - http-outgoing-0 << "Transfer-Encoding: chunked[\r][\n]"
14:36:45.758 [main] DEBUG com.github.dockerjava.zerodep.shaded.org.apache.hc.client5.http.wire - http-outgoing-0 << "[\r][\n]"
14:36:45.758 [main] DEBUG com.github.dockerjava.zerodep.shaded.org.apache.hc.client5.http.headers - http-outgoing-0 << HTTP/1.1 201 Created
14:36:45.758 [main] DEBUG com.github.dockerjava.zerodep.shaded.org.apache.hc.client5.http.headers - http-outgoing-0 << Api-Version: 1.43
14:36:45.758 [main] DEBUG com.github.dockerjava.zerodep.shaded.org.apache.hc.client5.http.headers - http-outgoing-0 << Content-Type: application/json
14:36:45.758 [main] DEBUG com.github.dockerjava.zerodep.shaded.org.apache.hc.client5.http.headers - http-outgoing-0 << Date: Tue, 23 Apr 2024 12:36:45 GMT
14:36:45.759 [main] DEBUG com.github.dockerjava.zerodep.shaded.org.apache.hc.client5.http.headers - http-outgoing-0 << Docker-Experimental: false
14:36:45.760 [main] DEBUG com.github.dockerjava.zerodep.shaded.org.apache.hc.client5.http.headers - http-outgoing-0 << Ostype: linux
14:36:45.760 [main] DEBUG com.github.dockerjava.zerodep.shaded.org.apache.hc.client5.http.headers - http-outgoing-0 << Server: Docker/24.0.6 (linux)
14:36:45.760 [main] DEBUG com.github.dockerjava.zerodep.shaded.org.apache.hc.client5.http.headers - http-outgoing-0 << Transfer-Encoding: chunked
14:36:45.760 [main] DEBUG com.github.dockerjava.zerodep.shaded.org.apache.hc.client5.http.impl.classic.MainClientExec - ex-00000005: connection can be kept alive for 3 MINUTES
14:36:45.761 [main] DEBUG com.github.dockerjava.zerodep.shaded.org.apache.hc.client5.http.wire - http-outgoing-0 << "58[\r][\n]"
14:36:45.761 [main] DEBUG com.github.dockerjava.zerodep.shaded.org.apache.hc.client5.http.wire - http-outgoing-0 << "{"Id":"4a4b73b8e7175378e06e848e8b9cb1220908a08ef974ebeb48d8a1be0e553bd5","Warnings":[]}[\n]"
14:36:45.761 [main] DEBUG com.github.dockerjava.zerodep.shaded.org.apache.hc.client5.http.wire - http-outgoing-0 << "[\r][\n]"
14:36:45.761 [main] DEBUG com.github.dockerjava.zerodep.shaded.org.apache.hc.client5.http.wire - http-outgoing-0 << "0[\r][\n]"
14:36:45.761 [main] DEBUG com.github.dockerjava.zerodep.shaded.org.apache.hc.client5.http.wire - http-outgoing-0 << "[\r][\n]"
14:36:45.767 [main] DEBUG com.github.dockerjava.zerodep.shaded.org.apache.hc.client5.http.impl.classic.InternalHttpClient - ep-00000004: releasing valid endpoint
14:36:45.767 [main] DEBUG com.github.dockerjava.zerodep.shaded.org.apache.hc.client5.http.impl.io.PoolingHttpClientConnectionManager - ep-00000004: releasing endpoint
14:36:45.767 [main] DEBUG com.github.dockerjava.zerodep.shaded.org.apache.hc.client5.http.impl.io.PoolingHttpClientConnectionManager - ep-00000004: connection http-outgoing-0 can be kept alive for 3 MINUTES
14:36:45.767 [main] DEBUG com.github.dockerjava.zerodep.shaded.org.apache.hc.client5.http.impl.io.PoolingHttpClientConnectionManager - ep-00000004: connection released [route: {}->npipe://localhost:2375][total available: 1; route allocated: 1 of 2147483647; total allocated: 1 of 2147483647]
14:36:45.769 [main] DEBUG org.testcontainers.shaded.com.github.dockerjava.core.command.AbstrDockerCmd - Cmd: 4a4b73b8e7175378e06e848e8b9cb1220908a08ef974ebeb48d8a1be0e553bd5
14:36:45.770 [main] DEBUG com.github.dockerjava.zerodep.shaded.org.apache.hc.client5.http.impl.classic.InternalHttpClient - ex-00000006: preparing request execution
14:36:45.770 [main] DEBUG com.github.dockerjava.zerodep.shaded.org.apache.hc.client5.http.protocol.RequestAddCookies - Cookie spec selected: strict
14:36:45.770 [main] DEBUG com.github.dockerjava.zerodep.shaded.org.apache.hc.client5.http.protocol.RequestAuthCache - Auth cache not set in the context
14:36:45.770 [main] DEBUG com.github.dockerjava.zerodep.shaded.org.apache.hc.client5.http.impl.classic.ProtocolExec - ex-00000006: target auth state: UNCHALLENGED
14:36:45.770 [main] DEBUG com.github.dockerjava.zerodep.shaded.org.apache.hc.client5.http.impl.classic.ProtocolExec - ex-00000006: proxy auth state: UNCHALLENGED
14:36:45.771 [main] DEBUG com.github.dockerjava.zerodep.shaded.org.apache.hc.client5.http.impl.classic.ConnectExec - ex-00000006: acquiring connection with route {}->npipe://localhost:2375
14:36:45.771 [main] DEBUG com.github.dockerjava.zerodep.shaded.org.apache.hc.client5.http.impl.classic.InternalHttpClient - ex-00000006: acquiring endpoint (3 MINUTES)
14:36:45.771 [main] DEBUG com.github.dockerjava.zerodep.shaded.org.apache.hc.client5.http.impl.io.PoolingHttpClientConnectionManager - ex-00000006: endpoint lease request (3 MINUTES) [route: {}->npipe://localhost:2375][total available: 1; route allocated: 1 of 2147483647; total allocated: 1 of 2147483647]
14:36:45.771 [main] DEBUG com.github.dockerjava.zerodep.shaded.org.apache.hc.client5.http.impl.io.PoolingHttpClientConnectionManager - ex-00000006: endpoint leased [route: {}->npipe://localhost:2375][total available: 0; route allocated: 1 of 2147483647; total allocated: 1 of 2147483647]
14:36:45.771 [main] DEBUG com.github.dockerjava.zerodep.shaded.org.apache.hc.client5.http.impl.io.PoolingHttpClientConnectionManager - ex-00000006: acquired ep-00000005
14:36:45.771 [main] DEBUG com.github.dockerjava.zerodep.shaded.org.apache.hc.client5.http.impl.classic.InternalHttpClient - ex-00000006: acquired endpoint ep-00000005
14:36:45.771 [main] DEBUG com.github.dockerjava.zerodep.shaded.org.apache.hc.client5.http.impl.classic.MainClientExec - ex-00000006: executing POST /v1.32/containers/4a4b73b8e7175378e06e848e8b9cb1220908a08ef974ebeb48d8a1be0e553bd5/start HTTP/1.1
14:36:45.771 [main] DEBUG com.github.dockerjava.zerodep.shaded.org.apache.hc.client5.http.impl.classic.InternalHttpClient - ep-00000005: start execution ex-00000006
14:36:45.771 [main] DEBUG com.github.dockerjava.zerodep.shaded.org.apache.hc.client5.http.impl.io.PoolingHttpClientConnectionManager - ep-00000005: executing exchange ex-00000006 over http-outgoing-0
14:36:45.771 [main] DEBUG com.github.dockerjava.zerodep.shaded.org.apache.hc.client5.http.headers - http-outgoing-0 >> POST /v1.32/containers/4a4b73b8e7175378e06e848e8b9cb1220908a08ef974ebeb48d8a1be0e553bd5/start HTTP/1.1
14:36:45.771 [main] DEBUG com.github.dockerjava.zerodep.shaded.org.apache.hc.client5.http.headers - http-outgoing-0 >> accept: application/json
14:36:45.771 [main] DEBUG com.github.dockerjava.zerodep.shaded.org.apache.hc.client5.http.headers - http-outgoing-0 >> content-type: application/json
14:36:45.771 [main] DEBUG com.github.dockerjava.zerodep.shaded.org.apache.hc.client5.http.headers - http-outgoing-0 >> Accept-Encoding: gzip, x-gzip, deflate
14:36:45.772 [main] DEBUG com.github.dockerjava.zerodep.shaded.org.apache.hc.client5.http.headers - http-outgoing-0 >> Host: localhost:2375
14:36:45.772 [main] DEBUG com.github.dockerjava.zerodep.shaded.org.apache.hc.client5.http.headers - http-outgoing-0 >> Connection: keep-alive
14:36:45.772 [main] DEBUG com.github.dockerjava.zerodep.shaded.org.apache.hc.client5.http.headers - http-outgoing-0 >> User-Agent: Apache-HttpClient/5.0.3 (Java/21.0.1)
14:36:45.772 [main] DEBUG com.github.dockerjava.zerodep.shaded.org.apache.hc.client5.http.wire - http-outgoing-0 >> "POST /v1.32/containers/4a4b73b8e7175378e06e848e8b9cb1220908a08ef974ebeb48d8a1be0e553bd5/start HTTP/1.1[\r][\n]"
14:36:45.772 [main] DEBUG com.github.dockerjava.zerodep.shaded.org.apache.hc.client5.http.wire - http-outgoing-0 >> "accept: application/json[\r][\n]"
14:36:45.772 [main] DEBUG com.github.dockerjava.zerodep.shaded.org.apache.hc.client5.http.wire - http-outgoing-0 >> "content-type: application/json[\r][\n]"
14:36:45.772 [main] DEBUG com.github.dockerjava.zerodep.shaded.org.apache.hc.client5.http.wire - http-outgoing-0 >> "Accept-Encoding: gzip, x-gzip, deflate[\r][\n]"
14:36:45.772 [main] DEBUG com.github.dockerjava.zerodep.shaded.org.apache.hc.client5.http.wire - http-outgoing-0 >> "Host: localhost:2375[\r][\n]"
14:36:45.772 [main] DEBUG com.github.dockerjava.zerodep.shaded.org.apache.hc.client5.http.wire - http-outgoing-0 >> "Connection: keep-alive[\r][\n]"
14:36:45.772 [main] DEBUG com.github.dockerjava.zerodep.shaded.org.apache.hc.client5.http.wire - http-outgoing-0 >> "User-Agent: Apache-HttpClient/5.0.3 (Java/21.0.1)[\r][\n]"
14:36:45.772 [main] DEBUG com.github.dockerjava.zerodep.shaded.org.apache.hc.client5.http.wire - http-outgoing-0 >> "[\r][\n]"
14:36:46.219 [main] DEBUG com.github.dockerjava.zerodep.shaded.org.apache.hc.client5.http.wire - http-outgoing-0 << "HTTP/1.1 204 No Content[\r][\n]"
14:36:46.220 [main] DEBUG com.github.dockerjava.zerodep.shaded.org.apache.hc.client5.http.wire - http-outgoing-0 << "Api-Version: 1.43[\r][\n]"
14:36:46.220 [main] DEBUG com.github.dockerjava.zerodep.shaded.org.apache.hc.client5.http.wire - http-outgoing-0 << "Date: Tue, 23 Apr 2024 12:36:46 GMT[\r][\n]"
14:36:46.221 [main] DEBUG com.github.dockerjava.zerodep.shaded.org.apache.hc.client5.http.wire - http-outgoing-0 << "Docker-Experimental: false[\r][\n]"
14:36:46.221 [main] DEBUG com.github.dockerjava.zerodep.shaded.org.apache.hc.client5.http.wire - http-outgoing-0 << "Ostype: linux[\r][\n]"
14:36:46.221 [main] DEBUG com.github.dockerjava.zerodep.shaded.org.apache.hc.client5.http.wire - http-outgoing-0 << "Server: Docker/24.0.6 (linux)[\r][\n]"
14:36:46.221 [main] DEBUG com.github.dockerjava.zerodep.shaded.org.apache.hc.client5.http.wire - http-outgoing-0 << "[\r][\n]"
14:36:46.221 [main] DEBUG com.github.dockerjava.zerodep.shaded.org.apache.hc.client5.http.headers - http-outgoing-0 << HTTP/1.1 204 No Content
14:36:46.221 [main] DEBUG com.github.dockerjava.zerodep.shaded.org.apache.hc.client5.http.headers - http-outgoing-0 << Api-Version: 1.43
14:36:46.221 [main] DEBUG com.github.dockerjava.zerodep.shaded.org.apache.hc.client5.http.headers - http-outgoing-0 << Date: Tue, 23 Apr 2024 12:36:46 GMT
14:36:46.221 [main] DEBUG com.github.dockerjava.zerodep.shaded.org.apache.hc.client5.http.headers - http-outgoing-0 << Docker-Experimental: false
14:36:46.221 [main] DEBUG com.github.dockerjava.zerodep.shaded.org.apache.hc.client5.http.headers - http-outgoing-0 << Ostype: linux
14:36:46.221 [main] DEBUG com.github.dockerjava.zerodep.shaded.org.apache.hc.client5.http.headers - http-outgoing-0 << Server: Docker/24.0.6 (linux)
14:36:46.222 [main] DEBUG com.github.dockerjava.zerodep.shaded.org.apache.hc.client5.http.impl.classic.MainClientExec - ex-00000006: connection can be kept alive for 3 MINUTES
14:36:46.222 [main] DEBUG com.github.dockerjava.zerodep.shaded.org.apache.hc.client5.http.impl.classic.InternalHttpClient - ep-00000005: releasing valid endpoint
14:36:46.222 [main] DEBUG com.github.dockerjava.zerodep.shaded.org.apache.hc.client5.http.impl.io.PoolingHttpClientConnectionManager - ep-00000005: releasing endpoint
14:36:46.222 [main] DEBUG com.github.dockerjava.zerodep.shaded.org.apache.hc.client5.http.impl.io.PoolingHttpClientConnectionManager - ep-00000005: connection http-outgoing-0 can be kept alive for 3 MINUTES
14:36:46.222 [main] DEBUG com.github.dockerjava.zerodep.shaded.org.apache.hc.client5.http.impl.io.PoolingHttpClientConnectionManager - ep-00000005: connection released [route: {}->npipe://localhost:2375][total available: 1; route allocated: 1 of 2147483647; total allocated: 1 of 2147483647]
14:36:46.229 [docker-java-stream--398303770] DEBUG com.github.dockerjava.zerodep.shaded.org.apache.hc.client5.http.impl.classic.InternalHttpClient - ex-00000007: preparing request execution
14:36:46.230 [docker-java-stream--398303770] DEBUG com.github.dockerjava.zerodep.shaded.org.apache.hc.client5.http.protocol.RequestAddCookies - Cookie spec selected: strict
14:36:46.230 [docker-java-stream--398303770] DEBUG com.github.dockerjava.zerodep.shaded.org.apache.hc.client5.http.protocol.RequestAuthCache - Auth cache not set in the context
14:36:46.230 [docker-java-stream--398303770] DEBUG com.github.dockerjava.zerodep.shaded.org.apache.hc.client5.http.impl.classic.ProtocolExec - ex-00000007: target auth state: UNCHALLENGED
14:36:46.230 [docker-java-stream--398303770] DEBUG com.github.dockerjava.zerodep.shaded.org.apache.hc.client5.http.impl.classic.ProtocolExec - ex-00000007: proxy auth state: UNCHALLENGED
14:36:46.230 [docker-java-stream--398303770] DEBUG com.github.dockerjava.zerodep.shaded.org.apache.hc.client5.http.impl.classic.ConnectExec - ex-00000007: acquiring connection with route {}->npipe://localhost:2375
14:36:46.230 [docker-java-stream--398303770] DEBUG com.github.dockerjava.zerodep.shaded.org.apache.hc.client5.http.impl.classic.InternalHttpClient - ex-00000007: acquiring endpoint (3 MINUTES)
14:36:46.230 [docker-java-stream--398303770] DEBUG com.github.dockerjava.zerodep.shaded.org.apache.hc.client5.http.impl.io.PoolingHttpClientConnectionManager - ex-00000007: endpoint lease request (3 MINUTES) [route: {}->npipe://localhost:2375][total available: 1; route allocated: 1 of 2147483647; total allocated: 1 of 2147483647]
14:36:46.230 [docker-java-stream--398303770] DEBUG com.github.dockerjava.zerodep.shaded.org.apache.hc.client5.http.impl.io.PoolingHttpClientConnectionManager - ex-00000007: endpoint leased [route: {}->npipe://localhost:2375][total available: 0; route allocated: 1 of 2147483647; total allocated: 1 of 2147483647]
14:36:46.231 [docker-java-stream--398303770] DEBUG com.github.dockerjava.zerodep.shaded.org.apache.hc.client5.http.impl.io.PoolingHttpClientConnectionManager - ex-00000007: acquired ep-00000006
14:36:46.231 [docker-java-stream--398303770] DEBUG com.github.dockerjava.zerodep.shaded.org.apache.hc.client5.http.impl.classic.InternalHttpClient - ex-00000007: acquired endpoint ep-00000006
14:36:46.231 [docker-java-stream--398303770] DEBUG com.github.dockerjava.zerodep.shaded.org.apache.hc.client5.http.impl.classic.MainClientExec - ex-00000007: executing GET /v1.32/containers/4a4b73b8e7175378e06e848e8b9cb1220908a08ef974ebeb48d8a1be0e553bd5/logs?stdout=true&stderr=true&follow=true&since=0 HTTP/1.1
14:36:46.231 [docker-java-stream--398303770] DEBUG com.github.dockerjava.zerodep.shaded.org.apache.hc.client5.http.impl.classic.InternalHttpClient - ep-00000006: start execution ex-00000007
14:36:46.231 [docker-java-stream--398303770] DEBUG com.github.dockerjava.zerodep.shaded.org.apache.hc.client5.http.impl.io.PoolingHttpClientConnectionManager - ep-00000006: executing exchange ex-00000007 over http-outgoing-0
14:36:46.231 [docker-java-stream--398303770] DEBUG com.github.dockerjava.zerodep.shaded.org.apache.hc.client5.http.headers - http-outgoing-0 >> GET /v1.32/containers/4a4b73b8e7175378e06e848e8b9cb1220908a08ef974ebeb48d8a1be0e553bd5/logs?stdout=true&stderr=true&follow=true&since=0 HTTP/1.1
14:36:46.231 [docker-java-stream--398303770] DEBUG com.github.dockerjava.zerodep.shaded.org.apache.hc.client5.http.headers - http-outgoing-0 >> Accept-Encoding: gzip, x-gzip, deflate
14:36:46.231 [docker-java-stream--398303770] DEBUG com.github.dockerjava.zerodep.shaded.org.apache.hc.client5.http.headers - http-outgoing-0 >> Host: localhost:2375
14:36:46.231 [docker-java-stream--398303770] DEBUG com.github.dockerjava.zerodep.shaded.org.apache.hc.client5.http.headers - http-outgoing-0 >> Connection: keep-alive
14:36:46.231 [docker-java-stream--398303770] DEBUG com.github.dockerjava.zerodep.shaded.org.apache.hc.client5.http.headers - http-outgoing-0 >> User-Agent: Apache-HttpClient/5.0.3 (Java/21.0.1)
14:36:46.231 [docker-java-stream--398303770] DEBUG com.github.dockerjava.zerodep.shaded.org.apache.hc.client5.http.wire - http-outgoing-0 >> "GET /v1.32/containers/4a4b73b8e7175378e06e848e8b9cb1220908a08ef974ebeb48d8a1be0e553bd5/logs?stdout=true&stderr=true&follow=true&since=0 HTTP/1.1[\r][\n]"
14:36:46.231 [docker-java-stream--398303770] DEBUG com.github.dockerjava.zerodep.shaded.org.apache.hc.client5.http.wire - http-outgoing-0 >> "Accept-Encoding: gzip, x-gzip, deflate[\r][\n]"
14:36:46.231 [docker-java-stream--398303770] DEBUG com.github.dockerjava.zerodep.shaded.org.apache.hc.client5.http.wire - http-outgoing-0 >> "Host: localhost:2375[\r][\n]"
14:36:46.231 [docker-java-stream--398303770] DEBUG com.github.dockerjava.zerodep.shaded.org.apache.hc.client5.http.wire - http-outgoing-0 >> "Connection: keep-alive[\r][\n]"
14:36:46.231 [docker-java-stream--398303770] DEBUG com.github.dockerjava.zerodep.shaded.org.apache.hc.client5.http.wire - http-outgoing-0 >> "User-Agent: Apache-HttpClient/5.0.3 (Java/21.0.1)[\r][\n]"
14:36:46.231 [docker-java-stream--398303770] DEBUG com.github.dockerjava.zerodep.shaded.org.apache.hc.client5.http.wire - http-outgoing-0 >> "[\r][\n]"
14:36:46.236 [docker-java-stream--398303770] DEBUG com.github.dockerjava.zerodep.shaded.org.apache.hc.client5.http.wire - http-outgoing-0 << "HTTP/1.1 200 OK[\r][\n]"
14:36:46.236 [docker-java-stream--398303770] DEBUG com.github.dockerjava.zerodep.shaded.org.apache.hc.client5.http.wire - http-outgoing-0 << "Api-Version: 1.43[\r][\n]"
14:36:46.236 [docker-java-stream--398303770] DEBUG com.github.dockerjava.zerodep.shaded.org.apache.hc.client5.http.wire - http-outgoing-0 << "Content-Type: application/vnd.docker.raw-stream[\r][\n]"
14:36:46.236 [docker-java-stream--398303770] DEBUG com.github.dockerjava.zerodep.shaded.org.apache.hc.client5.http.wire - http-outgoing-0 << "Date: Tue, 23 Apr 2024 12:36:46 GMT[\r][\n]"
14:36:46.236 [docker-java-stream--398303770] DEBUG com.github.dockerjava.zerodep.shaded.org.apache.hc.client5.http.wire - http-outgoing-0 << "Docker-Experimental: false[\r][\n]"
14:36:46.236 [docker-java-stream--398303770] DEBUG com.github.dockerjava.zerodep.shaded.org.apache.hc.client5.http.wire - http-outgoing-0 << "Ostype: linux[\r][\n]"
14:36:46.236 [docker-java-stream--398303770] DEBUG com.github.dockerjava.zerodep.shaded.org.apache.hc.client5.http.wire - http-outgoing-0 << "Server: Docker/24.0.6 (linux)[\r][\n]"
14:36:46.236 [docker-java-stream--398303770] DEBUG com.github.dockerjava.zerodep.shaded.org.apache.hc.client5.http.wire - http-outgoing-0 << "Transfer-Encoding: chunked[\r][\n]"
14:36:46.236 [docker-java-stream--398303770] DEBUG com.github.dockerjava.zerodep.shaded.org.apache.hc.client5.http.wire - http-outgoing-0 << "[\r][\n]"
14:36:46.237 [docker-java-stream--398303770] DEBUG com.github.dockerjava.zerodep.shaded.org.apache.hc.client5.http.headers - http-outgoing-0 << HTTP/1.1 200 OK
14:36:46.237 [docker-java-stream--398303770] DEBUG com.github.dockerjava.zerodep.shaded.org.apache.hc.client5.http.headers - http-outgoing-0 << Api-Version: 1.43
14:36:46.237 [docker-java-stream--398303770] DEBUG com.github.dockerjava.zerodep.shaded.org.apache.hc.client5.http.headers - http-outgoing-0 << Content-Type: application/vnd.docker.raw-stream
14:36:46.237 [docker-java-stream--398303770] DEBUG com.github.dockerjava.zerodep.shaded.org.apache.hc.client5.http.headers - http-outgoing-0 << Date: Tue, 23 Apr 2024 12:36:46 GMT
14:36:46.237 [docker-java-stream--398303770] DEBUG com.github.dockerjava.zerodep.shaded.org.apache.hc.client5.http.headers - http-outgoing-0 << Docker-Experimental: false
14:36:46.237 [docker-java-stream--398303770] DEBUG com.github.dockerjava.zerodep.shaded.org.apache.hc.client5.http.headers - http-outgoing-0 << Ostype: linux
14:36:46.237 [docker-java-stream--398303770] DEBUG com.github.dockerjava.zerodep.shaded.org.apache.hc.client5.http.headers - http-outgoing-0 << Server: Docker/24.0.6 (linux)
14:36:46.237 [docker-java-stream--398303770] DEBUG com.github.dockerjava.zerodep.shaded.org.apache.hc.client5.http.headers - http-outgoing-0 << Transfer-Encoding: chunked
14:36:46.237 [docker-java-stream--398303770] DEBUG com.github.dockerjava.zerodep.shaded.org.apache.hc.client5.http.impl.classic.MainClientExec - ex-00000007: connection can be kept alive for 3 MINUTES
14:36:46.239 [docker-java-stream--398303770] DEBUG com.github.dockerjava.zerodep.shaded.org.apache.hc.client5.http.wire - http-outgoing-0 << "c0[\r][\n]"
14:36:46.239 [docker-java-stream--398303770] DEBUG com.github.dockerjava.zerodep.shaded.org.apache.hc.client5.http.wire - http-outgoing-0 << "[0x2][0x0][0x0][0x0][0x0][0x0][0x0]&2024/04/23 12:36:46 Pinging Docker...[\n]"
14:36:46.239 [docker-java-stream--398303770] DEBUG com.github.dockerjava.zerodep.shaded.org.apache.hc.client5.http.wire - http-outgoing-0 << "[0x2][0x0][0x0][0x0][0x0][0x0][0x0]02024/04/23 12:36:46 Docker daemon is available![\n]"
14:36:46.239 [docker-java-stream--398303770] DEBUG com.github.dockerjava.zerodep.shaded.org.apache.hc.client5.http.wire - http-outgoing-0 << "[0x2][0x0][0x0][0x0][0x0][0x0][0x0]-2024/04/23 12:36:46 Starting on port 8080...[\n]"
14:36:46.239 [docker-java-stream--398303770] DEBUG com.github.dockerjava.zerodep.shaded.org.apache.hc.client5.http.wire - http-outgoing-0 << "[0x2][0x0][0x0][0x0][0x0][0x0][0x0][0x1d]2024/04/23 12:36:46 Started![\n]"
14:36:46.239 [docker-java-stream--398303770] DEBUG com.github.dockerjava.zerodep.shaded.org.apache.hc.client5.http.wire - http-outgoing-0 << "[\r][\n]"
14:36:46.260 [main] DEBUG org.testcontainers.shaded.com.github.dockerjava.core.command.AbstrDockerCmd - Cmd: 4a4b73b8e7175378e06e848e8b9cb1220908a08ef974ebeb48d8a1be0e553bd5,false
14:36:46.263 [main] DEBUG org.testcontainers.shaded.com.github.dockerjava.core.exec.InspectContainerCmdExec - GET: DefaultWebTarget{path=[/containers/4a4b73b8e7175378e06e848e8b9cb1220908a08ef974ebeb48d8a1be0e553bd5/json], queryParams={}}
14:36:46.264 [main] DEBUG com.github.dockerjava.zerodep.shaded.org.apache.hc.client5.http.impl.classic.InternalHttpClient - ex-00000008: preparing request execution
14:36:46.264 [main] DEBUG com.github.dockerjava.zerodep.shaded.org.apache.hc.client5.http.protocol.RequestAddCookies - Cookie spec selected: strict
14:36:46.264 [main] DEBUG com.github.dockerjava.zerodep.shaded.org.apache.hc.client5.http.protocol.RequestAuthCache - Auth cache not set in the context
14:36:46.264 [main] DEBUG com.github.dockerjava.zerodep.shaded.org.apache.hc.client5.http.impl.classic.ProtocolExec - ex-00000008: target auth state: UNCHALLENGED
14:36:46.264 [main] DEBUG com.github.dockerjava.zerodep.shaded.org.apache.hc.client5.http.impl.classic.ProtocolExec - ex-00000008: proxy auth state: UNCHALLENGED
14:36:46.264 [main] DEBUG com.github.dockerjava.zerodep.shaded.org.apache.hc.client5.http.impl.classic.ConnectExec - ex-00000008: acquiring connection with route {}->npipe://localhost:2375
14:36:46.264 [main] DEBUG com.github.dockerjava.zerodep.shaded.org.apache.hc.client5.http.impl.classic.InternalHttpClient - ex-00000008: acquiring endpoint (3 MINUTES)
14:36:46.265 [main] DEBUG com.github.dockerjava.zerodep.shaded.org.apache.hc.client5.http.impl.io.PoolingHttpClientConnectionManager - ex-00000008: endpoint lease request (3 MINUTES) [route: {}->npipe://localhost:2375][total available: 0; route allocated: 1 of 2147483647; total allocated: 1 of 2147483647]
14:36:46.265 [main] DEBUG com.github.dockerjava.zerodep.shaded.org.apache.hc.client5.http.impl.io.PoolingHttpClientConnectionManager - ex-00000008: endpoint leased [route: {}->npipe://localhost:2375][total available: 0; route allocated: 2 of 2147483647; total allocated: 2 of 2147483647]
14:36:46.265 [main] DEBUG com.github.dockerjava.zerodep.shaded.org.apache.hc.client5.http.impl.io.PoolingHttpClientConnectionManager - ex-00000008: acquired ep-00000007
14:36:46.265 [main] DEBUG com.github.dockerjava.zerodep.shaded.org.apache.hc.client5.http.impl.classic.InternalHttpClient - ex-00000008: acquired endpoint ep-00000007
14:36:46.265 [main] DEBUG com.github.dockerjava.zerodep.shaded.org.apache.hc.client5.http.impl.classic.ConnectExec - ex-00000008: opening connection {}->npipe://localhost:2375
14:36:46.265 [main] DEBUG com.github.dockerjava.zerodep.shaded.org.apache.hc.client5.http.impl.classic.InternalHttpClient - ep-00000007: connecting endpoint (3 MINUTES)
14:36:46.265 [main] DEBUG com.github.dockerjava.zerodep.shaded.org.apache.hc.client5.http.impl.io.PoolingHttpClientConnectionManager - ep-00000007: connecting endpoint to npipe://localhost:2375 (3 MINUTES)
14:36:46.266 [main] DEBUG com.github.dockerjava.zerodep.shaded.org.apache.hc.client5.http.impl.io.DefaultHttpClientConnectionOperator - http-outgoing-1: connecting to localhost/127.0.0.1:2375
14:36:46.266 [main] DEBUG com.github.dockerjava.zerodep.shaded.org.apache.hc.client5.http.impl.io.DefaultHttpClientConnectionOperator - http-outgoing-1: connection established 
14:36:46.266 [main] DEBUG com.github.dockerjava.zerodep.shaded.org.apache.hc.client5.http.impl.io.PoolingHttpClientConnectionManager - ep-00000007: connected http-outgoing-1
14:36:46.266 [main] DEBUG com.github.dockerjava.zerodep.shaded.org.apache.hc.client5.http.impl.classic.InternalHttpClient - ep-00000007: endpoint connected
14:36:46.266 [main] DEBUG com.github.dockerjava.zerodep.shaded.org.apache.hc.client5.http.impl.classic.MainClientExec - ex-00000008: executing GET /v1.32/containers/4a4b73b8e7175378e06e848e8b9cb1220908a08ef974ebeb48d8a1be0e553bd5/json HTTP/1.1
14:36:46.266 [main] DEBUG com.github.dockerjava.zerodep.shaded.org.apache.hc.client5.http.impl.classic.InternalHttpClient - ep-00000007: start execution ex-00000008
14:36:46.266 [main] DEBUG com.github.dockerjava.zerodep.shaded.org.apache.hc.client5.http.impl.io.PoolingHttpClientConnectionManager - ep-00000007: executing exchange ex-00000008 over http-outgoing-1
14:36:46.266 [main] DEBUG com.github.dockerjava.zerodep.shaded.org.apache.hc.client5.http.headers - http-outgoing-1 >> GET /v1.32/containers/4a4b73b8e7175378e06e848e8b9cb1220908a08ef974ebeb48d8a1be0e553bd5/json HTTP/1.1
14:36:46.266 [main] DEBUG com.github.dockerjava.zerodep.shaded.org.apache.hc.client5.http.headers - http-outgoing-1 >> accept: application/json
14:36:46.266 [main] DEBUG com.github.dockerjava.zerodep.shaded.org.apache.hc.client5.http.headers - http-outgoing-1 >> Accept-Encoding: gzip, x-gzip, deflate
14:36:46.266 [main] DEBUG com.github.dockerjava.zerodep.shaded.org.apache.hc.client5.http.headers - http-outgoing-1 >> Host: localhost:2375
14:36:46.266 [main] DEBUG com.github.dockerjava.zerodep.shaded.org.apache.hc.client5.http.headers - http-outgoing-1 >> Connection: keep-alive
14:36:46.266 [main] DEBUG com.github.dockerjava.zerodep.shaded.org.apache.hc.client5.http.headers - http-outgoing-1 >> User-Agent: Apache-HttpClient/5.0.3 (Java/21.0.1)
14:36:46.267 [main] DEBUG com.github.dockerjava.zerodep.shaded.org.apache.hc.client5.http.wire - http-outgoing-1 >> "GET /v1.32/containers/4a4b73b8e7175378e06e848e8b9cb1220908a08ef974ebeb48d8a1be0e553bd5/json HTTP/1.1[\r][\n]"
14:36:46.267 [main] DEBUG com.github.dockerjava.zerodep.shaded.org.apache.hc.client5.http.wire - http-outgoing-1 >> "accept: application/json[\r][\n]"
14:36:46.267 [main] DEBUG com.github.dockerjava.zerodep.shaded.org.apache.hc.client5.http.wire - http-outgoing-1 >> "Accept-Encoding: gzip, x-gzip, deflate[\r][\n]"
14:36:46.267 [main] DEBUG com.github.dockerjava.zerodep.shaded.org.apache.hc.client5.http.wire - http-outgoing-1 >> "Host: localhost:2375[\r][\n]"
14:36:46.267 [main] DEBUG com.github.dockerjava.zerodep.shaded.org.apache.hc.client5.http.wire - http-outgoing-1 >> "Connection: keep-alive[\r][\n]"
14:36:46.267 [main] DEBUG com.github.dockerjava.zerodep.shaded.org.apache.hc.client5.http.wire - http-outgoing-1 >> "User-Agent: Apache-HttpClient/5.0.3 (Java/21.0.1)[\r][\n]"
14:36:46.267 [main] DEBUG com.github.dockerjava.zerodep.shaded.org.apache.hc.client5.http.wire - http-outgoing-1 >> "[\r][\n]"
14:36:46.273 [main] DEBUG com.github.dockerjava.zerodep.shaded.org.apache.hc.client5.http.wire - http-outgoing-1 << "HTTP/1.1 200 OK[\r][\n]"
14:36:46.273 [main] DEBUG com.github.dockerjava.zerodep.shaded.org.apache.hc.client5.http.wire - http-outgoing-1 << "Api-Version: 1.43[\r][\n]"
14:36:46.273 [main] DEBUG com.github.dockerjava.zerodep.shaded.org.apache.hc.client5.http.wire - http-outgoing-1 << "Content-Type: application/json[\r][\n]"
14:36:46.273 [main] DEBUG com.github.dockerjava.zerodep.shaded.org.apache.hc.client5.http.wire - http-outgoing-1 << "Date: Tue, 23 Apr 2024 12:36:46 GMT[\r][\n]"
14:36:46.273 [main] DEBUG com.github.dockerjava.zerodep.shaded.org.apache.hc.client5.http.wire - http-outgoing-1 << "Docker-Experimental: false[\r][\n]"
14:36:46.273 [main] DEBUG com.github.dockerjava.zerodep.shaded.org.apache.hc.client5.http.wire - http-outgoing-1 << "Ostype: linux[\r][\n]"
14:36:46.273 [main] DEBUG com.github.dockerjava.zerodep.shaded.org.apache.hc.client5.http.wire - http-outgoing-1 << "Server: Docker/24.0.6 (linux)[\r][\n]"
14:36:46.273 [main] DEBUG com.github.dockerjava.zerodep.shaded.org.apache.hc.client5.http.wire - http-outgoing-1 << "Transfer-Encoding: chunked[\r][\n]"
14:36:46.273 [main] DEBUG com.github.dockerjava.zerodep.shaded.org.apache.hc.client5.http.wire - http-outgoing-1 << "[\r][\n]"
14:36:46.274 [main] DEBUG com.github.dockerjava.zerodep.shaded.org.apache.hc.client5.http.headers - http-outgoing-1 << HTTP/1.1 200 OK
14:36:46.274 [main] DEBUG com.github.dockerjava.zerodep.shaded.org.apache.hc.client5.http.headers - http-outgoing-1 << Api-Version: 1.43
14:36:46.274 [main] DEBUG com.github.dockerjava.zerodep.shaded.org.apache.hc.client5.http.headers - http-outgoing-1 << Content-Type: application/json
14:36:46.274 [main] DEBUG com.github.dockerjava.zerodep.shaded.org.apache.hc.client5.http.headers - http-outgoing-1 << Date: Tue, 23 Apr 2024 12:36:46 GMT
14:36:46.274 [main] DEBUG com.github.dockerjava.zerodep.shaded.org.apache.hc.client5.http.headers - http-outgoing-1 << Docker-Experimental: false
14:36:46.274 [main] DEBUG com.github.dockerjava.zerodep.shaded.org.apache.hc.client5.http.headers - http-outgoing-1 << Ostype: linux
14:36:46.274 [main] DEBUG com.github.dockerjava.zerodep.shaded.org.apache.hc.client5.http.headers - http-outgoing-1 << Server: Docker/24.0.6 (linux)
14:36:46.274 [main] DEBUG com.github.dockerjava.zerodep.shaded.org.apache.hc.client5.http.headers - http-outgoing-1 << Transfer-Encoding: chunked
14:36:46.274 [main] DEBUG com.github.dockerjava.zerodep.shaded.org.apache.hc.client5.http.impl.classic.MainClientExec - ex-00000008: connection can be kept alive for 3 MINUTES
14:36:46.275 [main] DEBUG com.github.dockerjava.zerodep.shaded.org.apache.hc.client5.http.wire - http-outgoing-1 << "13d1[\r][\n]"
14:36:46.275 [main] DEBUG com.github.dockerjava.zerodep.shaded.org.apache.hc.client5.http.wire - http-outgoing-1 << "{"Id":"4a4b73b8e7175378e06e848e8b9cb1220908a08ef974ebeb48d8a1be0e553bd5","Created":"2024-04-23T12:36:45.688718637Z","Path":"/app","Args":[],"State":{"Status":"running","Running":true,"Paused":false,"Restarting":false,"OOMKilled":false,"Dead":false,"Pid":3018,"ExitCode":0,"Error":"","StartedAt":"2024-04-23T12:36:46.208220717Z","FinishedAt":"0001-01-01T00:00:00Z"},"Image":"sha256:ee7515743e6fb92fd9ae2e9b8a4ad4516ed19507079788849c33025b3bfdb7a5","ResolvConfPath":"/var/lib/docker/containers/4a4b73b8e7175378e06e848e8b9cb1220908a08ef974ebeb48d8a1be0e553bd5/resolv.conf","HostnamePath":"/var/lib/docker/containers/4a4b73b8e7175378e06e848e8b9cb1220908a08ef974ebeb48d8a1be0e553bd5/hostname","HostsPath":"/var/lib/docker/containers/4a4b73b8e7175378e06e848e8b9cb1220908a08ef974ebeb48d8a1be0e553bd5/hosts","LogPath":"/var/lib/docker/containers/4a4b73b8e7175378e06e848e8b9cb1220908a08ef974ebeb48d8a1be0e553bd5/4a4b73b8e7175378e06e848e8b9cb1220908a08ef974ebeb48d8a1be0e553bd5-json.log","Name":"/testcontainers-ryuk-1ae74cd6-a8ac-4c43-9aa2-e005ceb54352","RestartCount":0,"Driver":"overlay2","Platform":"linux","MountLabel":"","ProcessLabel":"","AppArmorProfile":"","ExecIDs":null,"HostConfig":{"Binds":["//var/run/docker.sock:/var/run/docker.sock:rw"],"ContainerIDFile":"","LogConfig":{"Type":"json-file","Config":{}},"NetworkMode":"default","PortBindings":{"8080/tcp":[{"HostIp":"0.0.0.0","HostPort":"0"}]},"RestartPolicy":{"Name":"","MaximumRetryCount":0},"AutoRemove":true,"VolumeDriver":"","VolumesFrom":null,"ConsoleSize":[0,0],"CapAdd":null,"CapDrop":null,"CgroupnsMode":"host","Dns":null,"DnsOptions":null,"DnsSearch":null,"ExtraHosts":null,"GroupAdd":null,"IpcMode":"shareable","Cgroup":"","Links":null,"OomScoreAdj":0,"PidMode":"","Privileged":false,"PublishAllPorts":false,"ReadonlyRootfs":false,"SecurityOpt":null,"UTSMode":"","UsernsMode":"","ShmSize":67108864,"Runtime":"runc","Isolation":"","CpuShares":0,"Memory":0,"NanoCpus":0,"CgroupParent":"","BlkioWeight":0,"BlkioWeightDevice":null,"BlkioDeviceReadBps":null,"BlkioDeviceWriteBps":null,"BlkioDeviceReadIOps":null,"BlkioDeviceWriteIOps":null,"CpuPeriod":0,"CpuQuota":0,"CpuRealtimePeriod":0,"CpuRealtimeRuntime":0,"CpusetCpus":"","CpusetMems":"","Devices":null,"DeviceCgroupRules":null,"DeviceRequests":null,"MemoryReservation":0,"MemorySwap":0,"MemorySwappiness":null,"OomKillDisable":false,"PidsLimit":null,"Ulimits":null,"CpuCount":0,"CpuPercent":0,"IOMaximumIOps":0,"IOMaximumBandwidth":0,"MaskedPaths":["/proc/asound","/proc/acpi","/proc/kcore","/proc/keys","/proc/latency_stats","/proc/timer_list","/proc/timer_stats","/proc/sched_debug","/proc/scsi","/sys/firmware"],"ReadonlyPaths":["/proc/bus","/proc/fs","/proc/irq","/proc/sys","/proc/sysrq-trigger"]},"GraphDriver":{"Data":{"LowerDir":"/var/lib/docker/overlay2/c83d42ab7904d51e7f2397e9107b86f96b4b6ec00f98b78c658e36bb37413159-init/diff:/var/lib/docker/overlay2/bd6123557dc62320f75faccde96ead9e15321cd5f22452469cc50c167fa86046/diff:/var/lib/docker/overlay2/1738605bdf6e82da604deccfa1d8daaf7e54e5620e099504f184dd59bd6d784d/diff:/var/lib/docker/overlay2/d98694e47c313b666219b4adb6024f513f68277c034562aab578e91e3d4d9b9e/diff","MergedDir":"/var/lib/docker/overlay2/c83d42ab7904d51e7f2397e9107b86f96b4b6ec00f98b78c658e36bb37413159/merged","UpperDir":"/var/lib/docker/overlay2/c83d42ab7904d51e7f2397e9107b86f96b4b6ec00f98b78c658e36bb37413159/diff","WorkDir":"/var/lib/docker/overlay2/c83d42ab7904d51e7f2397e9107b86f96b4b6ec00f98b78c658e36bb37413159/work"},"Name":"overlay2"},"Mounts":[{"Type":"bind","Source":"//var/run/docker.sock","Destination":"/var/run/docker.sock","Mode":"rw","RW":true,"Propagation":"rprivate"}],"Config":{"Hostname":"4a4b73b8e717","Domainname":"","User":"","AttachStdin":false,"AttachStdout":false,"AttachStderr":false,"ExposedPorts":{"8080/tcp":{}},"Tty":false,"OpenStdin":false,"StdinOnce":false,"Env":["PATH=/usr/local/sbin:/usr/local/bin:/usr/sbin:/usr/bin:/sbin:/bin"],"Cmd":["/app"],"Image":"testcontainers/ryuk:0.3.1","Volumes":null,"WorkingDir":"","Entrypoint":null,"OnBuild":null,"Labels":{"org.testcontainers":"true"}},"NetworkSettings":{"Brid"
14:36:46.354 [main] DEBUG com.github.dockerjava.zerodep.shaded.org.apache.hc.client5.http.wire - http-outgoing-1 << "ge":"","SandboxID":"85b3b5cf23000f72888d695f3eac204e0aabc0a5949eb9db875bb13d8ed6ccce","HairpinMode":false,"LinkLocalIPv6Address":"","LinkLocalIPv6PrefixLen":0,"Ports":{"8080/tcp":[{"HostIp":"0.0.0.0","HostPort":"61226"}]},"SandboxKey":"/var/run/docker/netns/85b3b5cf2300","SecondaryIPAddresses":null,"SecondaryIPv6Addresses":null,"EndpointID":"93faa0338cdf99104fd276437a5b355d5843ce00a17a6bf98da6cfd0d03ccddf","Gateway":"172.17.0.1","GlobalIPv6Address":"","GlobalIPv6PrefixLen":0,"IPAddress":"172.17.0.2","IPPrefixLen":16,"IPv6Gateway":"","MacAddress":"02:42:ac:11:00:02","Networks":{"bridge":{"IPAMConfig":null,"Links":null,"Aliases":null,"NetworkID":"443b467e5fdc845ed5dc4d32e94523e404f807cca91547cc0fc189d24833fa80","EndpointID":"93faa0338cdf99104fd276437a5b355d5843ce00a17a6bf98da6cfd0d03ccddf","Gateway":"172.17.0.1","IPAddress":"172.17.0.2","IPPrefixLen":16,"IPv6Gateway":"","GlobalIPv6Address":"","GlobalIPv6PrefixLen":0,"MacAddress":"02:42:ac:11:00:02","DriverOpts":null}}}}[\n]"
14:36:46.399 [main] DEBUG com.github.dockerjava.zerodep.shaded.org.apache.hc.client5.http.wire - http-outgoing-1 << "[\r][\n]"
14:36:46.399 [main] DEBUG com.github.dockerjava.zerodep.shaded.org.apache.hc.client5.http.wire - http-outgoing-1 << "0[\r][\n]"
14:36:46.399 [main] DEBUG com.github.dockerjava.zerodep.shaded.org.apache.hc.client5.http.wire - http-outgoing-1 << "[\r][\n]"
14:36:46.399 [main] DEBUG com.github.dockerjava.zerodep.shaded.org.apache.hc.client5.http.impl.classic.InternalHttpClient - ep-00000007: releasing valid endpoint
14:36:46.399 [main] DEBUG com.github.dockerjava.zerodep.shaded.org.apache.hc.client5.http.impl.io.PoolingHttpClientConnectionManager - ep-00000007: releasing endpoint
14:36:46.399 [main] DEBUG com.github.dockerjava.zerodep.shaded.org.apache.hc.client5.http.impl.io.PoolingHttpClientConnectionManager - ep-00000007: connection http-outgoing-1 can be kept alive for 3 MINUTES
14:36:46.400 [main] DEBUG com.github.dockerjava.zerodep.shaded.org.apache.hc.client5.http.impl.io.PoolingHttpClientConnectionManager - ep-00000007: connection released [route: {}->npipe://localhost:2375][total available: 1; route allocated: 2 of 2147483647; total allocated: 2 of 2147483647]
14:36:46.416 [docker-java-stream--398303770] DEBUG com.github.dockerjava.zerodep.shaded.org.apache.hc.client5.http.wire - http-outgoing-0 << "7d[\r][\n]"
14:36:46.416 [docker-java-stream--398303770] DEBUG com.github.dockerjava.zerodep.shaded.org.apache.hc.client5.http.wire - http-outgoing-0 << "[0x2][0x0][0x0][0x0][0x0][0x0][0x0];2024/04/23 12:36:46 New client connected: 172.17.0.1:42692[\n]"
14:36:46.416 [docker-java-stream--398303770] DEBUG com.github.dockerjava.zerodep.shaded.org.apache.hc.client5.http.wire - http-outgoing-0 << "[0x2][0x0][0x0][0x0][0x0][0x0][0x0]22024/04/23 12:36:46 Received the first connection[\n]"
14:36:46.416 [docker-java-stream--398303770] DEBUG com.github.dockerjava.zerodep.shaded.org.apache.hc.client5.http.wire - http-outgoing-0 << "[\r][\n]"
14:36:46.416 [testcontainers-ryuk] DEBUG org.testcontainers.utility.ResourceReaper - Sending 'label=org.testcontainers%3Dtrue&label=org.testcontainers.sessionId%3D1ae74cd6-a8ac-4c43-9aa2-e005ceb54352' to Ryuk
14:36:46.420 [testcontainers-ryuk] DEBUG org.testcontainers.utility.ResourceReaper - Received 'ACK' from Ryuk
14:36:46.421 [docker-java-stream--398303770] DEBUG com.github.dockerjava.zerodep.shaded.org.apache.hc.client5.http.wire - http-outgoing-0 << "97[\r][\n]"
14:36:46.422 [docker-java-stream--398303770] DEBUG com.github.dockerjava.zerodep.shaded.org.apache.hc.client5.http.wire - http-outgoing-0 << "[0x2][0x0][0x0][0x0][0x0][0x0][0x0][0xffffff8f]2024/04/23 12:36:46 Adding {"label":{"org.testcontainers.sessionId=1ae74cd6-a8ac-4c43-9aa2-e005ceb54352":true,"org.testcontainers=true":true}}[\n]"
14:36:46.422 [docker-java-stream--398303770] DEBUG com.github.dockerjava.zerodep.shaded.org.apache.hc.client5.http.wire - http-outgoing-0 << "[\r][\n]"
14:36:46.421 [main] DEBUG com.github.dockerjava.zerodep.shaded.org.apache.hc.client5.http.impl.classic.InternalHttpClient - ep-00000006: cancel
14:36:46.423 [main] DEBUG com.github.dockerjava.zerodep.shaded.org.apache.hc.client5.http.impl.io.DefaultManagedHttpClientConnection - http-outgoing-0: close connection IMMEDIATE
14:36:46.424 [main] DEBUG com.github.dockerjava.zerodep.shaded.org.apache.hc.client5.http.impl.classic.InternalHttpClient - ep-00000006: endpoint closed
14:36:46.424 [main] DEBUG com.github.dockerjava.zerodep.shaded.org.apache.hc.client5.http.impl.classic.InternalHttpClient - ep-00000006: discarding endpoint
14:36:46.424 [docker-java-stream--398303770] DEBUG com.github.dockerjava.zerodep.shaded.org.apache.hc.client5.http.wire - http-outgoing-0 << "end of stream"
14:36:46.424 [main] DEBUG com.github.dockerjava.zerodep.shaded.org.apache.hc.client5.http.impl.io.PoolingHttpClientConnectionManager - ep-00000006: releasing endpoint
14:36:46.424 [main] DEBUG com.github.dockerjava.zerodep.shaded.org.apache.hc.client5.http.impl.io.PoolingHttpClientConnectionManager - ep-00000006: connection is not kept alive
14:36:46.425 [main] DEBUG com.github.dockerjava.zerodep.shaded.org.apache.hc.client5.http.impl.io.PoolingHttpClientConnectionManager - ep-00000006: connection released [route: {}->npipe://localhost:2375][total available: 1; route allocated: 1 of 2147483647; total allocated: 1 of 2147483647]
14:36:46.428 [docker-java-stream--398303770] DEBUG com.github.dockerjava.zerodep.shaded.org.apache.hc.client5.http.wire - http-outgoing-0 << "[read] I/O error: java.nio.channels.ClosedChannelException"
14:36:46.429 [main] DEBUG com.github.dockerjava.zerodep.shaded.org.apache.hc.client5.http.wire - http-outgoing-0 << "[read] I/O error: java.nio.channels.ClosedChannelException"
14:36:46.433 [docker-java-stream--398303770] DEBUG com.github.dockerjava.zerodep.ApacheDockerHttpClientImpl$ApacheResponse - Failed to close the response
java.io.IOException: java.nio.channels.ClosedChannelException
	at java.base/java.nio.channels.Channels$1.read(Channels.java:166)
	at com.github.dockerjava.zerodep.shaded.org.apache.hc.client5.http.impl.io.LoggingInputStream.read(LoggingInputStream.java:81)
	at com.github.dockerjava.zerodep.shaded.org.apache.hc.core5.http.impl.io.SessionInputBufferImpl.fillBuffer(SessionInputBufferImpl.java:149)
	at com.github.dockerjava.zerodep.shaded.org.apache.hc.core5.http.impl.io.SessionInputBufferImpl.readLine(SessionInputBufferImpl.java:280)
	at com.github.dockerjava.zerodep.shaded.org.apache.hc.core5.http.impl.io.ChunkedInputStream.getChunkSize(ChunkedInputStream.java:261)
	at com.github.dockerjava.zerodep.shaded.org.apache.hc.core5.http.impl.io.ChunkedInputStream.nextChunk(ChunkedInputStream.java:222)
	at com.github.dockerjava.zerodep.shaded.org.apache.hc.core5.http.impl.io.ChunkedInputStream.read(ChunkedInputStream.java:147)
	at com.github.dockerjava.zerodep.shaded.org.apache.hc.core5.http.impl.io.ChunkedInputStream.close(ChunkedInputStream.java:314)
	at com.github.dockerjava.zerodep.shaded.org.apache.hc.core5.io.Closer.close(Closer.java:48)
	at com.github.dockerjava.zerodep.shaded.org.apache.hc.core5.http.impl.io.IncomingHttpEntity.close(IncomingHttpEntity.java:111)
	at com.github.dockerjava.zerodep.shaded.org.apache.hc.core5.http.io.entity.HttpEntityWrapper.close(HttpEntityWrapper.java:120)
	at com.github.dockerjava.zerodep.shaded.org.apache.hc.core5.io.Closer.close(Closer.java:48)
	at com.github.dockerjava.zerodep.shaded.org.apache.hc.core5.http.message.BasicClassicHttpResponse.close(BasicClassicHttpResponse.java:93)
	at com.github.dockerjava.zerodep.shaded.org.apache.hc.client5.http.impl.classic.CloseableHttpResponse.close(CloseableHttpResponse.java:200)
	at com.github.dockerjava.zerodep.ApacheDockerHttpClientImpl$ApacheResponse.close(ApacheDockerHttpClientImpl.java:240)
	at org.testcontainers.shaded.com.github.dockerjava.core.DefaultInvocationBuilder.lambda$executeAndStream$1(DefaultInvocationBuilder.java:277)
	at java.base/java.lang.Thread.run(Thread.java:1583)
Caused by: java.nio.channels.ClosedChannelException: null
	at java.base/sun.nio.ch.WindowsAsynchronousFileChannelImpl.implRead(WindowsAsynchronousFileChannelImpl.java:521)
	at java.base/sun.nio.ch.AsynchronousFileChannelImpl.read(AsynchronousFileChannelImpl.java:229)
	at com.github.dockerjava.transport.NamedPipeSocket$AsynchronousFileByteChannel.read(NamedPipeSocket.java:117)
	at java.base/java.nio.channels.Channels$1.read(Channels.java:164)
	... 16 common frames omitted
14:36:46.433 [main] DEBUG com.github.dockerjava.zerodep.ApacheDockerHttpClientImpl$ApacheResponse - Failed to close the response
java.io.IOException: java.nio.channels.ClosedChannelException
	at java.base/java.nio.channels.Channels$1.read(Channels.java:166)
	at com.github.dockerjava.zerodep.shaded.org.apache.hc.client5.http.impl.io.LoggingInputStream.read(LoggingInputStream.java:81)
	at com.github.dockerjava.zerodep.shaded.org.apache.hc.core5.http.impl.io.SessionInputBufferImpl.fillBuffer(SessionInputBufferImpl.java:149)
	at com.github.dockerjava.zerodep.shaded.org.apache.hc.core5.http.impl.io.SessionInputBufferImpl.readLine(SessionInputBufferImpl.java:280)
	at com.github.dockerjava.zerodep.shaded.org.apache.hc.core5.http.impl.io.ChunkedInputStream.getChunkSize(ChunkedInputStream.java:261)
	at com.github.dockerjava.zerodep.shaded.org.apache.hc.core5.http.impl.io.ChunkedInputStream.nextChunk(ChunkedInputStream.java:222)
	at com.github.dockerjava.zerodep.shaded.org.apache.hc.core5.http.impl.io.ChunkedInputStream.read(ChunkedInputStream.java:147)
	at com.github.dockerjava.zerodep.shaded.org.apache.hc.core5.http.impl.io.ChunkedInputStream.close(ChunkedInputStream.java:314)
	at com.github.dockerjava.zerodep.shaded.org.apache.hc.core5.io.Closer.close(Closer.java:48)
	at com.github.dockerjava.zerodep.shaded.org.apache.hc.core5.http.impl.io.IncomingHttpEntity.close(IncomingHttpEntity.java:111)
	at com.github.dockerjava.zerodep.shaded.org.apache.hc.core5.http.io.entity.HttpEntityWrapper.close(HttpEntityWrapper.java:120)
	at com.github.dockerjava.zerodep.shaded.org.apache.hc.core5.io.Closer.close(Closer.java:48)
	at com.github.dockerjava.zerodep.shaded.org.apache.hc.core5.http.message.BasicClassicHttpResponse.close(BasicClassicHttpResponse.java:93)
	at com.github.dockerjava.zerodep.shaded.org.apache.hc.client5.http.impl.classic.CloseableHttpResponse.close(CloseableHttpResponse.java:200)
	at com.github.dockerjava.zerodep.ApacheDockerHttpClientImpl$ApacheResponse.close(ApacheDockerHttpClientImpl.java:240)
	at org.testcontainers.shaded.com.github.dockerjava.core.DefaultInvocationBuilder.lambda$null$0(DefaultInvocationBuilder.java:272)
	at com.github.dockerjava.api.async.ResultCallbackTemplate.close(ResultCallbackTemplate.java:77)
	at org.testcontainers.utility.ResourceReaper.start(ResourceReaper.java:231)
	at org.testcontainers.DockerClientFactory.client(DockerClientFactory.java:204)
	at org.testcontainers.LazyDockerClient.getDockerClient(LazyDockerClient.java:14)
	at org.testcontainers.LazyDockerClient.authConfig(LazyDockerClient.java:12)
	at org.testcontainers.containers.GenericContainer.start(GenericContainer.java:314)
	at org.testcontainers.junit.jupiter.TestcontainersExtension$StoreAdapter.start(TestcontainersExtension.java:242)
	at org.testcontainers.junit.jupiter.TestcontainersExtension$StoreAdapter.access$200(TestcontainersExtension.java:229)
	at org.testcontainers.junit.jupiter.TestcontainersExtension.lambda$null$1(TestcontainersExtension.java:59)
	at org.junit.jupiter.engine.execution.ExtensionValuesStore.lambda$getOrComputeIfAbsent$4(ExtensionValuesStore.java:86)
	at org.junit.jupiter.engine.execution.ExtensionValuesStore$MemoizingSupplier.computeValue(ExtensionValuesStore.java:223)
	at org.junit.jupiter.engine.execution.ExtensionValuesStore$MemoizingSupplier.get(ExtensionValuesStore.java:211)
	at org.junit.jupiter.engine.execution.ExtensionValuesStore$StoredValue.evaluate(ExtensionValuesStore.java:191)
	at org.junit.jupiter.engine.execution.ExtensionValuesStore$StoredValue.access$100(ExtensionValuesStore.java:171)
	at org.junit.jupiter.engine.execution.ExtensionValuesStore.getOrComputeIfAbsent(ExtensionValuesStore.java:89)
	at org.junit.jupiter.engine.execution.NamespaceAwareStore.getOrComputeIfAbsent(NamespaceAwareStore.java:53)
	at org.testcontainers.junit.jupiter.TestcontainersExtension.lambda$beforeAll$2(TestcontainersExtension.java:59)
	at java.base/java.util.ArrayList.forEach(ArrayList.java:1596)
	at org.testcontainers.junit.jupiter.TestcontainersExtension.beforeAll(TestcontainersExtension.java:59)
	at org.junit.jupiter.engine.descriptor.ClassBasedTestDescriptor.lambda$invokeBeforeAllCallbacks$10(ClassBasedTestDescriptor.java:381)
	at org.junit.platform.engine.support.hierarchical.ThrowableCollector.execute(ThrowableCollector.java:73)
	at org.junit.jupiter.engine.descriptor.ClassBasedTestDescriptor.invokeBeforeAllCallbacks(ClassBasedTestDescriptor.java:381)
	at org.junit.jupiter.engine.descriptor.ClassBasedTestDescriptor.before(ClassBasedTestDescriptor.java:205)
	at org.junit.jupiter.engine.descriptor.ClassBasedTestDescriptor.before(ClassBasedTestDescriptor.java:80)
	at org.junit.platform.engine.support.hierarchical.NodeTestTask.lambda$executeRecursively$6(NodeTestTask.java:148)
	at org.junit.platform.engine.support.hierarchical.ThrowableCollector.execute(ThrowableCollector.java:73)
	at org.junit.platform.engine.support.hierarchical.NodeTestTask.lambda$executeRecursively$8(NodeTestTask.java:141)
	at org.junit.platform.engine.support.hierarchical.Node.around(Node.java:137)
	at org.junit.platform.engine.support.hierarchical.NodeTestTask.lambda$executeRecursively$9(NodeTestTask.java:139)
	at org.junit.platform.engine.support.hierarchical.ThrowableCollector.execute(ThrowableCollector.java:73)
	at org.junit.platform.engine.support.hierarchical.NodeTestTask.executeRecursively(NodeTestTask.java:138)
	at org.junit.platform.engine.support.hierarchical.NodeTestTask.execute(NodeTestTask.java:95)
	at java.base/java.util.ArrayList.forEach(ArrayList.java:1596)
	at org.junit.platform.engine.support.hierarchical.SameThreadHierarchicalTestExecutorService.invokeAll(SameThreadHierarchicalTestExecutorService.java:41)
	at org.junit.platform.engine.support.hierarchical.NodeTestTask.lambda$executeRecursively$6(NodeTestTask.java:155)
	at org.junit.platform.engine.support.hierarchical.ThrowableCollector.execute(ThrowableCollector.java:73)
	at org.junit.platform.engine.support.hierarchical.NodeTestTask.lambda$executeRecursively$8(NodeTestTask.java:141)
	at org.junit.platform.engine.support.hierarchical.Node.around(Node.java:137)
	at org.junit.platform.engine.support.hierarchical.NodeTestTask.lambda$executeRecursively$9(NodeTestTask.java:139)
	at org.junit.platform.engine.support.hierarchical.ThrowableCollector.execute(ThrowableCollector.java:73)
	at org.junit.platform.engine.support.hierarchical.NodeTestTask.executeRecursively(NodeTestTask.java:138)
	at org.junit.platform.engine.support.hierarchical.NodeTestTask.execute(NodeTestTask.java:95)
	at org.junit.platform.engine.support.hierarchical.SameThreadHierarchicalTestExecutorService.submit(SameThreadHierarchicalTestExecutorService.java:35)
	at org.junit.platform.engine.support.hierarchical.HierarchicalTestExecutor.execute(HierarchicalTestExecutor.java:57)
	at org.junit.platform.engine.support.hierarchical.HierarchicalTestEngine.execute(HierarchicalTestEngine.java:54)
	at org.junit.platform.launcher.core.EngineExecutionOrchestrator.execute(EngineExecutionOrchestrator.java:107)
	at org.junit.platform.launcher.core.EngineExecutionOrchestrator.execute(EngineExecutionOrchestrator.java:88)
	at org.junit.platform.launcher.core.EngineExecutionOrchestrator.lambda$execute$0(EngineExecutionOrchestrator.java:54)
	at org.junit.platform.launcher.core.EngineExecutionOrchestrator.withInterceptedStreams(EngineExecutionOrchestrator.java:67)
	at org.junit.platform.launcher.core.EngineExecutionOrchestrator.execute(EngineExecutionOrchestrator.java:52)
	at org.junit.platform.launcher.core.DefaultLauncher.execute(DefaultLauncher.java:114)
	at org.junit.platform.launcher.core.DefaultLauncher.execute(DefaultLauncher.java:86)
	at org.junit.platform.launcher.core.DefaultLauncherSession$DelegatingLauncher.execute(DefaultLauncherSession.java:86)
	at org.apache.maven.surefire.junitplatform.LazyLauncher.execute(LazyLauncher.java:56)
	at org.apache.maven.surefire.junitplatform.JUnitPlatformProvider.execute(JUnitPlatformProvider.java:184)
	at org.apache.maven.surefire.junitplatform.JUnitPlatformProvider.invokeAllTests(JUnitPlatformProvider.java:148)
	at org.apache.maven.surefire.junitplatform.JUnitPlatformProvider.invoke(JUnitPlatformProvider.java:122)
	at org.apache.maven.surefire.booter.ForkedBooter.runSuitesInProcess(ForkedBooter.java:385)
	at org.apache.maven.surefire.booter.ForkedBooter.execute(ForkedBooter.java:162)
	at org.apache.maven.surefire.booter.ForkedBooter.run(ForkedBooter.java:507)
	at org.apache.maven.surefire.booter.ForkedBooter.main(ForkedBooter.java:495)
Caused by: java.nio.channels.ClosedChannelException: null
	at java.base/sun.nio.ch.WindowsAsynchronousFileChannelImpl.implRead(WindowsAsynchronousFileChannelImpl.java:521)
	at java.base/sun.nio.ch.AsynchronousFileChannelImpl.read(AsynchronousFileChannelImpl.java:229)
	at com.github.dockerjava.transport.NamedPipeSocket$AsynchronousFileByteChannel.read(NamedPipeSocket.java:117)
	at java.base/java.nio.channels.Channels$1.read(Channels.java:164)
	... 76 common frames omitted
14:36:46.433 [main] INFO org.testcontainers.DockerClientFactory - Ryuk started - will monitor and terminate Testcontainers containers on JVM exit
14:36:46.433 [main] DEBUG org.testcontainers.DockerClientFactory - Checks are enabled
14:36:46.433 [main] INFO org.testcontainers.DockerClientFactory - Checking the system...
14:36:46.434 [main] INFO org.testcontainers.DockerClientFactory - ✔︎ Docker server version should be at least 1.6.0
14:36:46.436 [main] DEBUG org.testcontainers.shaded.com.github.dockerjava.core.command.AbstrDockerCmd - Cmd: 4a4b73b8e7175378e06e848e8b9cb1220908a08ef974ebeb48d8a1be0e553bd5,<null>,true,<null>,<null>,<null>,<null>,{df,-P},<null>,<null>
14:36:46.442 [main] DEBUG com.github.dockerjava.zerodep.shaded.org.apache.hc.client5.http.impl.classic.InternalHttpClient - ex-00000009: preparing request execution
14:36:46.443 [main] DEBUG com.github.dockerjava.zerodep.shaded.org.apache.hc.client5.http.protocol.RequestAddCookies - Cookie spec selected: strict
14:36:46.443 [main] DEBUG com.github.dockerjava.zerodep.shaded.org.apache.hc.client5.http.protocol.RequestAuthCache - Auth cache not set in the context
14:36:46.443 [main] DEBUG com.github.dockerjava.zerodep.shaded.org.apache.hc.client5.http.impl.classic.ProtocolExec - ex-00000009: target auth state: UNCHALLENGED
14:36:46.443 [main] DEBUG com.github.dockerjava.zerodep.shaded.org.apache.hc.client5.http.impl.classic.ProtocolExec - ex-00000009: proxy auth state: UNCHALLENGED
14:36:46.443 [main] DEBUG com.github.dockerjava.zerodep.shaded.org.apache.hc.client5.http.impl.classic.ConnectExec - ex-00000009: acquiring connection with route {}->npipe://localhost:2375
14:36:46.443 [main] DEBUG com.github.dockerjava.zerodep.shaded.org.apache.hc.client5.http.impl.classic.InternalHttpClient - ex-00000009: acquiring endpoint (3 MINUTES)
14:36:46.444 [main] DEBUG com.github.dockerjava.zerodep.shaded.org.apache.hc.client5.http.impl.io.PoolingHttpClientConnectionManager - ex-00000009: endpoint lease request (3 MINUTES) [route: {}->npipe://localhost:2375][total available: 1; route allocated: 1 of 2147483647; total allocated: 1 of 2147483647]
14:36:46.444 [main] DEBUG com.github.dockerjava.zerodep.shaded.org.apache.hc.client5.http.impl.io.PoolingHttpClientConnectionManager - ex-00000009: endpoint leased [route: {}->npipe://localhost:2375][total available: 0; route allocated: 1 of 2147483647; total allocated: 1 of 2147483647]
14:36:46.444 [main] DEBUG com.github.dockerjava.zerodep.shaded.org.apache.hc.client5.http.impl.io.PoolingHttpClientConnectionManager - ex-00000009: acquired ep-00000008
14:36:46.444 [main] DEBUG com.github.dockerjava.zerodep.shaded.org.apache.hc.client5.http.impl.classic.InternalHttpClient - ex-00000009: acquired endpoint ep-00000008
14:36:46.444 [main] DEBUG com.github.dockerjava.zerodep.shaded.org.apache.hc.client5.http.impl.classic.MainClientExec - ex-00000009: executing POST /v1.32/containers/4a4b73b8e7175378e06e848e8b9cb1220908a08ef974ebeb48d8a1be0e553bd5/exec HTTP/1.1
14:36:46.444 [main] DEBUG com.github.dockerjava.zerodep.shaded.org.apache.hc.client5.http.impl.classic.InternalHttpClient - ep-00000008: start execution ex-00000009
14:36:46.444 [main] DEBUG com.github.dockerjava.zerodep.shaded.org.apache.hc.client5.http.impl.io.PoolingHttpClientConnectionManager - ep-00000008: executing exchange ex-00000009 over http-outgoing-1
14:36:46.444 [main] DEBUG com.github.dockerjava.zerodep.shaded.org.apache.hc.client5.http.headers - http-outgoing-1 >> POST /v1.32/containers/4a4b73b8e7175378e06e848e8b9cb1220908a08ef974ebeb48d8a1be0e553bd5/exec HTTP/1.1
14:36:46.444 [main] DEBUG com.github.dockerjava.zerodep.shaded.org.apache.hc.client5.http.headers - http-outgoing-1 >> accept: application/json
14:36:46.445 [main] DEBUG com.github.dockerjava.zerodep.shaded.org.apache.hc.client5.http.headers - http-outgoing-1 >> content-type: application/json
14:36:46.445 [main] DEBUG com.github.dockerjava.zerodep.shaded.org.apache.hc.client5.http.headers - http-outgoing-1 >> Accept-Encoding: gzip, x-gzip, deflate
14:36:46.445 [main] DEBUG com.github.dockerjava.zerodep.shaded.org.apache.hc.client5.http.headers - http-outgoing-1 >> Content-Length: 229
14:36:46.445 [main] DEBUG com.github.dockerjava.zerodep.shaded.org.apache.hc.client5.http.headers - http-outgoing-1 >> Host: localhost:2375
14:36:46.445 [main] DEBUG com.github.dockerjava.zerodep.shaded.org.apache.hc.client5.http.headers - http-outgoing-1 >> Connection: keep-alive
14:36:46.445 [main] DEBUG com.github.dockerjava.zerodep.shaded.org.apache.hc.client5.http.headers - http-outgoing-1 >> User-Agent: Apache-HttpClient/5.0.3 (Java/21.0.1)
14:36:46.445 [main] DEBUG com.github.dockerjava.zerodep.shaded.org.apache.hc.client5.http.wire - http-outgoing-1 >> "POST /v1.32/containers/4a4b73b8e7175378e06e848e8b9cb1220908a08ef974ebeb48d8a1be0e553bd5/exec HTTP/1.1[\r][\n]"
14:36:46.445 [main] DEBUG com.github.dockerjava.zerodep.shaded.org.apache.hc.client5.http.wire - http-outgoing-1 >> "accept: application/json[\r][\n]"
14:36:46.445 [main] DEBUG com.github.dockerjava.zerodep.shaded.org.apache.hc.client5.http.wire - http-outgoing-1 >> "content-type: application/json[\r][\n]"
14:36:46.445 [main] DEBUG com.github.dockerjava.zerodep.shaded.org.apache.hc.client5.http.wire - http-outgoing-1 >> "Accept-Encoding: gzip, x-gzip, deflate[\r][\n]"
14:36:46.445 [main] DEBUG com.github.dockerjava.zerodep.shaded.org.apache.hc.client5.http.wire - http-outgoing-1 >> "Content-Length: 229[\r][\n]"
14:36:46.445 [main] DEBUG com.github.dockerjava.zerodep.shaded.org.apache.hc.client5.http.wire - http-outgoing-1 >> "Host: localhost:2375[\r][\n]"
14:36:46.445 [main] DEBUG com.github.dockerjava.zerodep.shaded.org.apache.hc.client5.http.wire - http-outgoing-1 >> "Connection: keep-alive[\r][\n]"
14:36:46.445 [main] DEBUG com.github.dockerjava.zerodep.shaded.org.apache.hc.client5.http.wire - http-outgoing-1 >> "User-Agent: Apache-HttpClient/5.0.3 (Java/21.0.1)[\r][\n]"
14:36:46.445 [main] DEBUG com.github.dockerjava.zerodep.shaded.org.apache.hc.client5.http.wire - http-outgoing-1 >> "[\r][\n]"
14:36:46.445 [main] DEBUG com.github.dockerjava.zerodep.shaded.org.apache.hc.client5.http.wire - http-outgoing-1 >> "{"containerId":"4a4b73b8e7175378e06e848e8b9cb1220908a08ef974ebeb48d8a1be0e553bd5","AttachStdin":null,"AttachStdout":true,"AttachStderr":null,"Tty":null,"Privileged":null,"User":null,"Cmd":["df","-P"],"Env":null,"WorkingDir":null}"
14:36:46.451 [main] DEBUG com.github.dockerjava.zerodep.shaded.org.apache.hc.client5.http.wire - http-outgoing-1 << "HTTP/1.1 201 Created[\r][\n]"
14:36:46.452 [main] DEBUG com.github.dockerjava.zerodep.shaded.org.apache.hc.client5.http.wire - http-outgoing-1 << "Api-Version: 1.43[\r][\n]"
14:36:46.452 [main] DEBUG com.github.dockerjava.zerodep.shaded.org.apache.hc.client5.http.wire - http-outgoing-1 << "Content-Type: application/json[\r][\n]"
14:36:46.452 [main] DEBUG com.github.dockerjava.zerodep.shaded.org.apache.hc.client5.http.wire - http-outgoing-1 << "Date: Tue, 23 Apr 2024 12:36:46 GMT[\r][\n]"
14:36:46.452 [main] DEBUG com.github.dockerjava.zerodep.shaded.org.apache.hc.client5.http.wire - http-outgoing-1 << "Docker-Experimental: false[\r][\n]"
14:36:46.452 [main] DEBUG com.github.dockerjava.zerodep.shaded.org.apache.hc.client5.http.wire - http-outgoing-1 << "Ostype: linux[\r][\n]"
14:36:46.452 [main] DEBUG com.github.dockerjava.zerodep.shaded.org.apache.hc.client5.http.wire - http-outgoing-1 << "Server: Docker/24.0.6 (linux)[\r][\n]"
14:36:46.452 [main] DEBUG com.github.dockerjava.zerodep.shaded.org.apache.hc.client5.http.wire - http-outgoing-1 << "Transfer-Encoding: chunked[\r][\n]"
14:36:46.452 [main] DEBUG com.github.dockerjava.zerodep.shaded.org.apache.hc.client5.http.wire - http-outgoing-1 << "[\r][\n]"
14:36:46.452 [main] DEBUG com.github.dockerjava.zerodep.shaded.org.apache.hc.client5.http.headers - http-outgoing-1 << HTTP/1.1 201 Created
14:36:46.452 [main] DEBUG com.github.dockerjava.zerodep.shaded.org.apache.hc.client5.http.headers - http-outgoing-1 << Api-Version: 1.43
14:36:46.452 [main] DEBUG com.github.dockerjava.zerodep.shaded.org.apache.hc.client5.http.headers - http-outgoing-1 << Content-Type: application/json
14:36:46.452 [main] DEBUG com.github.dockerjava.zerodep.shaded.org.apache.hc.client5.http.headers - http-outgoing-1 << Date: Tue, 23 Apr 2024 12:36:46 GMT
14:36:46.452 [main] DEBUG com.github.dockerjava.zerodep.shaded.org.apache.hc.client5.http.headers - http-outgoing-1 << Docker-Experimental: false
14:36:46.452 [main] DEBUG com.github.dockerjava.zerodep.shaded.org.apache.hc.client5.http.headers - http-outgoing-1 << Ostype: linux
14:36:46.453 [main] DEBUG com.github.dockerjava.zerodep.shaded.org.apache.hc.client5.http.headers - http-outgoing-1 << Server: Docker/24.0.6 (linux)
14:36:46.453 [main] DEBUG com.github.dockerjava.zerodep.shaded.org.apache.hc.client5.http.headers - http-outgoing-1 << Transfer-Encoding: chunked
14:36:46.453 [main] DEBUG com.github.dockerjava.zerodep.shaded.org.apache.hc.client5.http.impl.classic.MainClientExec - ex-00000009: connection can be kept alive for 3 MINUTES
14:36:46.453 [main] DEBUG com.github.dockerjava.zerodep.shaded.org.apache.hc.client5.http.wire - http-outgoing-1 << "4a[\r][\n]"
14:36:46.453 [main] DEBUG com.github.dockerjava.zerodep.shaded.org.apache.hc.client5.http.wire - http-outgoing-1 << "{"Id":"3439723dfd90dea4d95be562f05d8ebc6764ea4b362cae1af072b03c4fee273d"}[\n]"
14:36:46.453 [main] DEBUG com.github.dockerjava.zerodep.shaded.org.apache.hc.client5.http.wire - http-outgoing-1 << "[\r][\n]"
14:36:46.454 [main] DEBUG com.github.dockerjava.zerodep.shaded.org.apache.hc.client5.http.wire - http-outgoing-1 << "0[\r][\n]"
14:36:46.454 [main] DEBUG com.github.dockerjava.zerodep.shaded.org.apache.hc.client5.http.wire - http-outgoing-1 << "[\r][\n]"
14:36:46.455 [main] DEBUG com.github.dockerjava.zerodep.shaded.org.apache.hc.client5.http.impl.classic.InternalHttpClient - ep-00000008: releasing valid endpoint
14:36:46.455 [main] DEBUG com.github.dockerjava.zerodep.shaded.org.apache.hc.client5.http.impl.io.PoolingHttpClientConnectionManager - ep-00000008: releasing endpoint
14:36:46.455 [main] DEBUG com.github.dockerjava.zerodep.shaded.org.apache.hc.client5.http.impl.io.PoolingHttpClientConnectionManager - ep-00000008: connection http-outgoing-1 can be kept alive for 3 MINUTES
14:36:46.455 [main] DEBUG com.github.dockerjava.zerodep.shaded.org.apache.hc.client5.http.impl.io.PoolingHttpClientConnectionManager - ep-00000008: connection released [route: {}->npipe://localhost:2375][total available: 1; route allocated: 1 of 2147483647; total allocated: 1 of 2147483647]
14:36:46.460 [docker-java-stream--1213840017] DEBUG com.github.dockerjava.zerodep.shaded.org.apache.hc.client5.http.impl.classic.InternalHttpClient - ex-0000000A: preparing request execution
14:36:46.461 [docker-java-stream--1213840017] DEBUG com.github.dockerjava.zerodep.shaded.org.apache.hc.client5.http.protocol.RequestAddCookies - Cookie spec selected: strict
14:36:46.461 [docker-java-stream--1213840017] DEBUG com.github.dockerjava.zerodep.shaded.org.apache.hc.client5.http.protocol.RequestAuthCache - Auth cache not set in the context
14:36:46.461 [docker-java-stream--1213840017] DEBUG com.github.dockerjava.zerodep.shaded.org.apache.hc.client5.http.impl.classic.ProtocolExec - ex-0000000A: target auth state: UNCHALLENGED
14:36:46.461 [docker-java-stream--1213840017] DEBUG com.github.dockerjava.zerodep.shaded.org.apache.hc.client5.http.impl.classic.ProtocolExec - ex-0000000A: proxy auth state: UNCHALLENGED
14:36:46.461 [docker-java-stream--1213840017] DEBUG com.github.dockerjava.zerodep.shaded.org.apache.hc.client5.http.impl.classic.ConnectExec - ex-0000000A: acquiring connection with route {}->npipe://localhost:2375
14:36:46.461 [docker-java-stream--1213840017] DEBUG com.github.dockerjava.zerodep.shaded.org.apache.hc.client5.http.impl.classic.InternalHttpClient - ex-0000000A: acquiring endpoint (3 MINUTES)
14:36:46.461 [docker-java-stream--1213840017] DEBUG com.github.dockerjava.zerodep.shaded.org.apache.hc.client5.http.impl.io.PoolingHttpClientConnectionManager - ex-0000000A: endpoint lease request (3 MINUTES) [route: {}->npipe://localhost:2375][total available: 1; route allocated: 1 of 2147483647; total allocated: 1 of 2147483647]
14:36:46.462 [docker-java-stream--1213840017] DEBUG com.github.dockerjava.zerodep.shaded.org.apache.hc.client5.http.impl.io.PoolingHttpClientConnectionManager - ex-0000000A: endpoint leased [route: {}->npipe://localhost:2375][total available: 0; route allocated: 1 of 2147483647; total allocated: 1 of 2147483647]
14:36:46.462 [docker-java-stream--1213840017] DEBUG com.github.dockerjava.zerodep.shaded.org.apache.hc.client5.http.impl.io.PoolingHttpClientConnectionManager - ex-0000000A: acquired ep-00000009
14:36:46.462 [docker-java-stream--1213840017] DEBUG com.github.dockerjava.zerodep.shaded.org.apache.hc.client5.http.impl.classic.InternalHttpClient - ex-0000000A: acquired endpoint ep-00000009
14:36:46.462 [docker-java-stream--1213840017] DEBUG com.github.dockerjava.zerodep.shaded.org.apache.hc.client5.http.impl.classic.MainClientExec - ex-0000000A: executing POST /v1.32/exec/3439723dfd90dea4d95be562f05d8ebc6764ea4b362cae1af072b03c4fee273d/start HTTP/1.1
14:36:46.462 [docker-java-stream--1213840017] DEBUG com.github.dockerjava.zerodep.shaded.org.apache.hc.client5.http.impl.classic.InternalHttpClient - ep-00000009: start execution ex-0000000A
14:36:46.462 [docker-java-stream--1213840017] DEBUG com.github.dockerjava.zerodep.shaded.org.apache.hc.client5.http.impl.io.PoolingHttpClientConnectionManager - ep-00000009: executing exchange ex-0000000A over http-outgoing-1
14:36:46.462 [docker-java-stream--1213840017] DEBUG com.github.dockerjava.zerodep.shaded.org.apache.hc.client5.http.headers - http-outgoing-1 >> POST /v1.32/exec/3439723dfd90dea4d95be562f05d8ebc6764ea4b362cae1af072b03c4fee273d/start HTTP/1.1
14:36:46.462 [docker-java-stream--1213840017] DEBUG com.github.dockerjava.zerodep.shaded.org.apache.hc.client5.http.headers - http-outgoing-1 >> accept: application/json
14:36:46.463 [docker-java-stream--1213840017] DEBUG com.github.dockerjava.zerodep.shaded.org.apache.hc.client5.http.headers - http-outgoing-1 >> content-type: application/json
14:36:46.463 [docker-java-stream--1213840017] DEBUG com.github.dockerjava.zerodep.shaded.org.apache.hc.client5.http.headers - http-outgoing-1 >> Accept-Encoding: gzip, x-gzip, deflate
14:36:46.463 [docker-java-stream--1213840017] DEBUG com.github.dockerjava.zerodep.shaded.org.apache.hc.client5.http.headers - http-outgoing-1 >> Content-Length: 26
14:36:46.463 [docker-java-stream--1213840017] DEBUG com.github.dockerjava.zerodep.shaded.org.apache.hc.client5.http.headers - http-outgoing-1 >> Host: localhost:2375
14:36:46.463 [docker-java-stream--1213840017] DEBUG com.github.dockerjava.zerodep.shaded.org.apache.hc.client5.http.headers - http-outgoing-1 >> Connection: keep-alive
14:36:46.463 [docker-java-stream--1213840017] DEBUG com.github.dockerjava.zerodep.shaded.org.apache.hc.client5.http.headers - http-outgoing-1 >> User-Agent: Apache-HttpClient/5.0.3 (Java/21.0.1)
14:36:46.463 [docker-java-stream--1213840017] DEBUG com.github.dockerjava.zerodep.shaded.org.apache.hc.client5.http.wire - http-outgoing-1 >> "POST /v1.32/exec/3439723dfd90dea4d95be562f05d8ebc6764ea4b362cae1af072b03c4fee273d/start HTTP/1.1[\r][\n]"
14:36:46.463 [docker-java-stream--1213840017] DEBUG com.github.dockerjava.zerodep.shaded.org.apache.hc.client5.http.wire - http-outgoing-1 >> "accept: application/json[\r][\n]"
14:36:46.463 [docker-java-stream--1213840017] DEBUG com.github.dockerjava.zerodep.shaded.org.apache.hc.client5.http.wire - http-outgoing-1 >> "content-type: application/json[\r][\n]"
14:36:46.463 [docker-java-stream--1213840017] DEBUG com.github.dockerjava.zerodep.shaded.org.apache.hc.client5.http.wire - http-outgoing-1 >> "Accept-Encoding: gzip, x-gzip, deflate[\r][\n]"
14:36:46.463 [docker-java-stream--1213840017] DEBUG com.github.dockerjava.zerodep.shaded.org.apache.hc.client5.http.wire - http-outgoing-1 >> "Content-Length: 26[\r][\n]"
14:36:46.464 [docker-java-stream--1213840017] DEBUG com.github.dockerjava.zerodep.shaded.org.apache.hc.client5.http.wire - http-outgoing-1 >> "Host: localhost:2375[\r][\n]"
14:36:46.464 [docker-java-stream--1213840017] DEBUG com.github.dockerjava.zerodep.shaded.org.apache.hc.client5.http.wire - http-outgoing-1 >> "Connection: keep-alive[\r][\n]"
14:36:46.464 [docker-java-stream--1213840017] DEBUG com.github.dockerjava.zerodep.shaded.org.apache.hc.client5.http.wire - http-outgoing-1 >> "User-Agent: Apache-HttpClient/5.0.3 (Java/21.0.1)[\r][\n]"
14:36:46.464 [docker-java-stream--1213840017] DEBUG com.github.dockerjava.zerodep.shaded.org.apache.hc.client5.http.wire - http-outgoing-1 >> "[\r][\n]"
14:36:46.464 [docker-java-stream--1213840017] DEBUG com.github.dockerjava.zerodep.shaded.org.apache.hc.client5.http.wire - http-outgoing-1 >> "{"Detach":null,"Tty":null}"
14:36:46.470 [docker-java-stream--1213840017] DEBUG com.github.dockerjava.zerodep.shaded.org.apache.hc.client5.http.wire - http-outgoing-1 << "HTTP/1.1 200 OK[\r][\n]"
14:36:46.471 [docker-java-stream--1213840017] DEBUG com.github.dockerjava.zerodep.shaded.org.apache.hc.client5.http.wire - http-outgoing-1 << "Api-Version: 1.43[\r][\n]"
14:36:46.471 [docker-java-stream--1213840017] DEBUG com.github.dockerjava.zerodep.shaded.org.apache.hc.client5.http.wire - http-outgoing-1 << "Content-Type: application/vnd.docker.raw-stream[\r][\n]"
14:36:46.471 [docker-java-stream--1213840017] DEBUG com.github.dockerjava.zerodep.shaded.org.apache.hc.client5.http.wire - http-outgoing-1 << "Date: Tue, 23 Apr 2024 12:36:46 GMT[\r][\n]"
14:36:46.471 [docker-java-stream--1213840017] DEBUG com.github.dockerjava.zerodep.shaded.org.apache.hc.client5.http.wire - http-outgoing-1 << "Docker-Experimental: false[\r][\n]"
14:36:46.471 [docker-java-stream--1213840017] DEBUG com.github.dockerjava.zerodep.shaded.org.apache.hc.client5.http.wire - http-outgoing-1 << "Ostype: linux[\r][\n]"
14:36:46.471 [docker-java-stream--1213840017] DEBUG com.github.dockerjava.zerodep.shaded.org.apache.hc.client5.http.wire - http-outgoing-1 << "Server: Docker/24.0.6 (linux)[\r][\n]"
14:36:46.471 [docker-java-stream--1213840017] DEBUG com.github.dockerjava.zerodep.shaded.org.apache.hc.client5.http.wire - http-outgoing-1 << "Transfer-Encoding: chunked[\r][\n]"
14:36:46.471 [docker-java-stream--1213840017] DEBUG com.github.dockerjava.zerodep.shaded.org.apache.hc.client5.http.wire - http-outgoing-1 << "[\r][\n]"
14:36:46.472 [docker-java-stream--1213840017] DEBUG com.github.dockerjava.zerodep.shaded.org.apache.hc.client5.http.headers - http-outgoing-1 << HTTP/1.1 200 OK
14:36:46.472 [docker-java-stream--1213840017] DEBUG com.github.dockerjava.zerodep.shaded.org.apache.hc.client5.http.headers - http-outgoing-1 << Api-Version: 1.43
14:36:46.472 [docker-java-stream--1213840017] DEBUG com.github.dockerjava.zerodep.shaded.org.apache.hc.client5.http.headers - http-outgoing-1 << Content-Type: application/vnd.docker.raw-stream
14:36:46.472 [docker-java-stream--1213840017] DEBUG com.github.dockerjava.zerodep.shaded.org.apache.hc.client5.http.headers - http-outgoing-1 << Date: Tue, 23 Apr 2024 12:36:46 GMT
14:36:46.472 [docker-java-stream--1213840017] DEBUG com.github.dockerjava.zerodep.shaded.org.apache.hc.client5.http.headers - http-outgoing-1 << Docker-Experimental: false
14:36:46.472 [docker-java-stream--1213840017] DEBUG com.github.dockerjava.zerodep.shaded.org.apache.hc.client5.http.headers - http-outgoing-1 << Ostype: linux
14:36:46.472 [docker-java-stream--1213840017] DEBUG com.github.dockerjava.zerodep.shaded.org.apache.hc.client5.http.headers - http-outgoing-1 << Server: Docker/24.0.6 (linux)
14:36:46.472 [docker-java-stream--1213840017] DEBUG com.github.dockerjava.zerodep.shaded.org.apache.hc.client5.http.headers - http-outgoing-1 << Transfer-Encoding: chunked
14:36:46.473 [docker-java-stream--1213840017] DEBUG com.github.dockerjava.zerodep.shaded.org.apache.hc.client5.http.impl.classic.MainClientExec - ex-0000000A: connection can be kept alive for 3 MINUTES
14:36:46.584 [docker-java-stream--1213840017] DEBUG com.github.dockerjava.zerodep.shaded.org.apache.hc.client5.http.wire - http-outgoing-1 << "3c6[\r][\n]"
14:36:46.585 [docker-java-stream--1213840017] DEBUG com.github.dockerjava.zerodep.shaded.org.apache.hc.client5.http.wire - http-outgoing-1 << "[0x1][0x0][0x0][0x0][0x0][0x0][0x3][0xffffffbe]Filesystem           1024-blocks    Used Available Capacity Mounted on[\n]"
14:36:46.585 [docker-java-stream--1213840017] DEBUG com.github.dockerjava.zerodep.shaded.org.apache.hc.client5.http.wire - http-outgoing-1 << "overlay              1055762868   9976596 992082800   1% /[\n]"
14:36:46.585 [docker-java-stream--1213840017] DEBUG com.github.dockerjava.zerodep.shaded.org.apache.hc.client5.http.wire - http-outgoing-1 << "tmpfs                    65536         0     65536   0% /dev[\n]"
14:36:46.585 [docker-java-stream--1213840017] DEBUG com.github.dockerjava.zerodep.shaded.org.apache.hc.client5.http.wire - http-outgoing-1 << "tmpfs                  4001760         0   4001760   0% /sys/fs/cgroup[\n]"
14:36:46.585 [docker-java-stream--1213840017] DEBUG com.github.dockerjava.zerodep.shaded.org.apache.hc.client5.http.wire - http-outgoing-1 << "/dev/sdd             1055762868   9976596 992082800   1% /etc/resolv.conf[\n]"
14:36:46.585 [docker-java-stream--1213840017] DEBUG com.github.dockerjava.zerodep.shaded.org.apache.hc.client5.http.wire - http-outgoing-1 << "/dev/sdd             1055762868   9976596 992082800   1% /etc/hostname[\n]"
14:36:46.585 [docker-java-stream--1213840017] DEBUG com.github.dockerjava.zerodep.shaded.org.apache.hc.client5.http.wire - http-outgoing-1 << "/dev/sdd             1055762868   9976596 992082800   1% /etc/hosts[\n]"
14:36:46.585 [docker-java-stream--1213840017] DEBUG com.github.dockerjava.zerodep.shaded.org.apache.hc.client5.http.wire - http-outgoing-1 << "shm                      65536         0     65536   0% /dev/shm[\n]"
14:36:46.585 [docker-java-stream--1213840017] DEBUG com.github.dockerjava.zerodep.shaded.org.apache.hc.client5.http.wire - http-outgoing-1 << "overlay                4001760      1100   4000660   0% /run/docker.sock[\n]"
14:36:46.585 [docker-java-stream--1213840017] DEBUG com.github.dockerjava.zerodep.shaded.org.apache.hc.client5.http.wire - http-outgoing-1 << "tmpfs                  4001760         0   4001760   0% /proc/acpi[\n]"
14:36:46.585 [docker-java-stream--1213840017] DEBUG com.github.dockerjava.zerodep.shaded.org.apache.hc.client5.http.wire - http-outgoing-1 << "tmpfs                    65536         0     65536   0% /proc/kcore[\n]"
14:36:46.585 [docker-java-stream--1213840017] DEBUG com.github.dockerjava.zerodep.shaded.org.apache.hc.client5.http.wire - http-outgoing-1 << "tmpfs                    65536         0     65536   0% /proc/keys[\n]"
14:36:46.585 [docker-java-stream--1213840017] DEBUG com.github.dockerjava.zerodep.shaded.org.apache.hc.client5.http.wire - http-outgoing-1 << "tmpfs                    65536         0     65536   0% /proc/timer_list[\n]"
14:36:46.585 [docker-java-stream--1213840017] DEBUG com.github.dockerjava.zerodep.shaded.org.apache.hc.client5.http.wire - http-outgoing-1 << "tmpfs                  4001760         0   4001760   0% /sys/firmware[\n]"
14:36:46.585 [docker-java-stream--1213840017] DEBUG com.github.dockerjava.zerodep.shaded.org.apache.hc.client5.http.wire - http-outgoing-1 << "[\r][\n]"
14:36:46.588 [docker-java-stream--1213840017] DEBUG com.github.dockerjava.zerodep.shaded.org.apache.hc.client5.http.wire - http-outgoing-1 << "0[\r][\n]"
14:36:46.588 [docker-java-stream--1213840017] DEBUG com.github.dockerjava.zerodep.shaded.org.apache.hc.client5.http.wire - http-outgoing-1 << "[\r][\n]"
14:36:46.588 [docker-java-stream--1213840017] DEBUG com.github.dockerjava.zerodep.shaded.org.apache.hc.client5.http.impl.classic.InternalHttpClient - ep-00000009: releasing valid endpoint
14:36:46.588 [docker-java-stream--1213840017] DEBUG com.github.dockerjava.zerodep.shaded.org.apache.hc.client5.http.impl.io.PoolingHttpClientConnectionManager - ep-00000009: releasing endpoint
14:36:46.588 [docker-java-stream--1213840017] DEBUG com.github.dockerjava.zerodep.shaded.org.apache.hc.client5.http.impl.io.PoolingHttpClientConnectionManager - ep-00000009: connection http-outgoing-1 can be kept alive for 3 MINUTES
14:36:46.588 [docker-java-stream--1213840017] DEBUG com.github.dockerjava.zerodep.shaded.org.apache.hc.client5.http.impl.io.PoolingHttpClientConnectionManager - ep-00000009: connection released [route: {}->npipe://localhost:2375][total available: 1; route allocated: 1 of 2147483647; total allocated: 1 of 2147483647]
14:36:46.590 [main] INFO org.testcontainers.DockerClientFactory - ✔︎ Docker environment should have more than 2GB free disk space
14:36:46.591 [main] DEBUG org.testcontainers.utility.PrefixingImageNameSubstitutor - No prefix is configured
14:36:46.591 [main] DEBUG org.testcontainers.utility.ImageNameSubstitutor - Did not find a substitute image for postgres:latest (using image substitutor: DefaultImageNameSubstitutor (composite of 'ConfigurationFileImageNameSubstitutor' and 'PrefixingImageNameSubstitutor'))
14:36:46.595 [main] DEBUG org.testcontainers.shaded.com.github.dockerjava.core.command.AbstrDockerCmd - Cmd: ListImagesCmdImpl[imageNameFilter=<null>,showAll=false,filters=org.testcontainers.shaded.com.github.dockerjava.core.util.FiltersBuilder@0]
14:36:46.606 [main] DEBUG com.github.dockerjava.zerodep.shaded.org.apache.hc.client5.http.impl.classic.InternalHttpClient - ex-0000000B: preparing request execution
14:36:46.606 [main] DEBUG com.github.dockerjava.zerodep.shaded.org.apache.hc.client5.http.protocol.RequestAddCookies - Cookie spec selected: strict
14:36:46.606 [main] DEBUG com.github.dockerjava.zerodep.shaded.org.apache.hc.client5.http.protocol.RequestAuthCache - Auth cache not set in the context
14:36:46.607 [main] DEBUG com.github.dockerjava.zerodep.shaded.org.apache.hc.client5.http.impl.classic.ProtocolExec - ex-0000000B: target auth state: UNCHALLENGED
14:36:46.607 [main] DEBUG com.github.dockerjava.zerodep.shaded.org.apache.hc.client5.http.impl.classic.ProtocolExec - ex-0000000B: proxy auth state: UNCHALLENGED
14:36:46.607 [main] DEBUG com.github.dockerjava.zerodep.shaded.org.apache.hc.client5.http.impl.classic.ConnectExec - ex-0000000B: acquiring connection with route {}->npipe://localhost:2375
14:36:46.607 [main] DEBUG com.github.dockerjava.zerodep.shaded.org.apache.hc.client5.http.impl.classic.InternalHttpClient - ex-0000000B: acquiring endpoint (3 MINUTES)
14:36:46.607 [main] DEBUG com.github.dockerjava.zerodep.shaded.org.apache.hc.client5.http.impl.io.PoolingHttpClientConnectionManager - ex-0000000B: endpoint lease request (3 MINUTES) [route: {}->npipe://localhost:2375][total available: 1; route allocated: 1 of 2147483647; total allocated: 1 of 2147483647]
14:36:46.607 [main] DEBUG com.github.dockerjava.zerodep.shaded.org.apache.hc.client5.http.impl.io.PoolingHttpClientConnectionManager - ex-0000000B: endpoint leased [route: {}->npipe://localhost:2375][total available: 0; route allocated: 1 of 2147483647; total allocated: 1 of 2147483647]
14:36:46.607 [main] DEBUG com.github.dockerjava.zerodep.shaded.org.apache.hc.client5.http.impl.io.PoolingHttpClientConnectionManager - ex-0000000B: acquired ep-0000000A
14:36:46.607 [main] DEBUG com.github.dockerjava.zerodep.shaded.org.apache.hc.client5.http.impl.classic.InternalHttpClient - ex-0000000B: acquired endpoint ep-0000000A
14:36:46.607 [main] DEBUG com.github.dockerjava.zerodep.shaded.org.apache.hc.client5.http.impl.classic.MainClientExec - ex-0000000B: executing GET /v1.32/images/json HTTP/1.1
14:36:46.607 [main] DEBUG com.github.dockerjava.zerodep.shaded.org.apache.hc.client5.http.impl.classic.InternalHttpClient - ep-0000000A: start execution ex-0000000B
14:36:46.607 [main] DEBUG com.github.dockerjava.zerodep.shaded.org.apache.hc.client5.http.impl.io.PoolingHttpClientConnectionManager - ep-0000000A: executing exchange ex-0000000B over http-outgoing-1
14:36:46.609 [main] DEBUG com.github.dockerjava.zerodep.shaded.org.apache.hc.client5.http.headers - http-outgoing-1 >> GET /v1.32/images/json HTTP/1.1
14:36:46.609 [main] DEBUG com.github.dockerjava.zerodep.shaded.org.apache.hc.client5.http.headers - http-outgoing-1 >> accept: application/json
14:36:46.609 [main] DEBUG com.github.dockerjava.zerodep.shaded.org.apache.hc.client5.http.headers - http-outgoing-1 >> Accept-Encoding: gzip, x-gzip, deflate
14:36:46.609 [main] DEBUG com.github.dockerjava.zerodep.shaded.org.apache.hc.client5.http.headers - http-outgoing-1 >> Host: localhost:2375
14:36:46.609 [main] DEBUG com.github.dockerjava.zerodep.shaded.org.apache.hc.client5.http.headers - http-outgoing-1 >> Connection: keep-alive
14:36:46.609 [main] DEBUG com.github.dockerjava.zerodep.shaded.org.apache.hc.client5.http.headers - http-outgoing-1 >> User-Agent: Apache-HttpClient/5.0.3 (Java/21.0.1)
14:36:46.609 [main] DEBUG com.github.dockerjava.zerodep.shaded.org.apache.hc.client5.http.wire - http-outgoing-1 >> "GET /v1.32/images/json HTTP/1.1[\r][\n]"
14:36:46.609 [main] DEBUG com.github.dockerjava.zerodep.shaded.org.apache.hc.client5.http.wire - http-outgoing-1 >> "accept: application/json[\r][\n]"
14:36:46.609 [main] DEBUG com.github.dockerjava.zerodep.shaded.org.apache.hc.client5.http.wire - http-outgoing-1 >> "Accept-Encoding: gzip, x-gzip, deflate[\r][\n]"
14:36:46.609 [main] DEBUG com.github.dockerjava.zerodep.shaded.org.apache.hc.client5.http.wire - http-outgoing-1 >> "Host: localhost:2375[\r][\n]"
14:36:46.609 [main] DEBUG com.github.dockerjava.zerodep.shaded.org.apache.hc.client5.http.wire - http-outgoing-1 >> "Connection: keep-alive[\r][\n]"
14:36:46.609 [main] DEBUG com.github.dockerjava.zerodep.shaded.org.apache.hc.client5.http.wire - http-outgoing-1 >> "User-Agent: Apache-HttpClient/5.0.3 (Java/21.0.1)[\r][\n]"
14:36:46.609 [main] DEBUG com.github.dockerjava.zerodep.shaded.org.apache.hc.client5.http.wire - http-outgoing-1 >> "[\r][\n]"
14:36:46.617 [main] DEBUG com.github.dockerjava.zerodep.shaded.org.apache.hc.client5.http.wire - http-outgoing-1 << "HTTP/1.1 200 OK[\r][\n]"
14:36:46.617 [main] DEBUG com.github.dockerjava.zerodep.shaded.org.apache.hc.client5.http.wire - http-outgoing-1 << "Api-Version: 1.43[\r][\n]"
14:36:46.617 [main] DEBUG com.github.dockerjava.zerodep.shaded.org.apache.hc.client5.http.wire - http-outgoing-1 << "Content-Type: application/json[\r][\n]"
14:36:46.617 [main] DEBUG com.github.dockerjava.zerodep.shaded.org.apache.hc.client5.http.wire - http-outgoing-1 << "Date: Tue, 23 Apr 2024 12:36:46 GMT[\r][\n]"
14:36:46.617 [main] DEBUG com.github.dockerjava.zerodep.shaded.org.apache.hc.client5.http.wire - http-outgoing-1 << "Docker-Experimental: false[\r][\n]"
14:36:46.618 [main] DEBUG com.github.dockerjava.zerodep.shaded.org.apache.hc.client5.http.wire - http-outgoing-1 << "Ostype: linux[\r][\n]"
14:36:46.618 [main] DEBUG com.github.dockerjava.zerodep.shaded.org.apache.hc.client5.http.wire - http-outgoing-1 << "Server: Docker/24.0.6 (linux)[\r][\n]"
14:36:46.618 [main] DEBUG com.github.dockerjava.zerodep.shaded.org.apache.hc.client5.http.wire - http-outgoing-1 << "Transfer-Encoding: chunked[\r][\n]"
14:36:46.618 [main] DEBUG com.github.dockerjava.zerodep.shaded.org.apache.hc.client5.http.wire - http-outgoing-1 << "[\r][\n]"
14:36:46.618 [main] DEBUG com.github.dockerjava.zerodep.shaded.org.apache.hc.client5.http.headers - http-outgoing-1 << HTTP/1.1 200 OK
14:36:46.618 [main] DEBUG com.github.dockerjava.zerodep.shaded.org.apache.hc.client5.http.headers - http-outgoing-1 << Api-Version: 1.43
14:36:46.618 [main] DEBUG com.github.dockerjava.zerodep.shaded.org.apache.hc.client5.http.headers - http-outgoing-1 << Content-Type: application/json
14:36:46.618 [main] DEBUG com.github.dockerjava.zerodep.shaded.org.apache.hc.client5.http.headers - http-outgoing-1 << Date: Tue, 23 Apr 2024 12:36:46 GMT
14:36:46.618 [main] DEBUG com.github.dockerjava.zerodep.shaded.org.apache.hc.client5.http.headers - http-outgoing-1 << Docker-Experimental: false
14:36:46.618 [main] DEBUG com.github.dockerjava.zerodep.shaded.org.apache.hc.client5.http.headers - http-outgoing-1 << Ostype: linux
14:36:46.618 [main] DEBUG com.github.dockerjava.zerodep.shaded.org.apache.hc.client5.http.headers - http-outgoing-1 << Server: Docker/24.0.6 (linux)
14:36:46.618 [main] DEBUG com.github.dockerjava.zerodep.shaded.org.apache.hc.client5.http.headers - http-outgoing-1 << Transfer-Encoding: chunked
14:36:46.618 [main] DEBUG com.github.dockerjava.zerodep.shaded.org.apache.hc.client5.http.impl.classic.MainClientExec - ex-0000000B: connection can be kept alive for 3 MINUTES
14:36:46.618 [main] DEBUG com.github.dockerjava.zerodep.shaded.org.apache.hc.client5.http.wire - http-outgoing-1 << "ce5[\r][\n]"
14:36:46.619 [main] DEBUG com.github.dockerjava.zerodep.shaded.org.apache.hc.client5.http.wire - http-outgoing-1 << "[{"Containers":-1,"Created":1711575165,"Id":"sha256:e7acf416d9d172862211d1c8c676c4fd66e1c61f00e4f861c800d97cf786151d","Labels":{"org.opencontainers.image.ref.name":"ubuntu","org.opencontainers.image.version":"22.04"},"ParentId":"","RepoDigests":["liquibase/liquibase@sha256:141a9fb5df99e43be49e507dc1892a65cd7b93c9e662c4212e834468df959983"],"RepoTags":["liquibase/liquibase:latest"],"SharedSize":-1,"Size":398371251,"VirtualSize":398371251},{"Containers":-1,"Created":1709641198,"Id":"sha256:5ea72100985c8c12e5b102abce3a91878c964c3f40bc3649f2a9ff74c3c28f08","Labels":{"com.docker.compose.project":"blog","com.docker.compose.service":"app","com.docker.compose.version":"2.23.0"},"ParentId":"","RepoDigests":null,"RepoTags":["blog-app:latest"],"SharedSize":-1,"Size":697858143,"VirtualSize":697858143},{"Containers":-1,"Created":1708476373,"Id":"sha256:d60dc4bd84c0a07f26f1eb9feefcc94d1dbb3a2d478a0b705aa5e7311353108b","Labels":null,"ParentId":"","RepoDigests":["postgres@sha256:5c587078ef86f4b5fd24c9ed4394429e59035ead421873c14135d5b57c117908","postgres@sha256:f4b0987cb4ba8bcc2b90aa33ad8b5786669bec4dc633fc93d1418275e3627b34"],"RepoTags":["postgres:latest"],"SharedSize":-1,"Size":431427001,"VirtualSize":431427001},{"Containers":-1,"Created":1704405160,"Id":"sha256:75b7bff7c3ad1ae4468a2107724459061dc87d2176f8f02747a360c32b8c58b9","Labels":null,"ParentId":"","RepoDigests":["postgres@sha256:49c276fa02e3d61bd9b8db81dfb4784fe814f50f778dce5980a03817438293e3"],"RepoTags":null,"SharedSize":-1,"Size":425085277,"VirtualSize":425085277},{"Containers":-1,"Created":1698857783,"Id":"sha256:7f27d60cb8e004422e3a569b7bc969a1a8e97eebb9e8dff038e4388b471d33c9","Labels":null,"ParentId":"","RepoDigests":["redis@sha256:d2f4d823a498f366c540b81e6b69bce397062f980f2e42340402225af0d9b5ab"],"RepoTags":["redis:latest"],"SharedSize":-1,"Size":137765788,"VirtualSize":137765788},{"Containers":-1,"Created":1698850327,"Id":"sha256:1915167b30ba9aa7e01b23476a0c475624d749bd75b905778ac9fbb6e357d553","Labels":{"org.opencontainers.image.ref.name":"ubuntu","org.opencontainers.image.version":"22.04"},"ParentId":"","RepoDigests":["redis/redis-stack@sha256:ee9641a62a725505f51d85b8f90be3b3d5faeb4ad663d61f7da552501b63a69a"],"RepoTags":["redis/redis-stack:latest"],"SharedSize":-1,"Size":789547201,"VirtualSize":789547201},{"Containers":-1,"Created":1698164689,"Id":"sha256:a3b6608898d600759effd58768b7213bb44a6d58ab3a53495dd88e6b2042a8a4","Labels":null,"ParentId":"","RepoDigests":["mysql@sha256:1773f3c7aa9522f0014d0ad2bbdaf597ea3b1643c64c8ccc2123c64afd8b82b1"],"RepoTags":["mysql:8"],"SharedSize":-1,"Size":596207098,"VirtualSize":596207098},{"Containers":-1,"Created":1655994640,"Id":"sha256:1cad456b3a24ef930138f26a5f8e389d367083d6c1482781ea4c5ff7a14c6b1e","Labels":null,"ParentId":"","RepoDigests":["postgres@sha256:b2baf8998630663d21370da06387c950e587071bdd307ee34e661cdcc7442bcc"],"RepoTags":["postgres:10"],"SharedSize":-1,"Size":201679854,"VirtualSize":201679854},{"Containers":-1,"Created":1608725981,"Id":"sha256:ee7515743e6fb92fd9ae2e9b8a4ad4516ed19507079788849c33025b3bfdb7a5","Labels":null,"ParentId":"","RepoDigests":["testcontainers/ryuk@sha256:58345bdf4fd056f7c5b772319c444d6a8dbbbad112d60b9e8023637cda6a6e30"],"RepoTags":["testcontainers/ryuk:0.3.1"],"SharedSize":-1,"Size":11951601,"VirtualSize":11951601}][\n]"
14:36:46.619 [main] DEBUG com.github.dockerjava.zerodep.shaded.org.apache.hc.client5.http.wire - http-outgoing-1 << "[\r][\n]"
14:36:46.619 [main] DEBUG com.github.dockerjava.zerodep.shaded.org.apache.hc.client5.http.wire - http-outgoing-1 << "0[\r][\n]"
14:36:46.619 [main] DEBUG com.github.dockerjava.zerodep.shaded.org.apache.hc.client5.http.wire - http-outgoing-1 << "[\r][\n]"
14:36:46.628 [main] DEBUG com.github.dockerjava.zerodep.shaded.org.apache.hc.client5.http.impl.classic.InternalHttpClient - ep-0000000A: releasing valid endpoint
14:36:46.629 [main] DEBUG com.github.dockerjava.zerodep.shaded.org.apache.hc.client5.http.impl.io.PoolingHttpClientConnectionManager - ep-0000000A: releasing endpoint
14:36:46.629 [main] DEBUG com.github.dockerjava.zerodep.shaded.org.apache.hc.client5.http.impl.io.PoolingHttpClientConnectionManager - ep-0000000A: connection http-outgoing-1 can be kept alive for 3 MINUTES
14:36:46.629 [main] DEBUG com.github.dockerjava.zerodep.shaded.org.apache.hc.client5.http.impl.io.PoolingHttpClientConnectionManager - ep-0000000A: connection released [route: {}->npipe://localhost:2375][total available: 1; route allocated: 1 of 2147483647; total allocated: 1 of 2147483647]
14:36:46.632 [main] DEBUG org.testcontainers.images.LocalImagesCache - repoTags is null, skipping image: Image(created=1704405160, id=sha256:75b7bff7c3ad1ae4468a2107724459061dc87d2176f8f02747a360c32b8c58b9, parentId=, repoTags=null, repoDigests=[postgres@sha256:49c276fa02e3d61bd9b8db81dfb4784fe814f50f778dce5980a03817438293e3], size=425085277, virtualSize=425085277, sharedSize=-1, labels=null, containers=-1)
14:36:46.633 [main] DEBUG org.testcontainers.images.AbstractImagePullPolicy - Using locally available and not pulling image: postgres:latest
14:36:46.633 [main] DEBUG 🐳 [postgres:latest] - Starting container: postgres:latest
14:36:46.635 [main] DEBUG 🐳 [postgres:latest] - Trying to start container: postgres:latest (attempt 1/1)
14:36:46.635 [main] DEBUG 🐳 [postgres:latest] - Starting container: postgres:latest
14:36:46.635 [main] INFO 🐳 [postgres:latest] - Creating container for image: postgres:latest
14:36:46.635 [main] DEBUG org.testcontainers.utility.RegistryAuthLocator - Looking up auth config for image: postgres:latest at registry: index.docker.io
14:36:46.635 [main] DEBUG org.testcontainers.utility.RegistryAuthLocator - No matching Auth Configs - falling back to defaultAuthConfig [null]
14:36:46.635 [main] DEBUG org.testcontainers.dockerclient.AuthDelegatingDockerClientConfig - Effective auth config [null]
14:36:46.640 [main] DEBUG org.testcontainers.shaded.com.github.dockerjava.core.command.AbstrDockerCmd - Cmd: org.testcontainers.shaded.com.github.dockerjava.core.command.CreateContainerCmdImpl@53a5e217[name=<null>,hostName=<null>,domainName=<null>,user=<null>,attachStdin=<null>,attachStdout=<null>,attachStderr=<null>,portSpecs=<null>,tty=<null>,stdinOpen=<null>,stdInOnce=<null>,env={POSTGRES_USER=test_user,POSTGRES_PASSWORD=test_password,POSTGRES_DB=test_database},cmd={postgres,-c,fsync=off},healthcheck=<null>,argsEscaped=<null>,entrypoint=<null>,image=postgres:latest,volumes=Volumes(volumes=[]),workingDir=<null>,macAddress=<null>,onBuild=<null>,networkDisabled=<null>,exposedPorts=ExposedPorts(exposedPorts=[5432/tcp]),stopSignal=<null>,stopTimeout=<null>,hostConfig=HostConfig(binds=[], blkioWeight=null, blkioWeightDevice=null, blkioDeviceReadBps=null, blkioDeviceWriteBps=null, blkioDeviceReadIOps=null, blkioDeviceWriteIOps=null, memorySwappiness=null, nanoCPUs=null, capAdd=null, capDrop=null, containerIDFile=null, cpuPeriod=null, cpuRealtimePeriod=null, cpuRealtimeRuntime=null, cpuShares=null, cpuQuota=null, cpusetCpus=null, cpusetMems=null, devices=null, deviceCgroupRules=null, deviceRequests=null, diskQuota=null, dns=null, dnsOptions=null, dnsSearch=null, extraHosts=[], groupAdd=null, ipcMode=null, cgroup=null, links=[], logConfig=LogConfig(type=null, config=null), lxcConf=null, memory=null, memorySwap=null, memoryReservation=null, kernelMemory=null, networkMode=null, oomKillDisable=null, init=null, autoRemove=null, oomScoreAdj=null, portBindings={5432/tcp=[Lcom.github.dockerjava.api.model.Ports$Binding;@2f98635e}, privileged=null, publishAllPorts=null, readonlyRootfs=null, restartPolicy=null, ulimits=null, cpuCount=null, cpuPercent=null, ioMaximumIOps=null, ioMaximumBandwidth=null, volumesFrom=[], mounts=null, pidMode=null, isolation=null, securityOpts=null, storageOpt=null, cgroupParent=null, volumeDriver=null, shmSize=null, pidsLimit=null, runtime=null, tmpFs=null, utSMode=null, usernsMode=null, sysctls=null, consoleSize=null),labels={org.testcontainers=true, org.testcontainers.sessionId=1ae74cd6-a8ac-4c43-9aa2-e005ceb54352},shell=<null>,networkingConfig=<null>,ipv4Address=<null>,ipv6Address=<null>,aliases=<null>,authConfig=<null>,platform=<null>]
14:36:46.646 [main] DEBUG com.github.dockerjava.zerodep.shaded.org.apache.hc.client5.http.impl.classic.InternalHttpClient - ex-0000000C: preparing request execution
14:36:46.647 [main] DEBUG com.github.dockerjava.zerodep.shaded.org.apache.hc.client5.http.protocol.RequestAddCookies - Cookie spec selected: strict
14:36:46.647 [main] DEBUG com.github.dockerjava.zerodep.shaded.org.apache.hc.client5.http.protocol.RequestAuthCache - Auth cache not set in the context
14:36:46.647 [main] DEBUG com.github.dockerjava.zerodep.shaded.org.apache.hc.client5.http.impl.classic.ProtocolExec - ex-0000000C: target auth state: UNCHALLENGED
14:36:46.647 [main] DEBUG com.github.dockerjava.zerodep.shaded.org.apache.hc.client5.http.impl.classic.ProtocolExec - ex-0000000C: proxy auth state: UNCHALLENGED
14:36:46.647 [main] DEBUG com.github.dockerjava.zerodep.shaded.org.apache.hc.client5.http.impl.classic.ConnectExec - ex-0000000C: acquiring connection with route {}->npipe://localhost:2375
14:36:46.647 [main] DEBUG com.github.dockerjava.zerodep.shaded.org.apache.hc.client5.http.impl.classic.InternalHttpClient - ex-0000000C: acquiring endpoint (3 MINUTES)
14:36:46.647 [main] DEBUG com.github.dockerjava.zerodep.shaded.org.apache.hc.client5.http.impl.io.PoolingHttpClientConnectionManager - ex-0000000C: endpoint lease request (3 MINUTES) [route: {}->npipe://localhost:2375][total available: 1; route allocated: 1 of 2147483647; total allocated: 1 of 2147483647]
14:36:46.647 [main] DEBUG com.github.dockerjava.zerodep.shaded.org.apache.hc.client5.http.impl.io.PoolingHttpClientConnectionManager - ex-0000000C: endpoint leased [route: {}->npipe://localhost:2375][total available: 0; route allocated: 1 of 2147483647; total allocated: 1 of 2147483647]
14:36:46.648 [main] DEBUG com.github.dockerjava.zerodep.shaded.org.apache.hc.client5.http.impl.io.PoolingHttpClientConnectionManager - ex-0000000C: acquired ep-0000000B
14:36:46.648 [main] DEBUG com.github.dockerjava.zerodep.shaded.org.apache.hc.client5.http.impl.classic.InternalHttpClient - ex-0000000C: acquired endpoint ep-0000000B
14:36:46.648 [main] DEBUG com.github.dockerjava.zerodep.shaded.org.apache.hc.client5.http.impl.classic.MainClientExec - ex-0000000C: executing POST /v1.32/containers/create HTTP/1.1
14:36:46.648 [main] DEBUG com.github.dockerjava.zerodep.shaded.org.apache.hc.client5.http.impl.classic.InternalHttpClient - ep-0000000B: start execution ex-0000000C
14:36:46.648 [main] DEBUG com.github.dockerjava.zerodep.shaded.org.apache.hc.client5.http.impl.io.PoolingHttpClientConnectionManager - ep-0000000B: executing exchange ex-0000000C over http-outgoing-1
14:36:46.648 [main] DEBUG com.github.dockerjava.zerodep.shaded.org.apache.hc.client5.http.headers - http-outgoing-1 >> POST /v1.32/containers/create HTTP/1.1
14:36:46.648 [main] DEBUG com.github.dockerjava.zerodep.shaded.org.apache.hc.client5.http.headers - http-outgoing-1 >> accept: application/json
14:36:46.648 [main] DEBUG com.github.dockerjava.zerodep.shaded.org.apache.hc.client5.http.headers - http-outgoing-1 >> content-type: application/json
14:36:46.648 [main] DEBUG com.github.dockerjava.zerodep.shaded.org.apache.hc.client5.http.headers - http-outgoing-1 >> Accept-Encoding: gzip, x-gzip, deflate
14:36:46.648 [main] DEBUG com.github.dockerjava.zerodep.shaded.org.apache.hc.client5.http.headers - http-outgoing-1 >> Content-Length: 2037
14:36:46.648 [main] DEBUG com.github.dockerjava.zerodep.shaded.org.apache.hc.client5.http.headers - http-outgoing-1 >> Host: localhost:2375
14:36:46.648 [main] DEBUG com.github.dockerjava.zerodep.shaded.org.apache.hc.client5.http.headers - http-outgoing-1 >> Connection: keep-alive
14:36:46.648 [main] DEBUG com.github.dockerjava.zerodep.shaded.org.apache.hc.client5.http.headers - http-outgoing-1 >> User-Agent: Apache-HttpClient/5.0.3 (Java/21.0.1)
14:36:46.648 [main] DEBUG com.github.dockerjava.zerodep.shaded.org.apache.hc.client5.http.wire - http-outgoing-1 >> "POST /v1.32/containers/create HTTP/1.1[\r][\n]"
14:36:46.648 [main] DEBUG com.github.dockerjava.zerodep.shaded.org.apache.hc.client5.http.wire - http-outgoing-1 >> "accept: application/json[\r][\n]"
14:36:46.648 [main] DEBUG com.github.dockerjava.zerodep.shaded.org.apache.hc.client5.http.wire - http-outgoing-1 >> "content-type: application/json[\r][\n]"
14:36:46.648 [main] DEBUG com.github.dockerjava.zerodep.shaded.org.apache.hc.client5.http.wire - http-outgoing-1 >> "Accept-Encoding: gzip, x-gzip, deflate[\r][\n]"
14:36:46.648 [main] DEBUG com.github.dockerjava.zerodep.shaded.org.apache.hc.client5.http.wire - http-outgoing-1 >> "Content-Length: 2037[\r][\n]"
14:36:46.648 [main] DEBUG com.github.dockerjava.zerodep.shaded.org.apache.hc.client5.http.wire - http-outgoing-1 >> "Host: localhost:2375[\r][\n]"
14:36:46.648 [main] DEBUG com.github.dockerjava.zerodep.shaded.org.apache.hc.client5.http.wire - http-outgoing-1 >> "Connection: keep-alive[\r][\n]"
14:36:46.648 [main] DEBUG com.github.dockerjava.zerodep.shaded.org.apache.hc.client5.http.wire - http-outgoing-1 >> "User-Agent: Apache-HttpClient/5.0.3 (Java/21.0.1)[\r][\n]"
14:36:46.648 [main] DEBUG com.github.dockerjava.zerodep.shaded.org.apache.hc.client5.http.wire - http-outgoing-1 >> "[\r][\n]"
14:36:46.649 [main] DEBUG com.github.dockerjava.zerodep.shaded.org.apache.hc.client5.http.wire - http-outgoing-1 >> "{"name":null,"authConfig":null,"platform":null,"Hostname":null,"Domainname":null,"User":null,"AttachStdin":null,"AttachStdout":null,"AttachStderr":null,"PortSpecs":null,"Tty":null,"OpenStdin":null,"StdinOnce":null,"Env":["POSTGRES_USER=test_user","POSTGRES_PASSWORD=test_password","POSTGRES_DB=test_database"],"Cmd":["postgres","-c","fsync=off"],"Healthcheck":null,"ArgsEscaped":null,"Entrypoint":null,"Image":"postgres:latest","Volumes":{},"WorkingDir":null,"MacAddress":null,"OnBuild":null,"NetworkDisabled":null,"ExposedPorts":{"5432/tcp":{}},"StopSignal":null,"StopTimeout":null,"HostConfig":{"Binds":[],"BlkioWeight":null,"BlkioWeightDevice":null,"BlkioDeviceReadBps":null,"BlkioDeviceWriteBps":null,"BlkioDeviceReadIOps":null,"BlkioDeviceWriteIOps":null,"MemorySwappiness":null,"NanoCpus":null,"CapAdd":null,"CapDrop":null,"ContainerIDFile":null,"CpuPeriod":null,"CpuRealtimePeriod":null,"CpuRealtimeRuntime":null,"CpuShares":null,"CpuQuota":null,"CpusetCpus":null,"CpusetMems":null,"Devices":null,"DeviceCgroupRules":null,"DeviceRequests":null,"DiskQuota":null,"Dns":null,"DnsOptions":null,"DnsSearch":null,"ExtraHosts":[],"GroupAdd":null,"IpcMode":null,"Cgroup":null,"Links":[],"LogConfig":null,"LxcConf":null,"Memory":null,"MemorySwap":null,"MemoryReservation":null,"KernelMemory":null,"NetworkMode":null,"OomKillDisable":null,"Init":null,"AutoRemove":null,"OomScoreAdj":null,"PortBindings":{"5432/tcp":[{"HostIp":"","HostPort":""}]},"Privileged":null,"PublishAllPorts":null,"ReadonlyRootfs":null,"RestartPolicy":null,"Ulimits":null,"CpuCount":null,"CpuPercent":null,"IOMaximumIOps":null,"IOMaximumBandwidth":null,"VolumesFrom":[],"Mounts":null,"PidMode":null,"Isolation":null,"SecurityOpt":null,"StorageOpt":null,"CgroupParent":null,"VolumeDriver":null,"ShmSize":null,"PidsLimit":null,"Runtime":null,"Tmpfs":null,"UTSMode":null,"UsernsMode":null,"Sysctls":null,"ConsoleSize":null},"Labels":{"org.testcontainers":"true","org.testcontainers.sessionId":"1ae74cd6-a8ac-4c43-9aa2-e005ceb54352"},"Shell":null,"NetworkingConfig":null}"
14:36:46.746 [main] DEBUG com.github.dockerjava.zerodep.shaded.org.apache.hc.client5.http.wire - http-outgoing-1 << "HTTP/1.1 201 Created[\r][\n]"
14:36:46.747 [main] DEBUG com.github.dockerjava.zerodep.shaded.org.apache.hc.client5.http.wire - http-outgoing-1 << "Api-Version: 1.43[\r][\n]"
14:36:46.747 [main] DEBUG com.github.dockerjava.zerodep.shaded.org.apache.hc.client5.http.wire - http-outgoing-1 << "Content-Type: application/json[\r][\n]"
14:36:46.747 [main] DEBUG com.github.dockerjava.zerodep.shaded.org.apache.hc.client5.http.wire - http-outgoing-1 << "Date: Tue, 23 Apr 2024 12:36:46 GMT[\r][\n]"
14:36:46.747 [main] DEBUG com.github.dockerjava.zerodep.shaded.org.apache.hc.client5.http.wire - http-outgoing-1 << "Docker-Experimental: false[\r][\n]"
14:36:46.747 [main] DEBUG com.github.dockerjava.zerodep.shaded.org.apache.hc.client5.http.wire - http-outgoing-1 << "Ostype: linux[\r][\n]"
14:36:46.747 [main] DEBUG com.github.dockerjava.zerodep.shaded.org.apache.hc.client5.http.wire - http-outgoing-1 << "Server: Docker/24.0.6 (linux)[\r][\n]"
14:36:46.747 [main] DEBUG com.github.dockerjava.zerodep.shaded.org.apache.hc.client5.http.wire - http-outgoing-1 << "Transfer-Encoding: chunked[\r][\n]"
14:36:46.747 [main] DEBUG com.github.dockerjava.zerodep.shaded.org.apache.hc.client5.http.wire - http-outgoing-1 << "[\r][\n]"
14:36:46.748 [main] DEBUG com.github.dockerjava.zerodep.shaded.org.apache.hc.client5.http.headers - http-outgoing-1 << HTTP/1.1 201 Created
14:36:46.748 [main] DEBUG com.github.dockerjava.zerodep.shaded.org.apache.hc.client5.http.headers - http-outgoing-1 << Api-Version: 1.43
14:36:46.748 [main] DEBUG com.github.dockerjava.zerodep.shaded.org.apache.hc.client5.http.headers - http-outgoing-1 << Content-Type: application/json
14:36:46.748 [main] DEBUG com.github.dockerjava.zerodep.shaded.org.apache.hc.client5.http.headers - http-outgoing-1 << Date: Tue, 23 Apr 2024 12:36:46 GMT
14:36:46.748 [main] DEBUG com.github.dockerjava.zerodep.shaded.org.apache.hc.client5.http.headers - http-outgoing-1 << Docker-Experimental: false
14:36:46.748 [main] DEBUG com.github.dockerjava.zerodep.shaded.org.apache.hc.client5.http.headers - http-outgoing-1 << Ostype: linux
14:36:46.748 [main] DEBUG com.github.dockerjava.zerodep.shaded.org.apache.hc.client5.http.headers - http-outgoing-1 << Server: Docker/24.0.6 (linux)
14:36:46.748 [main] DEBUG com.github.dockerjava.zerodep.shaded.org.apache.hc.client5.http.headers - http-outgoing-1 << Transfer-Encoding: chunked
14:36:46.748 [main] DEBUG com.github.dockerjava.zerodep.shaded.org.apache.hc.client5.http.impl.classic.MainClientExec - ex-0000000C: connection can be kept alive for 3 MINUTES
14:36:46.748 [main] DEBUG com.github.dockerjava.zerodep.shaded.org.apache.hc.client5.http.wire - http-outgoing-1 << "58[\r][\n]"
14:36:46.748 [main] DEBUG com.github.dockerjava.zerodep.shaded.org.apache.hc.client5.http.wire - http-outgoing-1 << "{"Id":"a20de0ec4ebcdc82181fce693279cde9da909ff27b869e2dd728c661f4dd91f4","Warnings":[]}[\n]"
14:36:46.748 [main] DEBUG com.github.dockerjava.zerodep.shaded.org.apache.hc.client5.http.wire - http-outgoing-1 << "[\r][\n]"
14:36:46.748 [main] DEBUG com.github.dockerjava.zerodep.shaded.org.apache.hc.client5.http.wire - http-outgoing-1 << "0[\r][\n]"
14:36:46.748 [main] DEBUG com.github.dockerjava.zerodep.shaded.org.apache.hc.client5.http.wire - http-outgoing-1 << "[\r][\n]"
14:36:46.749 [main] DEBUG com.github.dockerjava.zerodep.shaded.org.apache.hc.client5.http.impl.classic.InternalHttpClient - ep-0000000B: releasing valid endpoint
14:36:46.749 [main] DEBUG com.github.dockerjava.zerodep.shaded.org.apache.hc.client5.http.impl.io.PoolingHttpClientConnectionManager - ep-0000000B: releasing endpoint
14:36:46.749 [main] DEBUG com.github.dockerjava.zerodep.shaded.org.apache.hc.client5.http.impl.io.PoolingHttpClientConnectionManager - ep-0000000B: connection http-outgoing-1 can be kept alive for 3 MINUTES
14:36:46.749 [main] DEBUG com.github.dockerjava.zerodep.shaded.org.apache.hc.client5.http.impl.io.PoolingHttpClientConnectionManager - ep-0000000B: connection released [route: {}->npipe://localhost:2375][total available: 1; route allocated: 1 of 2147483647; total allocated: 1 of 2147483647]
14:36:46.751 [main] INFO 🐳 [postgres:latest] - Starting container with ID: a20de0ec4ebcdc82181fce693279cde9da909ff27b869e2dd728c661f4dd91f4
14:36:46.751 [main] DEBUG org.testcontainers.shaded.com.github.dockerjava.core.command.AbstrDockerCmd - Cmd: a20de0ec4ebcdc82181fce693279cde9da909ff27b869e2dd728c661f4dd91f4
14:36:46.752 [main] DEBUG com.github.dockerjava.zerodep.shaded.org.apache.hc.client5.http.impl.classic.InternalHttpClient - ex-0000000D: preparing request execution
14:36:46.752 [main] DEBUG com.github.dockerjava.zerodep.shaded.org.apache.hc.client5.http.protocol.RequestAddCookies - Cookie spec selected: strict
14:36:46.752 [main] DEBUG com.github.dockerjava.zerodep.shaded.org.apache.hc.client5.http.protocol.RequestAuthCache - Auth cache not set in the context
14:36:46.753 [main] DEBUG com.github.dockerjava.zerodep.shaded.org.apache.hc.client5.http.impl.classic.ProtocolExec - ex-0000000D: target auth state: UNCHALLENGED
14:36:46.753 [main] DEBUG com.github.dockerjava.zerodep.shaded.org.apache.hc.client5.http.impl.classic.ProtocolExec - ex-0000000D: proxy auth state: UNCHALLENGED
14:36:46.753 [main] DEBUG com.github.dockerjava.zerodep.shaded.org.apache.hc.client5.http.impl.classic.ConnectExec - ex-0000000D: acquiring connection with route {}->npipe://localhost:2375
14:36:46.753 [main] DEBUG com.github.dockerjava.zerodep.shaded.org.apache.hc.client5.http.impl.classic.InternalHttpClient - ex-0000000D: acquiring endpoint (3 MINUTES)
14:36:46.753 [main] DEBUG com.github.dockerjava.zerodep.shaded.org.apache.hc.client5.http.impl.io.PoolingHttpClientConnectionManager - ex-0000000D: endpoint lease request (3 MINUTES) [route: {}->npipe://localhost:2375][total available: 1; route allocated: 1 of 2147483647; total allocated: 1 of 2147483647]
14:36:46.753 [main] DEBUG com.github.dockerjava.zerodep.shaded.org.apache.hc.client5.http.impl.io.PoolingHttpClientConnectionManager - ex-0000000D: endpoint leased [route: {}->npipe://localhost:2375][total available: 0; route allocated: 1 of 2147483647; total allocated: 1 of 2147483647]
14:36:46.753 [main] DEBUG com.github.dockerjava.zerodep.shaded.org.apache.hc.client5.http.impl.io.PoolingHttpClientConnectionManager - ex-0000000D: acquired ep-0000000C
14:36:46.753 [main] DEBUG com.github.dockerjava.zerodep.shaded.org.apache.hc.client5.http.impl.classic.InternalHttpClient - ex-0000000D: acquired endpoint ep-0000000C
14:36:46.753 [main] DEBUG com.github.dockerjava.zerodep.shaded.org.apache.hc.client5.http.impl.classic.MainClientExec - ex-0000000D: executing POST /v1.32/containers/a20de0ec4ebcdc82181fce693279cde9da909ff27b869e2dd728c661f4dd91f4/start HTTP/1.1
14:36:46.753 [main] DEBUG com.github.dockerjava.zerodep.shaded.org.apache.hc.client5.http.impl.classic.InternalHttpClient - ep-0000000C: start execution ex-0000000D
14:36:46.753 [main] DEBUG com.github.dockerjava.zerodep.shaded.org.apache.hc.client5.http.impl.io.PoolingHttpClientConnectionManager - ep-0000000C: executing exchange ex-0000000D over http-outgoing-1
14:36:46.753 [main] DEBUG com.github.dockerjava.zerodep.shaded.org.apache.hc.client5.http.headers - http-outgoing-1 >> POST /v1.32/containers/a20de0ec4ebcdc82181fce693279cde9da909ff27b869e2dd728c661f4dd91f4/start HTTP/1.1
14:36:46.754 [main] DEBUG com.github.dockerjava.zerodep.shaded.org.apache.hc.client5.http.headers - http-outgoing-1 >> accept: application/json
14:36:46.754 [main] DEBUG com.github.dockerjava.zerodep.shaded.org.apache.hc.client5.http.headers - http-outgoing-1 >> content-type: application/json
14:36:46.754 [main] DEBUG com.github.dockerjava.zerodep.shaded.org.apache.hc.client5.http.headers - http-outgoing-1 >> Accept-Encoding: gzip, x-gzip, deflate
14:36:46.754 [main] DEBUG com.github.dockerjava.zerodep.shaded.org.apache.hc.client5.http.headers - http-outgoing-1 >> Host: localhost:2375
14:36:46.754 [main] DEBUG com.github.dockerjava.zerodep.shaded.org.apache.hc.client5.http.headers - http-outgoing-1 >> Connection: keep-alive
14:36:46.754 [main] DEBUG com.github.dockerjava.zerodep.shaded.org.apache.hc.client5.http.headers - http-outgoing-1 >> User-Agent: Apache-HttpClient/5.0.3 (Java/21.0.1)
14:36:46.754 [main] DEBUG com.github.dockerjava.zerodep.shaded.org.apache.hc.client5.http.wire - http-outgoing-1 >> "POST /v1.32/containers/a20de0ec4ebcdc82181fce693279cde9da909ff27b869e2dd728c661f4dd91f4/start HTTP/1.1[\r][\n]"
14:36:46.754 [main] DEBUG com.github.dockerjava.zerodep.shaded.org.apache.hc.client5.http.wire - http-outgoing-1 >> "accept: application/json[\r][\n]"
14:36:46.754 [main] DEBUG com.github.dockerjava.zerodep.shaded.org.apache.hc.client5.http.wire - http-outgoing-1 >> "content-type: application/json[\r][\n]"
14:36:46.754 [main] DEBUG com.github.dockerjava.zerodep.shaded.org.apache.hc.client5.http.wire - http-outgoing-1 >> "Accept-Encoding: gzip, x-gzip, deflate[\r][\n]"
14:36:46.754 [main] DEBUG com.github.dockerjava.zerodep.shaded.org.apache.hc.client5.http.wire - http-outgoing-1 >> "Host: localhost:2375[\r][\n]"
14:36:46.754 [main] DEBUG com.github.dockerjava.zerodep.shaded.org.apache.hc.client5.http.wire - http-outgoing-1 >> "Connection: keep-alive[\r][\n]"
14:36:46.754 [main] DEBUG com.github.dockerjava.zerodep.shaded.org.apache.hc.client5.http.wire - http-outgoing-1 >> "User-Agent: Apache-HttpClient/5.0.3 (Java/21.0.1)[\r][\n]"
14:36:46.754 [main] DEBUG com.github.dockerjava.zerodep.shaded.org.apache.hc.client5.http.wire - http-outgoing-1 >> "[\r][\n]"
14:36:47.233 [main] DEBUG com.github.dockerjava.zerodep.shaded.org.apache.hc.client5.http.wire - http-outgoing-1 << "HTTP/1.1 204 No Content[\r][\n]"
14:36:47.233 [main] DEBUG com.github.dockerjava.zerodep.shaded.org.apache.hc.client5.http.wire - http-outgoing-1 << "Api-Version: 1.43[\r][\n]"
14:36:47.234 [main] DEBUG com.github.dockerjava.zerodep.shaded.org.apache.hc.client5.http.wire - http-outgoing-1 << "Date: Tue, 23 Apr 2024 12:36:47 GMT[\r][\n]"
14:36:47.234 [main] DEBUG com.github.dockerjava.zerodep.shaded.org.apache.hc.client5.http.wire - http-outgoing-1 << "Docker-Experimental: false[\r][\n]"
14:36:47.234 [main] DEBUG com.github.dockerjava.zerodep.shaded.org.apache.hc.client5.http.wire - http-outgoing-1 << "Ostype: linux[\r][\n]"
14:36:47.234 [main] DEBUG com.github.dockerjava.zerodep.shaded.org.apache.hc.client5.http.wire - http-outgoing-1 << "Server: Docker/24.0.6 (linux)[\r][\n]"
14:36:47.234 [main] DEBUG com.github.dockerjava.zerodep.shaded.org.apache.hc.client5.http.wire - http-outgoing-1 << "[\r][\n]"
14:36:47.234 [main] DEBUG com.github.dockerjava.zerodep.shaded.org.apache.hc.client5.http.headers - http-outgoing-1 << HTTP/1.1 204 No Content
14:36:47.234 [main] DEBUG com.github.dockerjava.zerodep.shaded.org.apache.hc.client5.http.headers - http-outgoing-1 << Api-Version: 1.43
14:36:47.234 [main] DEBUG com.github.dockerjava.zerodep.shaded.org.apache.hc.client5.http.headers - http-outgoing-1 << Date: Tue, 23 Apr 2024 12:36:47 GMT
14:36:47.234 [main] DEBUG com.github.dockerjava.zerodep.shaded.org.apache.hc.client5.http.headers - http-outgoing-1 << Docker-Experimental: false
14:36:47.234 [main] DEBUG com.github.dockerjava.zerodep.shaded.org.apache.hc.client5.http.headers - http-outgoing-1 << Ostype: linux
14:36:47.234 [main] DEBUG com.github.dockerjava.zerodep.shaded.org.apache.hc.client5.http.headers - http-outgoing-1 << Server: Docker/24.0.6 (linux)
14:36:47.234 [main] DEBUG com.github.dockerjava.zerodep.shaded.org.apache.hc.client5.http.impl.classic.MainClientExec - ex-0000000D: connection can be kept alive for 3 MINUTES
14:36:47.235 [main] DEBUG com.github.dockerjava.zerodep.shaded.org.apache.hc.client5.http.impl.classic.InternalHttpClient - ep-0000000C: releasing valid endpoint
14:36:47.235 [main] DEBUG com.github.dockerjava.zerodep.shaded.org.apache.hc.client5.http.impl.io.PoolingHttpClientConnectionManager - ep-0000000C: releasing endpoint
14:36:47.235 [main] DEBUG com.github.dockerjava.zerodep.shaded.org.apache.hc.client5.http.impl.io.PoolingHttpClientConnectionManager - ep-0000000C: connection http-outgoing-1 can be kept alive for 3 MINUTES
14:36:47.235 [main] DEBUG com.github.dockerjava.zerodep.shaded.org.apache.hc.client5.http.impl.io.PoolingHttpClientConnectionManager - ep-0000000C: connection released [route: {}->npipe://localhost:2375][total available: 1; route allocated: 1 of 2147483647; total allocated: 1 of 2147483647]
14:36:47.235 [main] INFO 🐳 [postgres:latest] - Container postgres:latest is starting: a20de0ec4ebcdc82181fce693279cde9da909ff27b869e2dd728c661f4dd91f4
14:36:47.237 [main] DEBUG org.testcontainers.shaded.com.github.dockerjava.core.command.AbstrDockerCmd - Cmd: a20de0ec4ebcdc82181fce693279cde9da909ff27b869e2dd728c661f4dd91f4,false
14:36:47.237 [main] DEBUG org.testcontainers.shaded.com.github.dockerjava.core.exec.InspectContainerCmdExec - GET: DefaultWebTarget{path=[/containers/a20de0ec4ebcdc82181fce693279cde9da909ff27b869e2dd728c661f4dd91f4/json], queryParams={}}
14:36:47.238 [main] DEBUG com.github.dockerjava.zerodep.shaded.org.apache.hc.client5.http.impl.classic.InternalHttpClient - ex-0000000E: preparing request execution
14:36:47.238 [main] DEBUG com.github.dockerjava.zerodep.shaded.org.apache.hc.client5.http.protocol.RequestAddCookies - Cookie spec selected: strict
14:36:47.238 [main] DEBUG com.github.dockerjava.zerodep.shaded.org.apache.hc.client5.http.protocol.RequestAuthCache - Auth cache not set in the context
14:36:47.238 [main] DEBUG com.github.dockerjava.zerodep.shaded.org.apache.hc.client5.http.impl.classic.ProtocolExec - ex-0000000E: target auth state: UNCHALLENGED
14:36:47.238 [main] DEBUG com.github.dockerjava.zerodep.shaded.org.apache.hc.client5.http.impl.classic.ProtocolExec - ex-0000000E: proxy auth state: UNCHALLENGED
14:36:47.238 [main] DEBUG com.github.dockerjava.zerodep.shaded.org.apache.hc.client5.http.impl.classic.ConnectExec - ex-0000000E: acquiring connection with route {}->npipe://localhost:2375
14:36:47.238 [main] DEBUG com.github.dockerjava.zerodep.shaded.org.apache.hc.client5.http.impl.classic.InternalHttpClient - ex-0000000E: acquiring endpoint (3 MINUTES)
14:36:47.238 [main] DEBUG com.github.dockerjava.zerodep.shaded.org.apache.hc.client5.http.impl.io.PoolingHttpClientConnectionManager - ex-0000000E: endpoint lease request (3 MINUTES) [route: {}->npipe://localhost:2375][total available: 1; route allocated: 1 of 2147483647; total allocated: 1 of 2147483647]
14:36:47.238 [main] DEBUG com.github.dockerjava.zerodep.shaded.org.apache.hc.client5.http.impl.io.PoolingHttpClientConnectionManager - ex-0000000E: endpoint leased [route: {}->npipe://localhost:2375][total available: 0; route allocated: 1 of 2147483647; total allocated: 1 of 2147483647]
14:36:47.238 [main] DEBUG com.github.dockerjava.zerodep.shaded.org.apache.hc.client5.http.impl.io.PoolingHttpClientConnectionManager - ex-0000000E: acquired ep-0000000D
14:36:47.238 [main] DEBUG com.github.dockerjava.zerodep.shaded.org.apache.hc.client5.http.impl.classic.InternalHttpClient - ex-0000000E: acquired endpoint ep-0000000D
14:36:47.239 [main] DEBUG com.github.dockerjava.zerodep.shaded.org.apache.hc.client5.http.impl.classic.MainClientExec - ex-0000000E: executing GET /v1.32/containers/a20de0ec4ebcdc82181fce693279cde9da909ff27b869e2dd728c661f4dd91f4/json HTTP/1.1
14:36:47.239 [main] DEBUG com.github.dockerjava.zerodep.shaded.org.apache.hc.client5.http.impl.classic.InternalHttpClient - ep-0000000D: start execution ex-0000000E
14:36:47.239 [main] DEBUG com.github.dockerjava.zerodep.shaded.org.apache.hc.client5.http.impl.io.PoolingHttpClientConnectionManager - ep-0000000D: executing exchange ex-0000000E over http-outgoing-1
14:36:47.239 [main] DEBUG com.github.dockerjava.zerodep.shaded.org.apache.hc.client5.http.headers - http-outgoing-1 >> GET /v1.32/containers/a20de0ec4ebcdc82181fce693279cde9da909ff27b869e2dd728c661f4dd91f4/json HTTP/1.1
14:36:47.239 [main] DEBUG com.github.dockerjava.zerodep.shaded.org.apache.hc.client5.http.headers - http-outgoing-1 >> accept: application/json
14:36:47.239 [main] DEBUG com.github.dockerjava.zerodep.shaded.org.apache.hc.client5.http.headers - http-outgoing-1 >> Accept-Encoding: gzip, x-gzip, deflate
14:36:47.239 [main] DEBUG com.github.dockerjava.zerodep.shaded.org.apache.hc.client5.http.headers - http-outgoing-1 >> Host: localhost:2375
14:36:47.239 [main] DEBUG com.github.dockerjava.zerodep.shaded.org.apache.hc.client5.http.headers - http-outgoing-1 >> Connection: keep-alive
14:36:47.239 [main] DEBUG com.github.dockerjava.zerodep.shaded.org.apache.hc.client5.http.headers - http-outgoing-1 >> User-Agent: Apache-HttpClient/5.0.3 (Java/21.0.1)
14:36:47.239 [main] DEBUG com.github.dockerjava.zerodep.shaded.org.apache.hc.client5.http.wire - http-outgoing-1 >> "GET /v1.32/containers/a20de0ec4ebcdc82181fce693279cde9da909ff27b869e2dd728c661f4dd91f4/json HTTP/1.1[\r][\n]"
14:36:47.239 [main] DEBUG com.github.dockerjava.zerodep.shaded.org.apache.hc.client5.http.wire - http-outgoing-1 >> "accept: application/json[\r][\n]"
14:36:47.239 [main] DEBUG com.github.dockerjava.zerodep.shaded.org.apache.hc.client5.http.wire - http-outgoing-1 >> "Accept-Encoding: gzip, x-gzip, deflate[\r][\n]"
14:36:47.239 [main] DEBUG com.github.dockerjava.zerodep.shaded.org.apache.hc.client5.http.wire - http-outgoing-1 >> "Host: localhost:2375[\r][\n]"
14:36:47.239 [main] DEBUG com.github.dockerjava.zerodep.shaded.org.apache.hc.client5.http.wire - http-outgoing-1 >> "Connection: keep-alive[\r][\n]"
14:36:47.239 [main] DEBUG com.github.dockerjava.zerodep.shaded.org.apache.hc.client5.http.wire - http-outgoing-1 >> "User-Agent: Apache-HttpClient/5.0.3 (Java/21.0.1)[\r][\n]"
14:36:47.239 [main] DEBUG com.github.dockerjava.zerodep.shaded.org.apache.hc.client5.http.wire - http-outgoing-1 >> "[\r][\n]"
14:36:47.247 [main] DEBUG com.github.dockerjava.zerodep.shaded.org.apache.hc.client5.http.wire - http-outgoing-1 << "HTTP/1.1 200 OK[\r][\n]"
14:36:47.247 [main] DEBUG com.github.dockerjava.zerodep.shaded.org.apache.hc.client5.http.wire - http-outgoing-1 << "Api-Version: 1.43[\r][\n]"
14:36:47.247 [main] DEBUG com.github.dockerjava.zerodep.shaded.org.apache.hc.client5.http.wire - http-outgoing-1 << "Content-Type: application/json[\r][\n]"
14:36:47.247 [main] DEBUG com.github.dockerjava.zerodep.shaded.org.apache.hc.client5.http.wire - http-outgoing-1 << "Date: Tue, 23 Apr 2024 12:36:47 GMT[\r][\n]"
14:36:47.247 [main] DEBUG com.github.dockerjava.zerodep.shaded.org.apache.hc.client5.http.wire - http-outgoing-1 << "Docker-Experimental: false[\r][\n]"
14:36:47.247 [main] DEBUG com.github.dockerjava.zerodep.shaded.org.apache.hc.client5.http.wire - http-outgoing-1 << "Ostype: linux[\r][\n]"
14:36:47.247 [main] DEBUG com.github.dockerjava.zerodep.shaded.org.apache.hc.client5.http.wire - http-outgoing-1 << "Server: Docker/24.0.6 (linux)[\r][\n]"
14:36:47.247 [main] DEBUG com.github.dockerjava.zerodep.shaded.org.apache.hc.client5.http.wire - http-outgoing-1 << "Transfer-Encoding: chunked[\r][\n]"
14:36:47.248 [main] DEBUG com.github.dockerjava.zerodep.shaded.org.apache.hc.client5.http.wire - http-outgoing-1 << "[\r][\n]"
14:36:47.248 [main] DEBUG com.github.dockerjava.zerodep.shaded.org.apache.hc.client5.http.headers - http-outgoing-1 << HTTP/1.1 200 OK
14:36:47.248 [main] DEBUG com.github.dockerjava.zerodep.shaded.org.apache.hc.client5.http.headers - http-outgoing-1 << Api-Version: 1.43
14:36:47.248 [main] DEBUG com.github.dockerjava.zerodep.shaded.org.apache.hc.client5.http.headers - http-outgoing-1 << Content-Type: application/json
14:36:47.248 [main] DEBUG com.github.dockerjava.zerodep.shaded.org.apache.hc.client5.http.headers - http-outgoing-1 << Date: Tue, 23 Apr 2024 12:36:47 GMT
14:36:47.248 [main] DEBUG com.github.dockerjava.zerodep.shaded.org.apache.hc.client5.http.headers - http-outgoing-1 << Docker-Experimental: false
14:36:47.248 [main] DEBUG com.github.dockerjava.zerodep.shaded.org.apache.hc.client5.http.headers - http-outgoing-1 << Ostype: linux
14:36:47.248 [main] DEBUG com.github.dockerjava.zerodep.shaded.org.apache.hc.client5.http.headers - http-outgoing-1 << Server: Docker/24.0.6 (linux)
14:36:47.248 [main] DEBUG com.github.dockerjava.zerodep.shaded.org.apache.hc.client5.http.headers - http-outgoing-1 << Transfer-Encoding: chunked
14:36:47.248 [main] DEBUG com.github.dockerjava.zerodep.shaded.org.apache.hc.client5.http.impl.classic.MainClientExec - ex-0000000E: connection can be kept alive for 3 MINUTES
14:36:47.250 [main] DEBUG com.github.dockerjava.zerodep.shaded.org.apache.hc.client5.http.wire - http-outgoing-1 << "19d3[\r][\n]"
14:36:47.251 [main] DEBUG com.github.dockerjava.zerodep.shaded.org.apache.hc.client5.http.wire - http-outgoing-1 << "{"Id":"a20de0ec4ebcdc82181fce693279cde9da909ff27b869e2dd728c661f4dd91f4","Created":"2024-04-23T12:36:46.662047696Z","Path":"docker-entrypoint.sh","Args":["postgres","-c","fsync=off"],"State":{"Status":"running","Running":true,"Paused":false,"Restarting":false,"OOMKilled":false,"Dead":false,"Pid":3096,"ExitCode":0,"Error":"","StartedAt":"2024-04-23T12:36:47.216812223Z","FinishedAt":"0001-01-01T00:00:00Z"},"Image":"sha256:d60dc4bd84c0a07f26f1eb9feefcc94d1dbb3a2d478a0b705aa5e7311353108b","ResolvConfPath":"/var/lib/docker/containers/a20de0ec4ebcdc82181fce693279cde9da909ff27b869e2dd728c661f4dd91f4/resolv.conf","HostnamePath":"/var/lib/docker/containers/a20de0ec4ebcdc82181fce693279cde9da909ff27b869e2dd728c661f4dd91f4/hostname","HostsPath":"/var/lib/docker/containers/a20de0ec4ebcdc82181fce693279cde9da909ff27b869e2dd728c661f4dd91f4/hosts","LogPath":"/var/lib/docker/containers/a20de0ec4ebcdc82181fce693279cde9da909ff27b869e2dd728c661f4dd91f4/a20de0ec4ebcdc82181fce693279cde9da909ff27b869e2dd728c661f4dd91f4-json.log","Name":"/friendly_cannon","RestartCount":0,"Driver":"overlay2","Platform":"linux","MountLabel":"","ProcessLabel":"","AppArmorProfile":"","ExecIDs":null,"HostConfig":{"Binds":[],"ContainerIDFile":"","LogConfig":{"Type":"json-file","Config":{}},"NetworkMode":"default","PortBindings":{"5432/tcp":[{"HostIp":"0.0.0.0","HostPort":"0"}]},"RestartPolicy":{"Name":"","MaximumRetryCount":0},"AutoRemove":false,"VolumeDriver":"","VolumesFrom":[],"ConsoleSize":[0,0],"CapAdd":null,"CapDrop":null,"CgroupnsMode":"host","Dns":null,"DnsOptions":null,"DnsSearch":null,"ExtraHosts":[],"GroupAdd":null,"IpcMode":"shareable","Cgroup":"","Links":null,"OomScoreAdj":0,"PidMode":"","Privileged":false,"PublishAllPorts":false,"ReadonlyRootfs":false,"SecurityOpt":null,"UTSMode":"","UsernsMode":"","ShmSize":67108864,"Runtime":"runc","Isolation":"","CpuShares":0,"Memory":0,"NanoCpus":0,"CgroupParent":"","BlkioWeight":0,"BlkioWeightDevice":null,"BlkioDeviceReadBps":null,"BlkioDeviceWriteBps":null,"BlkioDeviceReadIOps":null,"BlkioDeviceWriteIOps":null,"CpuPeriod":0,"CpuQuota":0,"CpuRealtimePeriod":0,"CpuRealtimeRuntime":0,"CpusetCpus":"","CpusetMems":"","Devices":null,"DeviceCgroupRules":null,"DeviceRequests":null,"MemoryReservation":0,"MemorySwap":0,"MemorySwappiness":null,"OomKillDisable":false,"PidsLimit":null,"Ulimits":null,"CpuCount":0,"CpuPercent":0,"IOMaximumIOps":0,"IOMaximumBandwidth":0,"MaskedPaths":["/proc/asound","/proc/acpi","/proc/kcore","/proc/keys","/proc/latency_stats","/proc/timer_list","/proc/timer_stats","/proc/sched_debug","/proc/scsi","/sys/firmware"],"ReadonlyPaths":["/proc/bus","/proc/fs","/proc/irq","/proc/sys","/proc/sysrq-trigger"]},"GraphDriver":{"Data":{"LowerDir":"/var/lib/docker/overlay2/26f0aed381e9f30cc0067116df3ffc47b3230fe7801a1cbc306ffdf34cc69327-init/diff:/var/lib/docker/overlay2/93107d79db34613a52457e79d5e018593ec222f5a552a79b1649195285638a0a/diff:/var/lib/docker/overlay2/d3fe525fc7941eb57234792f96caab4526559c820693b9ec9544161c1598e1b3/diff:/var/lib/docker/overlay2/60613a8d38d051fc17e35f6d9d2fb459e012b8a8421bf0c0b069e04f6f6aec41/diff:/var/lib/docker/overlay2/3f764471cbfae74f200227eeee0829f410a5a9d0da3e4c68f94e4dfe349e5ab1/diff:/var/lib/docker/overlay2/7057ffaa248998f883cb0bbae167239bed3f7172c706c03b78c6595984d42cd0/diff:/var/lib/docker/overlay2/e72db49d277245d0b31319b20fbde31d5a435bc5d5a7ec3e60775d7687b95201/diff:/var/lib/docker/overlay2/d38b42fe049e60dbde54ffcb9a566591fef7b42c16da0a892f285692f15b9f73/diff:/var/lib/docker/overlay2/9bc407bdd75839fd5bfe2820e37c7a1b7d8a1b9e160a8e33b94d51b1fa104acf/diff:/var/lib/docker/overlay2/3e26375b129d99b902d2d0f6a1b5cb69ea17b6d280515504658dcc5136fc69c2/diff:/var/lib/docker/overlay2/5a9a2d0681949bc95e271c2044ae389d799f352bcfef15f6d3587e557dbface9/diff:/var/lib/docker/overlay2/55b270af3a564d45f1bf79137e3f05c98c26c7c0f499b9c9a62c7d84fae4bcfa/diff:/var/lib/docker/overlay2/52bb8e2e8f809f596f63130d85de87a71483aaded33c4ee824f0b73272b6edee/diff:/var/lib/docker/overlay2/b98be56f6fe67aa122af67473ab6cdf532ba04f24826752b2cb6eefbdaa3f33f/diff:/var/lib/docker/overlay2/ddfb7273b4818fa9abcbab"
14:36:47.252 [main] DEBUG com.github.dockerjava.zerodep.shaded.org.apache.hc.client5.http.wire - http-outgoing-1 << "cef0597ccd32c5eefa67f1f46b20b138f94ab28800/diff","MergedDir":"/var/lib/docker/overlay2/26f0aed381e9f30cc0067116df3ffc47b3230fe7801a1cbc306ffdf34cc69327/merged","UpperDir":"/var/lib/docker/overlay2/26f0aed381e9f30cc0067116df3ffc47b3230fe7801a1cbc306ffdf34cc69327/diff","WorkDir":"/var/lib/docker/overlay2/26f0aed381e9f30cc0067116df3ffc47b3230fe7801a1cbc306ffdf34cc69327/work"},"Name":"overlay2"},"Mounts":[{"Type":"volume","Name":"884a8cfe8e753bad6ab01c8af62f12a048581d3d16000a8c3cb1e9c18fb613a6","Source":"/var/lib/docker/volumes/884a8cfe8e753bad6ab01c8af62f12a048581d3d16000a8c3cb1e9c18fb613a6/_data","Destination":"/var/lib/postgresql/data","Driver":"local","Mode":"","RW":true,"Propagation":""}],"Config":{"Hostname":"a20de0ec4ebc","Domainname":"","User":"","AttachStdin":false,"AttachStdout":false,"AttachStderr":false,"ExposedPorts":{"5432/tcp":{}},"Tty":false,"OpenStdin":false,"StdinOnce":false,"Env":["POSTGRES_USER=test_user","POSTGRES_PASSWORD=test_password","POSTGRES_DB=test_database","PATH=/usr/local/sbin:/usr/local/bin:/usr/sbin:/usr/bin:/sbin:/bin:/usr/lib/postgresql/16/bin","GOSU_VERSION=1.17","LANG=en_US.utf8","PG_MAJOR=16","PG_VERSION=16.2-1.pgdg120+2","PGDATA=/var/lib/postgresql/data"],"Cmd":["postgres","-c","fsync=off"],"Image":"postgres:latest","Volumes":{"/var/lib/postgresql/data":{}},"WorkingDir":"","Entrypoint":["docker-entrypoint.sh"],"OnBuild":null,"Labels":{"org.testcontainers":"true","org.testcontainers.sessionId":"1ae74cd6-a8ac-4c43-9aa2-e005ceb54352"},"StopSignal":"SIGINT"},"NetworkSettings":{"Bridge":"","SandboxID":"acddcecd4fb3aa01e7a79a14c60ee5fd60608e754dc2aeb397badb9ab9965e7b","HairpinMode":false,"LinkLocalIPv6Address":"","LinkLocalIPv6PrefixLen":0,"Ports":{"5432/tcp":[{"HostIp":"0.0.0.0","HostPort":"61228"}]},"SandboxKey":"/var/run/docker/netns/acddcecd4fb3","SecondaryIPAddresses":null,"SecondaryIPv6Addresses":null,"EndpointID":"494e382a19a8f4a2126427f0c87ac7564a64ec3b282e1225fe197ce860410212","Gateway":"172.17.0.1","GlobalIPv6Address":"","GlobalIPv6PrefixLen":0,"IPAddress":"172.17.0.3","IPPrefixLen":16,"IPv6Gateway":"","MacAddress":"02:42:ac:11:00:03","Networks":{"bridge":{"IPAMConfig":null,"Links":null,"Aliases":null,"NetworkID":"443b467e5fdc845ed5dc4d32e94523e404f807cca91547cc0fc189d24833fa80","EndpointID":"494e382a19a8f4a2126427f0c87ac7564a64ec3b282e1225fe197ce860410212","Gateway":"172.17.0.1","IPAddress":"172.17.0.3","IPPrefixLen":16,"IPv6Gateway":"","GlobalIPv6Address":"","GlobalIPv6PrefixLen":0,"MacAddress":"02:42:ac:11:00:03","DriverOpts":null}}}}[\n]"
14:36:47.255 [main] DEBUG com.github.dockerjava.zerodep.shaded.org.apache.hc.client5.http.wire - http-outgoing-1 << "[\r][\n]"
14:36:47.255 [main] DEBUG com.github.dockerjava.zerodep.shaded.org.apache.hc.client5.http.wire - http-outgoing-1 << "0[\r][\n]"
14:36:47.255 [main] DEBUG com.github.dockerjava.zerodep.shaded.org.apache.hc.client5.http.wire - http-outgoing-1 << "[\r][\n]"
14:36:47.255 [main] DEBUG com.github.dockerjava.zerodep.shaded.org.apache.hc.client5.http.impl.classic.InternalHttpClient - ep-0000000D: releasing valid endpoint
14:36:47.255 [main] DEBUG com.github.dockerjava.zerodep.shaded.org.apache.hc.client5.http.impl.io.PoolingHttpClientConnectionManager - ep-0000000D: releasing endpoint
14:36:47.255 [main] DEBUG com.github.dockerjava.zerodep.shaded.org.apache.hc.client5.http.impl.io.PoolingHttpClientConnectionManager - ep-0000000D: connection http-outgoing-1 can be kept alive for 3 MINUTES
14:36:47.255 [main] DEBUG com.github.dockerjava.zerodep.shaded.org.apache.hc.client5.http.impl.io.PoolingHttpClientConnectionManager - ep-0000000D: connection released [route: {}->npipe://localhost:2375][total available: 1; route allocated: 1 of 2147483647; total allocated: 1 of 2147483647]
14:36:47.258 [ducttape-0] DEBUG org.testcontainers.shaded.com.github.dockerjava.core.command.AbstrDockerCmd - Cmd: a20de0ec4ebcdc82181fce693279cde9da909ff27b869e2dd728c661f4dd91f4,false
14:36:47.259 [ducttape-0] DEBUG org.testcontainers.shaded.com.github.dockerjava.core.exec.InspectContainerCmdExec - GET: DefaultWebTarget{path=[/containers/a20de0ec4ebcdc82181fce693279cde9da909ff27b869e2dd728c661f4dd91f4/json], queryParams={}}
14:36:47.260 [ducttape-0] DEBUG com.github.dockerjava.zerodep.shaded.org.apache.hc.client5.http.impl.classic.InternalHttpClient - ex-0000000F: preparing request execution
14:36:47.260 [ducttape-0] DEBUG com.github.dockerjava.zerodep.shaded.org.apache.hc.client5.http.protocol.RequestAddCookies - Cookie spec selected: strict
14:36:47.260 [ducttape-0] DEBUG com.github.dockerjava.zerodep.shaded.org.apache.hc.client5.http.protocol.RequestAuthCache - Auth cache not set in the context
14:36:47.260 [ducttape-0] DEBUG com.github.dockerjava.zerodep.shaded.org.apache.hc.client5.http.impl.classic.ProtocolExec - ex-0000000F: target auth state: UNCHALLENGED
14:36:47.260 [ducttape-0] DEBUG com.github.dockerjava.zerodep.shaded.org.apache.hc.client5.http.impl.classic.ProtocolExec - ex-0000000F: proxy auth state: UNCHALLENGED
14:36:47.260 [ducttape-0] DEBUG com.github.dockerjava.zerodep.shaded.org.apache.hc.client5.http.impl.classic.ConnectExec - ex-0000000F: acquiring connection with route {}->npipe://localhost:2375
14:36:47.260 [ducttape-0] DEBUG com.github.dockerjava.zerodep.shaded.org.apache.hc.client5.http.impl.classic.InternalHttpClient - ex-0000000F: acquiring endpoint (3 MINUTES)
14:36:47.261 [ducttape-0] DEBUG com.github.dockerjava.zerodep.shaded.org.apache.hc.client5.http.impl.io.PoolingHttpClientConnectionManager - ex-0000000F: endpoint lease request (3 MINUTES) [route: {}->npipe://localhost:2375][total available: 1; route allocated: 1 of 2147483647; total allocated: 1 of 2147483647]
14:36:47.261 [ducttape-0] DEBUG com.github.dockerjava.zerodep.shaded.org.apache.hc.client5.http.impl.io.PoolingHttpClientConnectionManager - ex-0000000F: endpoint leased [route: {}->npipe://localhost:2375][total available: 0; route allocated: 1 of 2147483647; total allocated: 1 of 2147483647]
14:36:47.261 [ducttape-0] DEBUG com.github.dockerjava.zerodep.shaded.org.apache.hc.client5.http.impl.io.PoolingHttpClientConnectionManager - ex-0000000F: acquired ep-0000000E
14:36:47.261 [ducttape-0] DEBUG com.github.dockerjava.zerodep.shaded.org.apache.hc.client5.http.impl.classic.InternalHttpClient - ex-0000000F: acquired endpoint ep-0000000E
14:36:47.261 [ducttape-0] DEBUG com.github.dockerjava.zerodep.shaded.org.apache.hc.client5.http.impl.classic.MainClientExec - ex-0000000F: executing GET /v1.32/containers/a20de0ec4ebcdc82181fce693279cde9da909ff27b869e2dd728c661f4dd91f4/json HTTP/1.1
14:36:47.261 [ducttape-0] DEBUG com.github.dockerjava.zerodep.shaded.org.apache.hc.client5.http.impl.classic.InternalHttpClient - ep-0000000E: start execution ex-0000000F
14:36:47.261 [ducttape-0] DEBUG com.github.dockerjava.zerodep.shaded.org.apache.hc.client5.http.impl.io.PoolingHttpClientConnectionManager - ep-0000000E: executing exchange ex-0000000F over http-outgoing-1
14:36:47.261 [ducttape-0] DEBUG com.github.dockerjava.zerodep.shaded.org.apache.hc.client5.http.headers - http-outgoing-1 >> GET /v1.32/containers/a20de0ec4ebcdc82181fce693279cde9da909ff27b869e2dd728c661f4dd91f4/json HTTP/1.1
14:36:47.261 [ducttape-0] DEBUG com.github.dockerjava.zerodep.shaded.org.apache.hc.client5.http.headers - http-outgoing-1 >> accept: application/json
14:36:47.261 [ducttape-0] DEBUG com.github.dockerjava.zerodep.shaded.org.apache.hc.client5.http.headers - http-outgoing-1 >> Accept-Encoding: gzip, x-gzip, deflate
14:36:47.261 [ducttape-0] DEBUG com.github.dockerjava.zerodep.shaded.org.apache.hc.client5.http.headers - http-outgoing-1 >> Host: localhost:2375
14:36:47.261 [ducttape-0] DEBUG com.github.dockerjava.zerodep.shaded.org.apache.hc.client5.http.headers - http-outgoing-1 >> Connection: keep-alive
14:36:47.261 [ducttape-0] DEBUG com.github.dockerjava.zerodep.shaded.org.apache.hc.client5.http.headers - http-outgoing-1 >> User-Agent: Apache-HttpClient/5.0.3 (Java/21.0.1)
14:36:47.261 [ducttape-0] DEBUG com.github.dockerjava.zerodep.shaded.org.apache.hc.client5.http.wire - http-outgoing-1 >> "GET /v1.32/containers/a20de0ec4ebcdc82181fce693279cde9da909ff27b869e2dd728c661f4dd91f4/json HTTP/1.1[\r][\n]"
14:36:47.261 [ducttape-0] DEBUG com.github.dockerjava.zerodep.shaded.org.apache.hc.client5.http.wire - http-outgoing-1 >> "accept: application/json[\r][\n]"
14:36:47.261 [ducttape-0] DEBUG com.github.dockerjava.zerodep.shaded.org.apache.hc.client5.http.wire - http-outgoing-1 >> "Accept-Encoding: gzip, x-gzip, deflate[\r][\n]"
14:36:47.262 [ducttape-0] DEBUG com.github.dockerjava.zerodep.shaded.org.apache.hc.client5.http.wire - http-outgoing-1 >> "Host: localhost:2375[\r][\n]"
14:36:47.262 [ducttape-0] DEBUG com.github.dockerjava.zerodep.shaded.org.apache.hc.client5.http.wire - http-outgoing-1 >> "Connection: keep-alive[\r][\n]"
14:36:47.262 [ducttape-0] DEBUG com.github.dockerjava.zerodep.shaded.org.apache.hc.client5.http.wire - http-outgoing-1 >> "User-Agent: Apache-HttpClient/5.0.3 (Java/21.0.1)[\r][\n]"
14:36:47.262 [ducttape-0] DEBUG com.github.dockerjava.zerodep.shaded.org.apache.hc.client5.http.wire - http-outgoing-1 >> "[\r][\n]"
14:36:47.269 [ducttape-0] DEBUG com.github.dockerjava.zerodep.shaded.org.apache.hc.client5.http.wire - http-outgoing-1 << "HTTP/1.1 200 OK[\r][\n]"
14:36:47.270 [ducttape-0] DEBUG com.github.dockerjava.zerodep.shaded.org.apache.hc.client5.http.wire - http-outgoing-1 << "Api-Version: 1.43[\r][\n]"
14:36:47.270 [ducttape-0] DEBUG com.github.dockerjava.zerodep.shaded.org.apache.hc.client5.http.wire - http-outgoing-1 << "Content-Type: application/json[\r][\n]"
14:36:47.270 [ducttape-0] DEBUG com.github.dockerjava.zerodep.shaded.org.apache.hc.client5.http.wire - http-outgoing-1 << "Date: Tue, 23 Apr 2024 12:36:47 GMT[\r][\n]"
14:36:47.270 [ducttape-0] DEBUG com.github.dockerjava.zerodep.shaded.org.apache.hc.client5.http.wire - http-outgoing-1 << "Docker-Experimental: false[\r][\n]"
14:36:47.270 [ducttape-0] DEBUG com.github.dockerjava.zerodep.shaded.org.apache.hc.client5.http.wire - http-outgoing-1 << "Ostype: linux[\r][\n]"
14:36:47.270 [ducttape-0] DEBUG com.github.dockerjava.zerodep.shaded.org.apache.hc.client5.http.wire - http-outgoing-1 << "Server: Docker/24.0.6 (linux)[\r][\n]"
14:36:47.270 [ducttape-0] DEBUG com.github.dockerjava.zerodep.shaded.org.apache.hc.client5.http.wire - http-outgoing-1 << "Transfer-Encoding: chunked[\r][\n]"
14:36:47.270 [ducttape-0] DEBUG com.github.dockerjava.zerodep.shaded.org.apache.hc.client5.http.wire - http-outgoing-1 << "[\r][\n]"
14:36:47.270 [ducttape-0] DEBUG com.github.dockerjava.zerodep.shaded.org.apache.hc.client5.http.headers - http-outgoing-1 << HTTP/1.1 200 OK
14:36:47.270 [ducttape-0] DEBUG com.github.dockerjava.zerodep.shaded.org.apache.hc.client5.http.headers - http-outgoing-1 << Api-Version: 1.43
14:36:47.270 [ducttape-0] DEBUG com.github.dockerjava.zerodep.shaded.org.apache.hc.client5.http.headers - http-outgoing-1 << Content-Type: application/json
14:36:47.270 [ducttape-0] DEBUG com.github.dockerjava.zerodep.shaded.org.apache.hc.client5.http.headers - http-outgoing-1 << Date: Tue, 23 Apr 2024 12:36:47 GMT
14:36:47.270 [ducttape-0] DEBUG com.github.dockerjava.zerodep.shaded.org.apache.hc.client5.http.headers - http-outgoing-1 << Docker-Experimental: false
14:36:47.270 [ducttape-0] DEBUG com.github.dockerjava.zerodep.shaded.org.apache.hc.client5.http.headers - http-outgoing-1 << Ostype: linux
14:36:47.270 [ducttape-0] DEBUG com.github.dockerjava.zerodep.shaded.org.apache.hc.client5.http.headers - http-outgoing-1 << Server: Docker/24.0.6 (linux)
14:36:47.270 [ducttape-0] DEBUG com.github.dockerjava.zerodep.shaded.org.apache.hc.client5.http.headers - http-outgoing-1 << Transfer-Encoding: chunked
14:36:47.271 [ducttape-0] DEBUG com.github.dockerjava.zerodep.shaded.org.apache.hc.client5.http.impl.classic.MainClientExec - ex-0000000F: connection can be kept alive for 3 MINUTES
14:36:47.273 [ducttape-0] DEBUG com.github.dockerjava.zerodep.shaded.org.apache.hc.client5.http.wire - http-outgoing-1 << "19d3[\r][\n]"
14:36:47.274 [ducttape-0] DEBUG com.github.dockerjava.zerodep.shaded.org.apache.hc.client5.http.wire - http-outgoing-1 << "{"Id":"a20de0ec4ebcdc82181fce693279cde9da909ff27b869e2dd728c661f4dd91f4","Created":"2024-04-23T12:36:46.662047696Z","Path":"docker-entrypoint.sh","Args":["postgres","-c","fsync=off"],"State":{"Status":"running","Running":true,"Paused":false,"Restarting":false,"OOMKilled":false,"Dead":false,"Pid":3096,"ExitCode":0,"Error":"","StartedAt":"2024-04-23T12:36:47.216812223Z","FinishedAt":"0001-01-01T00:00:00Z"},"Image":"sha256:d60dc4bd84c0a07f26f1eb9feefcc94d1dbb3a2d478a0b705aa5e7311353108b","ResolvConfPath":"/var/lib/docker/containers/a20de0ec4ebcdc82181fce693279cde9da909ff27b869e2dd728c661f4dd91f4/resolv.conf","HostnamePath":"/var/lib/docker/containers/a20de0ec4ebcdc82181fce693279cde9da909ff27b869e2dd728c661f4dd91f4/hostname","HostsPath":"/var/lib/docker/containers/a20de0ec4ebcdc82181fce693279cde9da909ff27b869e2dd728c661f4dd91f4/hosts","LogPath":"/var/lib/docker/containers/a20de0ec4ebcdc82181fce693279cde9da909ff27b869e2dd728c661f4dd91f4/a20de0ec4ebcdc82181fce693279cde9da909ff27b869e2dd728c661f4dd91f4-json.log","Name":"/friendly_cannon","RestartCount":0,"Driver":"overlay2","Platform":"linux","MountLabel":"","ProcessLabel":"","AppArmorProfile":"","ExecIDs":null,"HostConfig":{"Binds":[],"ContainerIDFile":"","LogConfig":{"Type":"json-file","Config":{}},"NetworkMode":"default","PortBindings":{"5432/tcp":[{"HostIp":"0.0.0.0","HostPort":"0"}]},"RestartPolicy":{"Name":"","MaximumRetryCount":0},"AutoRemove":false,"VolumeDriver":"","VolumesFrom":[],"ConsoleSize":[0,0],"CapAdd":null,"CapDrop":null,"CgroupnsMode":"host","Dns":null,"DnsOptions":null,"DnsSearch":null,"ExtraHosts":[],"GroupAdd":null,"IpcMode":"shareable","Cgroup":"","Links":null,"OomScoreAdj":0,"PidMode":"","Privileged":false,"PublishAllPorts":false,"ReadonlyRootfs":false,"SecurityOpt":null,"UTSMode":"","UsernsMode":"","ShmSize":67108864,"Runtime":"runc","Isolation":"","CpuShares":0,"Memory":0,"NanoCpus":0,"CgroupParent":"","BlkioWeight":0,"BlkioWeightDevice":null,"BlkioDeviceReadBps":null,"BlkioDeviceWriteBps":null,"BlkioDeviceReadIOps":null,"BlkioDeviceWriteIOps":null,"CpuPeriod":0,"CpuQuota":0,"CpuRealtimePeriod":0,"CpuRealtimeRuntime":0,"CpusetCpus":"","CpusetMems":"","Devices":null,"DeviceCgroupRules":null,"DeviceRequests":null,"MemoryReservation":0,"MemorySwap":0,"MemorySwappiness":null,"OomKillDisable":false,"PidsLimit":null,"Ulimits":null,"CpuCount":0,"CpuPercent":0,"IOMaximumIOps":0,"IOMaximumBandwidth":0,"MaskedPaths":["/proc/asound","/proc/acpi","/proc/kcore","/proc/keys","/proc/latency_stats","/proc/timer_list","/proc/timer_stats","/proc/sched_debug","/proc/scsi","/sys/firmware"],"ReadonlyPaths":["/proc/bus","/proc/fs","/proc/irq","/proc/sys","/proc/sysrq-trigger"]},"GraphDriver":{"Data":{"LowerDir":"/var/lib/docker/overlay2/26f0aed381e9f30cc0067116df3ffc47b3230fe7801a1cbc306ffdf34cc69327-init/diff:/var/lib/docker/overlay2/93107d79db34613a52457e79d5e018593ec222f5a552a79b1649195285638a0a/diff:/var/lib/docker/overlay2/d3fe525fc7941eb57234792f96caab4526559c820693b9ec9544161c1598e1b3/diff:/var/lib/docker/overlay2/60613a8d38d051fc17e35f6d9d2fb459e012b8a8421bf0c0b069e04f6f6aec41/diff:/var/lib/docker/overlay2/3f764471cbfae74f200227eeee0829f410a5a9d0da3e4c68f94e4dfe349e5ab1/diff:/var/lib/docker/overlay2/7057ffaa248998f883cb0bbae167239bed3f7172c706c03b78c6595984d42cd0/diff:/var/lib/docker/overlay2/e72db49d277245d0b31319b20fbde31d5a435bc5d5a7ec3e60775d7687b95201/diff:/var/lib/docker/overlay2/d38b42fe049e60dbde54ffcb9a566591fef7b42c16da0a892f285692f15b9f73/diff:/var/lib/docker/overlay2/9bc407bdd75839fd5bfe2820e37c7a1b7d8a1b9e160a8e33b94d51b1fa104acf/diff:/var/lib/docker/overlay2/3e26375b129d99b902d2d0f6a1b5cb69ea17b6d280515504658dcc5136fc69c2/diff:/var/lib/docker/overlay2/5a9a2d0681949bc95e271c2044ae389d799f352bcfef15f6d3587e557dbface9/diff:/var/lib/docker/overlay2/55b270af3a564d45f1bf79137e3f05c98c26c7c0f499b9c9a62c7d84fae4bcfa/diff:/var/lib/docker/overlay2/52bb8e2e8f809f596f63130d85de87a71483aaded33c4ee824f0b73272b6edee/diff:/var/lib/docker/overlay2/b98be56f6fe67aa122af67473ab6cdf532ba04f24826752b2cb6eefbdaa3f33f/diff:/var/lib/docker/overlay2/ddfb7273b4818fa9abcbab"
14:36:47.277 [ducttape-0] DEBUG com.github.dockerjava.zerodep.shaded.org.apache.hc.client5.http.wire - http-outgoing-1 << "cef0597ccd32c5eefa67f1f46b20b138f94ab28800/diff","MergedDir":"/var/lib/docker/overlay2/26f0aed381e9f30cc0067116df3ffc47b3230fe7801a1cbc306ffdf34cc69327/merged","UpperDir":"/var/lib/docker/overlay2/26f0aed381e9f30cc0067116df3ffc47b3230fe7801a1cbc306ffdf34cc69327/diff","WorkDir":"/var/lib/docker/overlay2/26f0aed381e9f30cc0067116df3ffc47b3230fe7801a1cbc306ffdf34cc69327/work"},"Name":"overlay2"},"Mounts":[{"Type":"volume","Name":"884a8cfe8e753bad6ab01c8af62f12a048581d3d16000a8c3cb1e9c18fb613a6","Source":"/var/lib/docker/volumes/884a8cfe8e753bad6ab01c8af62f12a048581d3d16000a8c3cb1e9c18fb613a6/_data","Destination":"/var/lib/postgresql/data","Driver":"local","Mode":"","RW":true,"Propagation":""}],"Config":{"Hostname":"a20de0ec4ebc","Domainname":"","User":"","AttachStdin":false,"AttachStdout":false,"AttachStderr":false,"ExposedPorts":{"5432/tcp":{}},"Tty":false,"OpenStdin":false,"StdinOnce":false,"Env":["POSTGRES_USER=test_user","POSTGRES_PASSWORD=test_password","POSTGRES_DB=test_database","PATH=/usr/local/sbin:/usr/local/bin:/usr/sbin:/usr/bin:/sbin:/bin:/usr/lib/postgresql/16/bin","GOSU_VERSION=1.17","LANG=en_US.utf8","PG_MAJOR=16","PG_VERSION=16.2-1.pgdg120+2","PGDATA=/var/lib/postgresql/data"],"Cmd":["postgres","-c","fsync=off"],"Image":"postgres:latest","Volumes":{"/var/lib/postgresql/data":{}},"WorkingDir":"","Entrypoint":["docker-entrypoint.sh"],"OnBuild":null,"Labels":{"org.testcontainers":"true","org.testcontainers.sessionId":"1ae74cd6-a8ac-4c43-9aa2-e005ceb54352"},"StopSignal":"SIGINT"},"NetworkSettings":{"Bridge":"","SandboxID":"acddcecd4fb3aa01e7a79a14c60ee5fd60608e754dc2aeb397badb9ab9965e7b","HairpinMode":false,"LinkLocalIPv6Address":"","LinkLocalIPv6PrefixLen":0,"Ports":{"5432/tcp":[{"HostIp":"0.0.0.0","HostPort":"61228"}]},"SandboxKey":"/var/run/docker/netns/acddcecd4fb3","SecondaryIPAddresses":null,"SecondaryIPv6Addresses":null,"EndpointID":"494e382a19a8f4a2126427f0c87ac7564a64ec3b282e1225fe197ce860410212","Gateway":"172.17.0.1","GlobalIPv6Address":"","GlobalIPv6PrefixLen":0,"IPAddress":"172.17.0.3","IPPrefixLen":16,"IPv6Gateway":"","MacAddress":"02:42:ac:11:00:03","Networks":{"bridge":{"IPAMConfig":null,"Links":null,"Aliases":null,"NetworkID":"443b467e5fdc845ed5dc4d32e94523e404f807cca91547cc0fc189d24833fa80","EndpointID":"494e382a19a8f4a2126427f0c87ac7564a64ec3b282e1225fe197ce860410212","Gateway":"172.17.0.1","IPAddress":"172.17.0.3","IPPrefixLen":16,"IPv6Gateway":"","GlobalIPv6Address":"","GlobalIPv6PrefixLen":0,"MacAddress":"02:42:ac:11:00:03","DriverOpts":null}}}}[\n]"
14:36:47.281 [ducttape-0] DEBUG com.github.dockerjava.zerodep.shaded.org.apache.hc.client5.http.wire - http-outgoing-1 << "[\r][\n]"
14:36:47.281 [ducttape-0] DEBUG com.github.dockerjava.zerodep.shaded.org.apache.hc.client5.http.wire - http-outgoing-1 << "0[\r][\n]"
14:36:47.281 [ducttape-0] DEBUG com.github.dockerjava.zerodep.shaded.org.apache.hc.client5.http.wire - http-outgoing-1 << "[\r][\n]"
14:36:47.281 [ducttape-0] DEBUG com.github.dockerjava.zerodep.shaded.org.apache.hc.client5.http.impl.classic.InternalHttpClient - ep-0000000E: releasing valid endpoint
14:36:47.281 [ducttape-0] DEBUG com.github.dockerjava.zerodep.shaded.org.apache.hc.client5.http.impl.io.PoolingHttpClientConnectionManager - ep-0000000E: releasing endpoint
14:36:47.281 [ducttape-0] DEBUG com.github.dockerjava.zerodep.shaded.org.apache.hc.client5.http.impl.io.PoolingHttpClientConnectionManager - ep-0000000E: connection http-outgoing-1 can be kept alive for 3 MINUTES
14:36:47.282 [ducttape-0] DEBUG com.github.dockerjava.zerodep.shaded.org.apache.hc.client5.http.impl.io.PoolingHttpClientConnectionManager - ep-0000000E: connection released [route: {}->npipe://localhost:2375][total available: 1; route allocated: 1 of 2147483647; total allocated: 1 of 2147483647]
14:36:47.294 [docker-java-stream--173668120] DEBUG com.github.dockerjava.zerodep.shaded.org.apache.hc.client5.http.impl.classic.InternalHttpClient - ex-00000010: preparing request execution
14:36:47.294 [docker-java-stream--173668120] DEBUG com.github.dockerjava.zerodep.shaded.org.apache.hc.client5.http.protocol.RequestAddCookies - Cookie spec selected: strict
14:36:47.294 [docker-java-stream--173668120] DEBUG com.github.dockerjava.zerodep.shaded.org.apache.hc.client5.http.protocol.RequestAuthCache - Auth cache not set in the context
14:36:47.294 [docker-java-stream--173668120] DEBUG com.github.dockerjava.zerodep.shaded.org.apache.hc.client5.http.impl.classic.ProtocolExec - ex-00000010: target auth state: UNCHALLENGED
14:36:47.294 [docker-java-stream--173668120] DEBUG com.github.dockerjava.zerodep.shaded.org.apache.hc.client5.http.impl.classic.ProtocolExec - ex-00000010: proxy auth state: UNCHALLENGED
14:36:47.294 [docker-java-stream--173668120] DEBUG com.github.dockerjava.zerodep.shaded.org.apache.hc.client5.http.impl.classic.ConnectExec - ex-00000010: acquiring connection with route {}->npipe://localhost:2375
14:36:47.294 [docker-java-stream--173668120] DEBUG com.github.dockerjava.zerodep.shaded.org.apache.hc.client5.http.impl.classic.InternalHttpClient - ex-00000010: acquiring endpoint (3 MINUTES)
14:36:47.294 [docker-java-stream--173668120] DEBUG com.github.dockerjava.zerodep.shaded.org.apache.hc.client5.http.impl.io.PoolingHttpClientConnectionManager - ex-00000010: endpoint lease request (3 MINUTES) [route: {}->npipe://localhost:2375][total available: 1; route allocated: 1 of 2147483647; total allocated: 1 of 2147483647]
14:36:47.294 [docker-java-stream--173668120] DEBUG com.github.dockerjava.zerodep.shaded.org.apache.hc.client5.http.impl.io.PoolingHttpClientConnectionManager - ex-00000010: endpoint leased [route: {}->npipe://localhost:2375][total available: 0; route allocated: 1 of 2147483647; total allocated: 1 of 2147483647]
14:36:47.294 [docker-java-stream--173668120] DEBUG com.github.dockerjava.zerodep.shaded.org.apache.hc.client5.http.impl.io.PoolingHttpClientConnectionManager - ex-00000010: acquired ep-0000000F
14:36:47.294 [docker-java-stream--173668120] DEBUG com.github.dockerjava.zerodep.shaded.org.apache.hc.client5.http.impl.classic.InternalHttpClient - ex-00000010: acquired endpoint ep-0000000F
14:36:47.294 [docker-java-stream--173668120] DEBUG com.github.dockerjava.zerodep.shaded.org.apache.hc.client5.http.impl.classic.MainClientExec - ex-00000010: executing GET /v1.32/containers/a20de0ec4ebcdc82181fce693279cde9da909ff27b869e2dd728c661f4dd91f4/logs?stdout=true&stderr=true&follow=true&since=0 HTTP/1.1
14:36:47.294 [docker-java-stream--173668120] DEBUG com.github.dockerjava.zerodep.shaded.org.apache.hc.client5.http.impl.classic.InternalHttpClient - ep-0000000F: start execution ex-00000010
14:36:47.295 [docker-java-stream--173668120] DEBUG com.github.dockerjava.zerodep.shaded.org.apache.hc.client5.http.impl.io.PoolingHttpClientConnectionManager - ep-0000000F: executing exchange ex-00000010 over http-outgoing-1
14:36:47.295 [docker-java-stream--173668120] DEBUG com.github.dockerjava.zerodep.shaded.org.apache.hc.client5.http.headers - http-outgoing-1 >> GET /v1.32/containers/a20de0ec4ebcdc82181fce693279cde9da909ff27b869e2dd728c661f4dd91f4/logs?stdout=true&stderr=true&follow=true&since=0 HTTP/1.1
14:36:47.295 [docker-java-stream--173668120] DEBUG com.github.dockerjava.zerodep.shaded.org.apache.hc.client5.http.headers - http-outgoing-1 >> Accept-Encoding: gzip, x-gzip, deflate
14:36:47.295 [docker-java-stream--173668120] DEBUG com.github.dockerjava.zerodep.shaded.org.apache.hc.client5.http.headers - http-outgoing-1 >> Host: localhost:2375
14:36:47.295 [docker-java-stream--173668120] DEBUG com.github.dockerjava.zerodep.shaded.org.apache.hc.client5.http.headers - http-outgoing-1 >> Connection: keep-alive
14:36:47.295 [docker-java-stream--173668120] DEBUG com.github.dockerjava.zerodep.shaded.org.apache.hc.client5.http.headers - http-outgoing-1 >> User-Agent: Apache-HttpClient/5.0.3 (Java/21.0.1)
14:36:47.295 [docker-java-stream--173668120] DEBUG com.github.dockerjava.zerodep.shaded.org.apache.hc.client5.http.wire - http-outgoing-1 >> "GET /v1.32/containers/a20de0ec4ebcdc82181fce693279cde9da909ff27b869e2dd728c661f4dd91f4/logs?stdout=true&stderr=true&follow=true&since=0 HTTP/1.1[\r][\n]"
14:36:47.295 [docker-java-stream--173668120] DEBUG com.github.dockerjava.zerodep.shaded.org.apache.hc.client5.http.wire - http-outgoing-1 >> "Accept-Encoding: gzip, x-gzip, deflate[\r][\n]"
14:36:47.295 [docker-java-stream--173668120] DEBUG com.github.dockerjava.zerodep.shaded.org.apache.hc.client5.http.wire - http-outgoing-1 >> "Host: localhost:2375[\r][\n]"
14:36:47.295 [docker-java-stream--173668120] DEBUG com.github.dockerjava.zerodep.shaded.org.apache.hc.client5.http.wire - http-outgoing-1 >> "Connection: keep-alive[\r][\n]"
14:36:47.295 [docker-java-stream--173668120] DEBUG com.github.dockerjava.zerodep.shaded.org.apache.hc.client5.http.wire - http-outgoing-1 >> "User-Agent: Apache-HttpClient/5.0.3 (Java/21.0.1)[\r][\n]"
14:36:47.295 [docker-java-stream--173668120] DEBUG com.github.dockerjava.zerodep.shaded.org.apache.hc.client5.http.wire - http-outgoing-1 >> "[\r][\n]"
14:36:47.300 [docker-java-stream--173668120] DEBUG com.github.dockerjava.zerodep.shaded.org.apache.hc.client5.http.wire - http-outgoing-1 << "HTTP/1.1 200 OK[\r][\n]"
14:36:47.300 [docker-java-stream--173668120] DEBUG com.github.dockerjava.zerodep.shaded.org.apache.hc.client5.http.wire - http-outgoing-1 << "Api-Version: 1.43[\r][\n]"
14:36:47.300 [docker-java-stream--173668120] DEBUG com.github.dockerjava.zerodep.shaded.org.apache.hc.client5.http.wire - http-outgoing-1 << "Content-Type: application/vnd.docker.raw-stream[\r][\n]"
14:36:47.300 [docker-java-stream--173668120] DEBUG com.github.dockerjava.zerodep.shaded.org.apache.hc.client5.http.wire - http-outgoing-1 << "Date: Tue, 23 Apr 2024 12:36:47 GMT[\r][\n]"
14:36:47.300 [docker-java-stream--173668120] DEBUG com.github.dockerjava.zerodep.shaded.org.apache.hc.client5.http.wire - http-outgoing-1 << "Docker-Experimental: false[\r][\n]"
14:36:47.300 [docker-java-stream--173668120] DEBUG com.github.dockerjava.zerodep.shaded.org.apache.hc.client5.http.wire - http-outgoing-1 << "Ostype: linux[\r][\n]"
14:36:47.300 [docker-java-stream--173668120] DEBUG com.github.dockerjava.zerodep.shaded.org.apache.hc.client5.http.wire - http-outgoing-1 << "Server: Docker/24.0.6 (linux)[\r][\n]"
14:36:47.300 [docker-java-stream--173668120] DEBUG com.github.dockerjava.zerodep.shaded.org.apache.hc.client5.http.wire - http-outgoing-1 << "Transfer-Encoding: chunked[\r][\n]"
14:36:47.300 [docker-java-stream--173668120] DEBUG com.github.dockerjava.zerodep.shaded.org.apache.hc.client5.http.wire - http-outgoing-1 << "[\r][\n]"
14:36:47.300 [docker-java-stream--173668120] DEBUG com.github.dockerjava.zerodep.shaded.org.apache.hc.client5.http.headers - http-outgoing-1 << HTTP/1.1 200 OK
14:36:47.300 [docker-java-stream--173668120] DEBUG com.github.dockerjava.zerodep.shaded.org.apache.hc.client5.http.headers - http-outgoing-1 << Api-Version: 1.43
14:36:47.300 [docker-java-stream--173668120] DEBUG com.github.dockerjava.zerodep.shaded.org.apache.hc.client5.http.headers - http-outgoing-1 << Content-Type: application/vnd.docker.raw-stream
14:36:47.300 [docker-java-stream--173668120] DEBUG com.github.dockerjava.zerodep.shaded.org.apache.hc.client5.http.headers - http-outgoing-1 << Date: Tue, 23 Apr 2024 12:36:47 GMT
14:36:47.300 [docker-java-stream--173668120] DEBUG com.github.dockerjava.zerodep.shaded.org.apache.hc.client5.http.headers - http-outgoing-1 << Docker-Experimental: false
14:36:47.300 [docker-java-stream--173668120] DEBUG com.github.dockerjava.zerodep.shaded.org.apache.hc.client5.http.headers - http-outgoing-1 << Ostype: linux
14:36:47.300 [docker-java-stream--173668120] DEBUG com.github.dockerjava.zerodep.shaded.org.apache.hc.client5.http.headers - http-outgoing-1 << Server: Docker/24.0.6 (linux)
14:36:47.300 [docker-java-stream--173668120] DEBUG com.github.dockerjava.zerodep.shaded.org.apache.hc.client5.http.headers - http-outgoing-1 << Transfer-Encoding: chunked
14:36:47.300 [docker-java-stream--173668120] DEBUG com.github.dockerjava.zerodep.shaded.org.apache.hc.client5.http.impl.classic.MainClientExec - ex-00000010: connection can be kept alive for 3 MINUTES
14:36:47.308 [docker-java-stream--173668120] DEBUG com.github.dockerjava.zerodep.shaded.org.apache.hc.client5.http.wire - http-outgoing-1 << "1fd[\r][\n]"
14:36:47.308 [docker-java-stream--173668120] DEBUG com.github.dockerjava.zerodep.shaded.org.apache.hc.client5.http.wire - http-outgoing-1 << "[0x1][0x0][0x0][0x0][0x0][0x0][0x0]NThe files belonging to this database system will be owned by user "postgres".[\n]"
14:36:47.308 [docker-java-stream--173668120] DEBUG com.github.dockerjava.zerodep.shaded.org.apache.hc.client5.http.wire - http-outgoing-1 << "[0x1][0x0][0x0][0x0][0x0][0x0][0x0],This user must also own the server process.[\n]"
14:36:47.308 [docker-java-stream--173668120] DEBUG com.github.dockerjava.zerodep.shaded.org.apache.hc.client5.http.wire - http-outgoing-1 << "[0x1][0x0][0x0][0x0][0x0][0x0][0x0][0x1][\n]"
14:36:47.308 [docker-java-stream--173668120] DEBUG com.github.dockerjava.zerodep.shaded.org.apache.hc.client5.http.wire - http-outgoing-1 << "[0x1][0x0][0x0][0x0][0x0][0x0][0x0]CThe database cluster will be initialized with locale "en_US.utf8".[\n]"
14:36:47.308 [docker-java-stream--173668120] DEBUG com.github.dockerjava.zerodep.shaded.org.apache.hc.client5.http.wire - http-outgoing-1 << "[0x1][0x0][0x0][0x0][0x0][0x0][0x0]BThe default database encoding has accordingly been set to "UTF8".[\n]"
14:36:47.308 [docker-java-stream--173668120] DEBUG com.github.dockerjava.zerodep.shaded.org.apache.hc.client5.http.wire - http-outgoing-1 << "[0x1][0x0][0x0][0x0][0x0][0x0][0x0]@The default text search configuration will be set to "english".[\n]"
14:36:47.308 [docker-java-stream--173668120] DEBUG com.github.dockerjava.zerodep.shaded.org.apache.hc.client5.http.wire - http-outgoing-1 << "[0x1][0x0][0x0][0x0][0x0][0x0][0x0][0x1][\n]"
14:36:47.308 [docker-java-stream--173668120] DEBUG com.github.dockerjava.zerodep.shaded.org.apache.hc.client5.http.wire - http-outgoing-1 << "[0x1][0x0][0x0][0x0][0x0][0x0][0x0]"Data page checksums are disabled.[\n]"
14:36:47.308 [docker-java-stream--173668120] DEBUG com.github.dockerjava.zerodep.shaded.org.apache.hc.client5.http.wire - http-outgoing-1 << "[0x1][0x0][0x0][0x0][0x0][0x0][0x0][0x1][\n]"
14:36:47.308 [docker-java-stream--173668120] DEBUG com.github.dockerjava.zerodep.shaded.org.apache.hc.client5.http.wire - http-outgoing-1 << "[0x1][0x0][0x0][0x0][0x0][0x0][0x0]Ifixing permissions on existing directory /var/lib/postgresql/data ... ok[\n]"
14:36:47.308 [docker-java-stream--173668120] DEBUG com.github.dockerjava.zerodep.shaded.org.apache.hc.client5.http.wire - http-outgoing-1 << "[\r][\n]"
14:36:47.311 [main] DEBUG org.testcontainers.containers.output.WaitingConsumer - STDOUT: The files belonging to this database system will be owned by user "postgres".
14:36:47.312 [main] DEBUG org.testcontainers.containers.output.WaitingConsumer - STDOUT: fixing permissions on existing directory /var/lib/postgresql/data ... ok
14:36:47.312 [main] DEBUG org.testcontainers.containers.output.WaitingConsumer - STDOUT: 
14:36:47.312 [main] DEBUG org.testcontainers.containers.output.WaitingConsumer - STDOUT: Data page checksums are disabled.
14:36:47.312 [main] DEBUG org.testcontainers.containers.output.WaitingConsumer - STDOUT: 
14:36:47.312 [main] DEBUG org.testcontainers.containers.output.WaitingConsumer - STDOUT: The default text search configuration will be set to "english".
14:36:47.312 [docker-java-stream--173668120] DEBUG com.github.dockerjava.zerodep.shaded.org.apache.hc.client5.http.wire - http-outgoing-1 << "68[\r][\n]"
14:36:47.312 [docker-java-stream--173668120] DEBUG com.github.dockerjava.zerodep.shaded.org.apache.hc.client5.http.wire - http-outgoing-1 << "[0x1][0x0][0x0][0x0][0x0][0x0][0x0][0x1f]creating subdirectories ... ok[\n]"
14:36:47.313 [docker-java-stream--173668120] DEBUG com.github.dockerjava.zerodep.shaded.org.apache.hc.client5.http.wire - http-outgoing-1 << "[0x1][0x0][0x0][0x0][0x0][0x0][0x0]9selecting dynamic shared memory implementation ... posix[\n]"
14:36:47.313 [docker-java-stream--173668120] DEBUG com.github.dockerjava.zerodep.shaded.org.apache.hc.client5.http.wire - http-outgoing-1 << "[\r][\n]"
14:36:47.312 [main] DEBUG org.testcontainers.containers.output.WaitingConsumer - STDOUT: The default database encoding has accordingly been set to "UTF8".
14:36:47.313 [main] DEBUG org.testcontainers.containers.output.WaitingConsumer - STDOUT: The database cluster will be initialized with locale "en_US.utf8".
14:36:47.313 [main] DEBUG org.testcontainers.containers.output.WaitingConsumer - STDOUT: selecting dynamic shared memory implementation ... posix
14:36:47.313 [main] DEBUG org.testcontainers.containers.output.WaitingConsumer - STDOUT: creating subdirectories ... ok
14:36:47.313 [main] DEBUG org.testcontainers.containers.output.WaitingConsumer - STDOUT: 
14:36:47.314 [main] DEBUG org.testcontainers.containers.output.WaitingConsumer - STDOUT: This user must also own the server process.
14:36:47.332 [docker-java-stream--173668120] DEBUG com.github.dockerjava.zerodep.shaded.org.apache.hc.client5.http.wire - http-outgoing-1 << "32[\r][\n]"
14:36:47.333 [docker-java-stream--173668120] DEBUG com.github.dockerjava.zerodep.shaded.org.apache.hc.client5.http.wire - http-outgoing-1 << "[0x1][0x0][0x0][0x0][0x0][0x0][0x0]*selecting default max_connections ... 100[\n]"
14:36:47.333 [docker-java-stream--173668120] DEBUG com.github.dockerjava.zerodep.shaded.org.apache.hc.client5.http.wire - http-outgoing-1 << "[\r][\n]"
14:36:47.333 [main] DEBUG org.testcontainers.containers.output.WaitingConsumer - STDOUT: selecting default max_connections ... 100
14:36:47.358 [docker-java-stream--173668120] DEBUG com.github.dockerjava.zerodep.shaded.org.apache.hc.client5.http.wire - http-outgoing-1 << "33[\r][\n]"
14:36:47.358 [docker-java-stream--173668120] DEBUG com.github.dockerjava.zerodep.shaded.org.apache.hc.client5.http.wire - http-outgoing-1 << "[0x1][0x0][0x0][0x0][0x0][0x0][0x0]+selecting default shared_buffers ... 128MB[\n]"
14:36:47.358 [docker-java-stream--173668120] DEBUG com.github.dockerjava.zerodep.shaded.org.apache.hc.client5.http.wire - http-outgoing-1 << "[\r][\n]"
14:36:47.358 [main] DEBUG org.testcontainers.containers.output.WaitingConsumer - STDOUT: selecting default shared_buffers ... 128MB
14:36:47.378 [docker-java-stream--173668120] DEBUG com.github.dockerjava.zerodep.shaded.org.apache.hc.client5.http.wire - http-outgoing-1 << "5c[\r][\n]"
14:36:47.378 [docker-java-stream--173668120] DEBUG com.github.dockerjava.zerodep.shaded.org.apache.hc.client5.http.wire - http-outgoing-1 << "[0x1][0x0][0x0][0x0][0x0][0x0][0x0](selecting default time zone ... Etc/UTC[\n]"
14:36:47.378 [docker-java-stream--173668120] DEBUG com.github.dockerjava.zerodep.shaded.org.apache.hc.client5.http.wire - http-outgoing-1 << "[0x1][0x0][0x0][0x0][0x0][0x0][0x0]$creating configuration files ... ok[\n]"
14:36:47.378 [docker-java-stream--173668120] DEBUG com.github.dockerjava.zerodep.shaded.org.apache.hc.client5.http.wire - http-outgoing-1 << "[\r][\n]"
14:36:47.378 [main] DEBUG org.testcontainers.containers.output.WaitingConsumer - STDOUT: creating configuration files ... ok
14:36:47.382 [main] DEBUG org.testcontainers.containers.output.WaitingConsumer - STDOUT: selecting default time zone ... Etc/UTC
14:36:47.623 [docker-java-stream--173668120] DEBUG com.github.dockerjava.zerodep.shaded.org.apache.hc.client5.http.wire - http-outgoing-1 << "28[\r][\n]"
14:36:47.623 [docker-java-stream--173668120] DEBUG com.github.dockerjava.zerodep.shaded.org.apache.hc.client5.http.wire - http-outgoing-1 << "[0x1][0x0][0x0][0x0][0x0][0x0][0x0] running bootstrap script ... ok[\n]"
14:36:47.623 [docker-java-stream--173668120] DEBUG com.github.dockerjava.zerodep.shaded.org.apache.hc.client5.http.wire - http-outgoing-1 << "[\r][\n]"
14:36:47.623 [main] DEBUG org.testcontainers.containers.output.WaitingConsumer - STDOUT: running bootstrap script ... ok
14:36:48.196 [docker-java-stream--173668120] DEBUG com.github.dockerjava.zerodep.shaded.org.apache.hc.client5.http.wire - http-outgoing-1 << "38[\r][\n]"
14:36:48.196 [docker-java-stream--173668120] DEBUG com.github.dockerjava.zerodep.shaded.org.apache.hc.client5.http.wire - http-outgoing-1 << "[0x1][0x0][0x0][0x0][0x0][0x0][0x0]0performing post-bootstrap initialization ... ok[\n]"
14:36:48.196 [docker-java-stream--173668120] DEBUG com.github.dockerjava.zerodep.shaded.org.apache.hc.client5.http.wire - http-outgoing-1 << "[\r][\n]"
14:36:48.197 [main] DEBUG org.testcontainers.containers.output.WaitingConsumer - STDOUT: performing post-bootstrap initialization ... ok
14:36:48.513 [docker-java-stream--173668120] DEBUG com.github.dockerjava.zerodep.shaded.org.apache.hc.client5.http.wire - http-outgoing-1 << "1ad[\r][\n]"
14:36:48.513 [docker-java-stream--173668120] DEBUG com.github.dockerjava.zerodep.shaded.org.apache.hc.client5.http.wire - http-outgoing-1 << "[0x2][0x0][0x0][0x0][0x0][0x0][0x0]Ginitdb: warning: enabling "trust" authentication for local connections[\n]"
14:36:48.513 [docker-java-stream--173668120] DEBUG com.github.dockerjava.zerodep.shaded.org.apache.hc.client5.http.wire - http-outgoing-1 << "[0x2][0x0][0x0][0x0][0x0][0x0][0x0][0xffffff90]initdb: hint: You can change this by editing pg_hba.conf or using the option -A, or --auth-local and --auth-host, the next time you run initdb.[\n]"
14:36:48.513 [docker-java-stream--173668120] DEBUG com.github.dockerjava.zerodep.shaded.org.apache.hc.client5.http.wire - http-outgoing-1 << "[0x1][0x0][0x0][0x0][0x0][0x0][0x0][0x1c]syncing data to disk ... ok[\n]"
14:36:48.513 [docker-java-stream--173668120] DEBUG com.github.dockerjava.zerodep.shaded.org.apache.hc.client5.http.wire - http-outgoing-1 << "[0x1][0x0][0x0][0x0][0x0][0x0][0x0][0x1][\n]"
14:36:48.513 [docker-java-stream--173668120] DEBUG com.github.dockerjava.zerodep.shaded.org.apache.hc.client5.http.wire - http-outgoing-1 << "[0x1][0x0][0x0][0x0][0x0][0x0][0x0][0x1][\n]"
14:36:48.513 [docker-java-stream--173668120] DEBUG com.github.dockerjava.zerodep.shaded.org.apache.hc.client5.http.wire - http-outgoing-1 << "[0x1][0x0][0x0][0x0][0x0][0x0][0x0]6Success. You can now start the database server using:[\n]"
14:36:48.513 [docker-java-stream--173668120] DEBUG com.github.dockerjava.zerodep.shaded.org.apache.hc.client5.http.wire - http-outgoing-1 << "[0x1][0x0][0x0][0x0][0x0][0x0][0x0][0x1][\n]"
14:36:48.513 [docker-java-stream--173668120] DEBUG com.github.dockerjava.zerodep.shaded.org.apache.hc.client5.http.wire - http-outgoing-1 << "[0x1][0x0][0x0][0x0][0x0][0x0][0x0]8    pg_ctl -D /var/lib/postgresql/data -l logfile start[\n]"
14:36:48.513 [docker-java-stream--173668120] DEBUG com.github.dockerjava.zerodep.shaded.org.apache.hc.client5.http.wire - http-outgoing-1 << "[0x1][0x0][0x0][0x0][0x0][0x0][0x0][0x1][\n]"
14:36:48.513 [docker-java-stream--173668120] DEBUG com.github.dockerjava.zerodep.shaded.org.apache.hc.client5.http.wire - http-outgoing-1 << "[\r][\n]"
14:36:48.514 [main] DEBUG org.testcontainers.containers.output.WaitingConsumer - STDERR: initdb: hint: You can change this by editing pg_hba.conf or using the option -A, or --auth-local and --auth-host, the next time you run initdb.
14:36:48.514 [main] DEBUG org.testcontainers.containers.output.WaitingConsumer - STDOUT: 
14:36:48.514 [main] DEBUG org.testcontainers.containers.output.WaitingConsumer - STDOUT:     pg_ctl -D /var/lib/postgresql/data -l logfile start
14:36:48.514 [main] DEBUG org.testcontainers.containers.output.WaitingConsumer - STDOUT: 
14:36:48.514 [main] DEBUG org.testcontainers.containers.output.WaitingConsumer - STDOUT: Success. You can now start the database server using:
14:36:48.514 [main] DEBUG org.testcontainers.containers.output.WaitingConsumer - STDOUT: 
14:36:48.514 [main] DEBUG org.testcontainers.containers.output.WaitingConsumer - STDOUT: 
14:36:48.514 [main] DEBUG org.testcontainers.containers.output.WaitingConsumer - STDOUT: syncing data to disk ... ok
14:36:48.515 [main] DEBUG org.testcontainers.containers.output.WaitingConsumer - STDERR: initdb: warning: enabling "trust" authentication for local connections
14:36:48.561 [docker-java-stream--173668120] DEBUG com.github.dockerjava.zerodep.shaded.org.apache.hc.client5.http.wire - http-outgoing-1 << "137[\r][\n]"
14:36:48.562 [docker-java-stream--173668120] DEBUG com.github.dockerjava.zerodep.shaded.org.apache.hc.client5.http.wire - http-outgoing-1 << "[0x1][0x0][0x0][0x0][0x0][0x0][0x0][0xffffffc3]waiting for server to start....2024-04-23 12:36:48.559 UTC [49] LOG:  starting PostgreSQL 16.2 (Debian 16.2-1.pgdg120+2) on x86_64-pc-linux-gnu, compiled by gcc (Debian 12.2.0-14) 12.2.0, 64-bit[\n]"
14:36:48.562 [docker-java-stream--173668120] DEBUG com.github.dockerjava.zerodep.shaded.org.apache.hc.client5.http.wire - http-outgoing-1 << "[0x1][0x0][0x0][0x0][0x0][0x0][0x0]d2024-04-23 12:36:48.559 UTC [49] LOG:  listening on Unix socket "/var/run/postgresql/.s.PGSQL.5432"[\n]"
14:36:48.562 [docker-java-stream--173668120] DEBUG com.github.dockerjava.zerodep.shaded.org.apache.hc.client5.http.wire - http-outgoing-1 << "[\r][\n]"
14:36:48.562 [main] DEBUG org.testcontainers.containers.output.WaitingConsumer - STDOUT: 2024-04-23 12:36:48.559 UTC [49] LOG:  listening on Unix socket "/var/run/postgresql/.s.PGSQL.5432"
14:36:48.562 [main] DEBUG org.testcontainers.containers.output.WaitingConsumer - STDOUT: waiting for server to start....2024-04-23 12:36:48.559 UTC [49] LOG:  starting PostgreSQL 16.2 (Debian 16.2-1.pgdg120+2) on x86_64-pc-linux-gnu, compiled by gcc (Debian 12.2.0-14) 12.2.0, 64-bit
14:36:48.564 [docker-java-stream--173668120] DEBUG com.github.dockerjava.zerodep.shaded.org.apache.hc.client5.http.wire - http-outgoing-1 << "68[\r][\n]"
14:36:48.564 [docker-java-stream--173668120] DEBUG com.github.dockerjava.zerodep.shaded.org.apache.hc.client5.http.wire - http-outgoing-1 << "[0x1][0x0][0x0][0x0][0x0][0x0][0x0]`2024-04-23 12:36:48.563 UTC [52] LOG:  database system was shut down at 2024-04-23 12:36:48 UTC[\n]"
14:36:48.564 [docker-java-stream--173668120] DEBUG com.github.dockerjava.zerodep.shaded.org.apache.hc.client5.http.wire - http-outgoing-1 << "[\r][\n]"
14:36:48.568 [docker-java-stream--173668120] DEBUG com.github.dockerjava.zerodep.shaded.org.apache.hc.client5.http.wire - http-outgoing-1 << "5e[\r][\n]"
14:36:48.568 [docker-java-stream--173668120] DEBUG com.github.dockerjava.zerodep.shaded.org.apache.hc.client5.http.wire - http-outgoing-1 << "[0x1][0x0][0x0][0x0][0x0][0x0][0x0]V2024-04-23 12:36:48.567 UTC [49] LOG:  database system is ready to accept connections[\n]"
14:36:48.568 [docker-java-stream--173668120] DEBUG com.github.dockerjava.zerodep.shaded.org.apache.hc.client5.http.wire - http-outgoing-1 << "[\r][\n]"
14:36:48.578 [main] DEBUG org.testcontainers.containers.output.WaitingConsumer - STDOUT: 2024-04-23 12:36:48.567 UTC [49] LOG:  database system is ready to accept connections
14:36:48.578 [main] DEBUG org.testcontainers.containers.output.WaitingConsumer - STDOUT: 2024-04-23 12:36:48.563 UTC [52] LOG:  database system was shut down at 2024-04-23 12:36:48 UTC
14:36:48.643 [docker-java-stream--173668120] DEBUG com.github.dockerjava.zerodep.shaded.org.apache.hc.client5.http.wire - http-outgoing-1 << "25[\r][\n]"
14:36:48.643 [docker-java-stream--173668120] DEBUG com.github.dockerjava.zerodep.shaded.org.apache.hc.client5.http.wire - http-outgoing-1 << "[0x1][0x0][0x0][0x0][0x0][0x0][0x0][0x6] done[\n]"
14:36:48.643 [docker-java-stream--173668120] DEBUG com.github.dockerjava.zerodep.shaded.org.apache.hc.client5.http.wire - http-outgoing-1 << "[0x1][0x0][0x0][0x0][0x0][0x0][0x0][0xf]server started[\n]"
14:36:48.643 [docker-java-stream--173668120] DEBUG com.github.dockerjava.zerodep.shaded.org.apache.hc.client5.http.wire - http-outgoing-1 << "[\r][\n]"
14:36:48.644 [main] DEBUG org.testcontainers.containers.output.WaitingConsumer - STDOUT:  done
14:36:48.644 [main] DEBUG org.testcontainers.containers.output.WaitingConsumer - STDOUT: server started
14:36:48.774 [docker-java-stream--173668120] DEBUG com.github.dockerjava.zerodep.shaded.org.apache.hc.client5.http.wire - http-outgoing-1 << "87[\r][\n]"
14:36:48.775 [docker-java-stream--173668120] DEBUG com.github.dockerjava.zerodep.shaded.org.apache.hc.client5.http.wire - http-outgoing-1 << "[0x1][0x0][0x0][0x0][0x0][0x0][0x0][0x10]CREATE DATABASE[\n]"
14:36:48.776 [docker-java-stream--173668120] DEBUG com.github.dockerjava.zerodep.shaded.org.apache.hc.client5.http.wire - http-outgoing-1 << "[0x1][0x0][0x0][0x0][0x0][0x0][0x0][0x1][\n]"
14:36:48.776 [docker-java-stream--173668120] DEBUG com.github.dockerjava.zerodep.shaded.org.apache.hc.client5.http.wire - http-outgoing-1 << "[0x1][0x0][0x0][0x0][0x0][0x0][0x0][0x1][\n]"
14:36:48.776 [docker-java-stream--173668120] DEBUG com.github.dockerjava.zerodep.shaded.org.apache.hc.client5.http.wire - http-outgoing-1 << "[0x1][0x0][0x0][0x0][0x0][0x0][0x0]L/usr/local/bin/docker-entrypoint.sh: ignoring /docker-entrypoint-initdb.d/*[\n]"
14:36:48.776 [docker-java-stream--173668120] DEBUG com.github.dockerjava.zerodep.shaded.org.apache.hc.client5.http.wire - http-outgoing-1 << "[0x1][0x0][0x0][0x0][0x0][0x0][0x0][0x1][\n]"
14:36:48.776 [docker-java-stream--173668120] DEBUG com.github.dockerjava.zerodep.shaded.org.apache.hc.client5.http.wire - http-outgoing-1 << "[\r][\n]"
14:36:48.777 [docker-java-stream--173668120] DEBUG com.github.dockerjava.zerodep.shaded.org.apache.hc.client5.http.wire - http-outgoing-1 << "c1[\r][\n]"
14:36:48.777 [docker-java-stream--173668120] DEBUG com.github.dockerjava.zerodep.shaded.org.apache.hc.client5.http.wire - http-outgoing-1 << "[0x1][0x0][0x0][0x0][0x0][0x0][0x0]hwaiting for server to shut down...2024-04-23 12:36:48.774 UTC [49] LOG:  received fast shutdown request[\n]"
14:36:48.777 [docker-java-stream--173668120] DEBUG com.github.dockerjava.zerodep.shaded.org.apache.hc.client5.http.wire - http-outgoing-1 << "[0x1][0x0][0x0][0x0][0x0][0x0][0x0]I.2024-04-23 12:36:48.774 UTC [49] LOG:  aborting any active transactions[\n]"
14:36:48.777 [docker-java-stream--173668120] DEBUG com.github.dockerjava.zerodep.shaded.org.apache.hc.client5.http.wire - http-outgoing-1 << "[\r][\n]"
14:36:48.782 [docker-java-stream--173668120] DEBUG com.github.dockerjava.zerodep.shaded.org.apache.hc.client5.http.wire - http-outgoing-1 << "81[\r][\n]"
14:36:48.782 [docker-java-stream--173668120] DEBUG com.github.dockerjava.zerodep.shaded.org.apache.hc.client5.http.wire - http-outgoing-1 << "[0x1][0x0][0x0][0x0][0x0][0x0][0x0]y2024-04-23 12:36:48.777 UTC [49] LOG:  background worker "logical replication launcher" (PID 55) exited with exit code 1[\n]"
14:36:48.782 [docker-java-stream--173668120] DEBUG com.github.dockerjava.zerodep.shaded.org.apache.hc.client5.http.wire - http-outgoing-1 << "[\r][\n]"
14:36:48.782 [main] DEBUG org.testcontainers.containers.output.WaitingConsumer - STDOUT: .2024-04-23 12:36:48.774 UTC [49] LOG:  aborting any active transactions
14:36:48.782 [main] DEBUG org.testcontainers.containers.output.WaitingConsumer - STDOUT: 2024-04-23 12:36:48.777 UTC [49] LOG:  background worker "logical replication launcher" (PID 55) exited with exit code 1
14:36:48.782 [docker-java-stream--173668120] DEBUG com.github.dockerjava.zerodep.shaded.org.apache.hc.client5.http.wire - http-outgoing-1 << "94[\r][\n]"
14:36:48.782 [docker-java-stream--173668120] DEBUG com.github.dockerjava.zerodep.shaded.org.apache.hc.client5.http.wire - http-outgoing-1 << "[0x1][0x0][0x0][0x0][0x0][0x0][0x0]52024-04-23 12:36:48.777 UTC [50] LOG:  shutting down[\n]"
14:36:48.782 [docker-java-stream--173668120] DEBUG com.github.dockerjava.zerodep.shaded.org.apache.hc.client5.http.wire - http-outgoing-1 << "[0x1][0x0][0x0][0x0][0x0][0x0][0x0]O2024-04-23 12:36:48.778 UTC [50] LOG:  checkpoint starting: shutdown immediate[\n]"
14:36:48.782 [docker-java-stream--173668120] DEBUG com.github.dockerjava.zerodep.shaded.org.apache.hc.client5.http.wire - http-outgoing-1 << "[\r][\n]"
14:36:48.783 [main] DEBUG org.testcontainers.containers.output.WaitingConsumer - STDOUT: waiting for server to shut down...2024-04-23 12:36:48.774 UTC [49] LOG:  received fast shutdown request
14:36:48.783 [main] DEBUG org.testcontainers.containers.output.WaitingConsumer - STDOUT: 2024-04-23 12:36:48.778 UTC [50] LOG:  checkpoint starting: shutdown immediate
14:36:48.783 [main] DEBUG org.testcontainers.containers.output.WaitingConsumer - STDOUT: 2024-04-23 12:36:48.777 UTC [50] LOG:  shutting down
14:36:48.783 [main] DEBUG org.testcontainers.containers.output.WaitingConsumer - STDOUT: 
14:36:48.783 [main] DEBUG org.testcontainers.containers.output.WaitingConsumer - STDOUT: /usr/local/bin/docker-entrypoint.sh: ignoring /docker-entrypoint-initdb.d/*
14:36:48.783 [main] DEBUG org.testcontainers.containers.output.WaitingConsumer - STDOUT: 
14:36:48.783 [main] DEBUG org.testcontainers.containers.output.WaitingConsumer - STDOUT: 
14:36:48.783 [main] DEBUG org.testcontainers.containers.output.WaitingConsumer - STDOUT: CREATE DATABASE
14:36:48.791 [docker-java-stream--173668120] DEBUG com.github.dockerjava.zerodep.shaded.org.apache.hc.client5.http.wire - http-outgoing-1 << "12c[\r][\n]"
14:36:48.791 [docker-java-stream--173668120] DEBUG com.github.dockerjava.zerodep.shaded.org.apache.hc.client5.http.wire - http-outgoing-1 << "[0x1][0x0][0x0][0x0][0x0][0x0][0x1]$2024-04-23 12:36:48.789 UTC [50] LOG:  checkpoint complete: wrote 923 buffers (5.6%); 0 WAL file(s) added, 0 removed, 0 recycled; write=0.012 s, sync=0.001 s, total=0.013 s; sync files=0, longest=0.000 s, average=0.000 s; distance=4257 kB, estimate=4257 kB; lsn=0/1913078, redo lsn=0/1913078[\n]"
14:36:48.791 [docker-java-stream--173668120] DEBUG com.github.dockerjava.zerodep.shaded.org.apache.hc.client5.http.wire - http-outgoing-1 << "[\r][\n]"
14:36:48.795 [main] DEBUG org.testcontainers.containers.output.WaitingConsumer - STDOUT: 2024-04-23 12:36:48.789 UTC [50] LOG:  checkpoint complete: wrote 923 buffers (5.6%); 0 WAL file(s) added, 0 removed, 0 recycled; write=0.012 s, sync=0.001 s, total=0.013 s; sync files=0, longest=0.000 s, average=0.000 s; distance=4257 kB, estimate=4257 kB; lsn=0/1913078, redo lsn=0/1913078
14:36:48.800 [docker-java-stream--173668120] DEBUG com.github.dockerjava.zerodep.shaded.org.apache.hc.client5.http.wire - http-outgoing-1 << "4c[\r][\n]"
14:36:48.800 [docker-java-stream--173668120] DEBUG com.github.dockerjava.zerodep.shaded.org.apache.hc.client5.http.wire - http-outgoing-1 << "[0x1][0x0][0x0][0x0][0x0][0x0][0x0]D2024-04-23 12:36:48.798 UTC [49] LOG:  database system is shut down[\n]"
14:36:48.800 [docker-java-stream--173668120] DEBUG com.github.dockerjava.zerodep.shaded.org.apache.hc.client5.http.wire - http-outgoing-1 << "[\r][\n]"
14:36:48.811 [main] DEBUG org.testcontainers.containers.output.WaitingConsumer - STDOUT: 2024-04-23 12:36:48.798 UTC [49] LOG:  database system is shut down
14:36:48.877 [docker-java-stream--173668120] DEBUG com.github.dockerjava.zerodep.shaded.org.apache.hc.client5.http.wire - http-outgoing-1 << "25[\r][\n]"
14:36:48.878 [docker-java-stream--173668120] DEBUG com.github.dockerjava.zerodep.shaded.org.apache.hc.client5.http.wire - http-outgoing-1 << "[0x1][0x0][0x0][0x0][0x0][0x0][0x0][0x6] done[\n]"
14:36:48.878 [docker-java-stream--173668120] DEBUG com.github.dockerjava.zerodep.shaded.org.apache.hc.client5.http.wire - http-outgoing-1 << "[0x1][0x0][0x0][0x0][0x0][0x0][0x0][0xf]server stopped[\n]"
14:36:48.878 [docker-java-stream--173668120] DEBUG com.github.dockerjava.zerodep.shaded.org.apache.hc.client5.http.wire - http-outgoing-1 << "[\r][\n]"
14:36:48.878 [main] DEBUG org.testcontainers.containers.output.WaitingConsumer - STDOUT: server stopped
14:36:48.879 [main] DEBUG org.testcontainers.containers.output.WaitingConsumer - STDOUT:  done
14:36:48.880 [docker-java-stream--173668120] DEBUG com.github.dockerjava.zerodep.shaded.org.apache.hc.client5.http.wire - http-outgoing-1 << "50[\r][\n]"
14:36:48.880 [docker-java-stream--173668120] DEBUG com.github.dockerjava.zerodep.shaded.org.apache.hc.client5.http.wire - http-outgoing-1 << "[0x1][0x0][0x0][0x0][0x0][0x0][0x0][0x1][\n]"
14:36:48.880 [docker-java-stream--173668120] DEBUG com.github.dockerjava.zerodep.shaded.org.apache.hc.client5.http.wire - http-outgoing-1 << "[0x1][0x0][0x0][0x0][0x0][0x0][0x0]6PostgreSQL init process complete; ready for start up.[\n]"
14:36:48.880 [docker-java-stream--173668120] DEBUG com.github.dockerjava.zerodep.shaded.org.apache.hc.client5.http.wire - http-outgoing-1 << "[0x1][0x0][0x0][0x0][0x0][0x0][0x0][0x1][\n]"
14:36:48.880 [docker-java-stream--173668120] DEBUG com.github.dockerjava.zerodep.shaded.org.apache.hc.client5.http.wire - http-outgoing-1 << "[\r][\n]"
14:36:48.890 [main] DEBUG org.testcontainers.containers.output.WaitingConsumer - STDOUT: 
14:36:48.890 [main] DEBUG org.testcontainers.containers.output.WaitingConsumer - STDOUT: PostgreSQL init process complete; ready for start up.
14:36:48.890 [main] DEBUG org.testcontainers.containers.output.WaitingConsumer - STDOUT: 
14:36:48.904 [docker-java-stream--173668120] DEBUG com.github.dockerjava.zerodep.shaded.org.apache.hc.client5.http.wire - http-outgoing-1 << "1cb[\r][\n]"
14:36:48.904 [docker-java-stream--173668120] DEBUG com.github.dockerjava.zerodep.shaded.org.apache.hc.client5.http.wire - http-outgoing-1 << "[0x2][0x0][0x0][0x0][0x0][0x0][0x0][0xffffffa3]2024-04-23 12:36:48.903 UTC [1] LOG:  starting PostgreSQL 16.2 (Debian 16.2-1.pgdg120+2) on x86_64-pc-linux-gnu, compiled by gcc (Debian 12.2.0-14) 12.2.0, 64-bit[\n]"
14:36:48.904 [docker-java-stream--173668120] DEBUG com.github.dockerjava.zerodep.shaded.org.apache.hc.client5.http.wire - http-outgoing-1 << "[0x2][0x0][0x0][0x0][0x0][0x0][0x0]U2024-04-23 12:36:48.903 UTC [1] LOG:  listening on IPv4 address "0.0.0.0", port 5432[\n]"
14:36:48.904 [docker-java-stream--173668120] DEBUG com.github.dockerjava.zerodep.shaded.org.apache.hc.client5.http.wire - http-outgoing-1 << "[0x2][0x0][0x0][0x0][0x0][0x0][0x0]P2024-04-23 12:36:48.903 UTC [1] LOG:  listening on IPv6 address "::", port 5432[\n]"
14:36:48.904 [docker-java-stream--173668120] DEBUG com.github.dockerjava.zerodep.shaded.org.apache.hc.client5.http.wire - http-outgoing-1 << "[0x2][0x0][0x0][0x0][0x0][0x0][0x0]c2024-04-23 12:36:48.903 UTC [1] LOG:  listening on Unix socket "/var/run/postgresql/.s.PGSQL.5432"[\n]"
14:36:48.904 [docker-java-stream--173668120] DEBUG com.github.dockerjava.zerodep.shaded.org.apache.hc.client5.http.wire - http-outgoing-1 << "[\r][\n]"
14:36:48.906 [main] DEBUG org.testcontainers.containers.output.WaitingConsumer - STDERR: 2024-04-23 12:36:48.903 UTC [1] LOG:  listening on Unix socket "/var/run/postgresql/.s.PGSQL.5432"
14:36:48.906 [main] DEBUG org.testcontainers.containers.output.WaitingConsumer - STDERR: 2024-04-23 12:36:48.903 UTC [1] LOG:  listening on IPv6 address "::", port 5432
14:36:48.906 [main] DEBUG org.testcontainers.containers.output.WaitingConsumer - STDERR: 2024-04-23 12:36:48.903 UTC [1] LOG:  listening on IPv4 address "0.0.0.0", port 5432
14:36:48.906 [main] DEBUG org.testcontainers.containers.output.WaitingConsumer - STDERR: 2024-04-23 12:36:48.903 UTC [1] LOG:  starting PostgreSQL 16.2 (Debian 16.2-1.pgdg120+2) on x86_64-pc-linux-gnu, compiled by gcc (Debian 12.2.0-14) 12.2.0, 64-bit
14:36:48.907 [docker-java-stream--173668120] DEBUG com.github.dockerjava.zerodep.shaded.org.apache.hc.client5.http.wire - http-outgoing-1 << "68[\r][\n]"
14:36:48.907 [docker-java-stream--173668120] DEBUG com.github.dockerjava.zerodep.shaded.org.apache.hc.client5.http.wire - http-outgoing-1 << "[0x2][0x0][0x0][0x0][0x0][0x0][0x0]`2024-04-23 12:36:48.906 UTC [65] LOG:  database system was shut down at 2024-04-23 12:36:48 UTC[\n]"
14:36:48.907 [docker-java-stream--173668120] DEBUG com.github.dockerjava.zerodep.shaded.org.apache.hc.client5.http.wire - http-outgoing-1 << "[\r][\n]"
14:36:48.914 [docker-java-stream--173668120] DEBUG com.github.dockerjava.zerodep.shaded.org.apache.hc.client5.http.wire - http-outgoing-1 << "5d[\r][\n]"
14:36:48.914 [docker-java-stream--173668120] DEBUG com.github.dockerjava.zerodep.shaded.org.apache.hc.client5.http.wire - http-outgoing-1 << "[0x2][0x0][0x0][0x0][0x0][0x0][0x0]U2024-04-23 12:36:48.912 UTC [1] LOG:  database system is ready to accept connections[\n]"
14:36:48.914 [docker-java-stream--173668120] DEBUG com.github.dockerjava.zerodep.shaded.org.apache.hc.client5.http.wire - http-outgoing-1 << "[\r][\n]"
14:36:48.921 [main] DEBUG org.testcontainers.containers.output.WaitingConsumer - STDERR: 2024-04-23 12:36:48.912 UTC [1] LOG:  database system is ready to accept connections
14:36:48.922 [main] DEBUG com.github.dockerjava.zerodep.shaded.org.apache.hc.client5.http.impl.classic.InternalHttpClient - ep-0000000F: cancel
14:36:48.922 [main] DEBUG com.github.dockerjava.zerodep.shaded.org.apache.hc.client5.http.impl.io.DefaultManagedHttpClientConnection - http-outgoing-1: close connection IMMEDIATE
14:36:48.922 [main] DEBUG com.github.dockerjava.zerodep.shaded.org.apache.hc.client5.http.impl.classic.InternalHttpClient - ep-0000000F: endpoint closed
14:36:48.922 [main] DEBUG com.github.dockerjava.zerodep.shaded.org.apache.hc.client5.http.impl.classic.InternalHttpClient - ep-0000000F: discarding endpoint
14:36:48.922 [main] DEBUG com.github.dockerjava.zerodep.shaded.org.apache.hc.client5.http.impl.io.PoolingHttpClientConnectionManager - ep-0000000F: releasing endpoint
14:36:48.922 [main] DEBUG com.github.dockerjava.zerodep.shaded.org.apache.hc.client5.http.impl.io.PoolingHttpClientConnectionManager - ep-0000000F: connection is not kept alive
14:36:48.922 [docker-java-stream--173668120] DEBUG com.github.dockerjava.zerodep.shaded.org.apache.hc.client5.http.wire - http-outgoing-1 << "[read] I/O error: java.nio.channels.ClosedChannelException"
14:36:48.922 [main] DEBUG com.github.dockerjava.zerodep.shaded.org.apache.hc.client5.http.impl.io.PoolingHttpClientConnectionManager - ep-0000000F: connection released [route: {}->npipe://localhost:2375][total available: 0; route allocated: 0 of 2147483647; total allocated: 0 of 2147483647]
14:36:48.923 [main] DEBUG com.github.dockerjava.zerodep.shaded.org.apache.hc.client5.http.wire - http-outgoing-1 << "[read] I/O error: java.nio.channels.ClosedChannelException"
14:36:48.923 [docker-java-stream--173668120] DEBUG com.github.dockerjava.zerodep.shaded.org.apache.hc.client5.http.wire - http-outgoing-1 << "[read] I/O error: java.nio.channels.ClosedChannelException"
14:36:48.923 [docker-java-stream--173668120] DEBUG com.github.dockerjava.zerodep.ApacheDockerHttpClientImpl$ApacheResponse - Failed to close the response
java.io.IOException: java.nio.channels.ClosedChannelException
	at java.base/java.nio.channels.Channels$1.read(Channels.java:166)
	at com.github.dockerjava.zerodep.shaded.org.apache.hc.client5.http.impl.io.LoggingInputStream.read(LoggingInputStream.java:81)
	at com.github.dockerjava.zerodep.shaded.org.apache.hc.core5.http.impl.io.SessionInputBufferImpl.fillBuffer(SessionInputBufferImpl.java:149)
	at com.github.dockerjava.zerodep.shaded.org.apache.hc.core5.http.impl.io.SessionInputBufferImpl.readLine(SessionInputBufferImpl.java:280)
	at com.github.dockerjava.zerodep.shaded.org.apache.hc.core5.http.impl.io.ChunkedInputStream.getChunkSize(ChunkedInputStream.java:261)
	at com.github.dockerjava.zerodep.shaded.org.apache.hc.core5.http.impl.io.ChunkedInputStream.nextChunk(ChunkedInputStream.java:222)
	at com.github.dockerjava.zerodep.shaded.org.apache.hc.core5.http.impl.io.ChunkedInputStream.read(ChunkedInputStream.java:147)
	at com.github.dockerjava.zerodep.shaded.org.apache.hc.core5.http.impl.io.ChunkedInputStream.close(ChunkedInputStream.java:314)
	at com.github.dockerjava.zerodep.shaded.org.apache.hc.core5.io.Closer.close(Closer.java:48)
	at com.github.dockerjava.zerodep.shaded.org.apache.hc.core5.http.impl.io.IncomingHttpEntity.close(IncomingHttpEntity.java:111)
	at com.github.dockerjava.zerodep.shaded.org.apache.hc.core5.http.io.entity.HttpEntityWrapper.close(HttpEntityWrapper.java:120)
	at com.github.dockerjava.zerodep.shaded.org.apache.hc.core5.io.Closer.close(Closer.java:48)
	at com.github.dockerjava.zerodep.shaded.org.apache.hc.core5.http.message.BasicClassicHttpResponse.close(BasicClassicHttpResponse.java:93)
	at com.github.dockerjava.zerodep.shaded.org.apache.hc.client5.http.impl.classic.CloseableHttpResponse.close(CloseableHttpResponse.java:200)
	at com.github.dockerjava.zerodep.ApacheDockerHttpClientImpl$ApacheResponse.close(ApacheDockerHttpClientImpl.java:240)
	at org.testcontainers.shaded.com.github.dockerjava.core.DefaultInvocationBuilder.lambda$executeAndStream$1(DefaultInvocationBuilder.java:277)
	at java.base/java.lang.Thread.run(Thread.java:1583)
Caused by: java.nio.channels.ClosedChannelException: null
	at java.base/sun.nio.ch.WindowsAsynchronousFileChannelImpl.implRead(WindowsAsynchronousFileChannelImpl.java:521)
	at java.base/sun.nio.ch.AsynchronousFileChannelImpl.read(AsynchronousFileChannelImpl.java:229)
	at com.github.dockerjava.transport.NamedPipeSocket$AsynchronousFileByteChannel.read(NamedPipeSocket.java:117)
	at java.base/java.nio.channels.Channels$1.read(Channels.java:164)
	... 16 common frames omitted
14:36:48.923 [main] DEBUG com.github.dockerjava.zerodep.ApacheDockerHttpClientImpl$ApacheResponse - Failed to close the response
java.io.IOException: java.nio.channels.ClosedChannelException
	at java.base/java.nio.channels.Channels$1.read(Channels.java:166)
	at com.github.dockerjava.zerodep.shaded.org.apache.hc.client5.http.impl.io.LoggingInputStream.read(LoggingInputStream.java:81)
	at com.github.dockerjava.zerodep.shaded.org.apache.hc.core5.http.impl.io.SessionInputBufferImpl.fillBuffer(SessionInputBufferImpl.java:149)
	at com.github.dockerjava.zerodep.shaded.org.apache.hc.core5.http.impl.io.SessionInputBufferImpl.readLine(SessionInputBufferImpl.java:280)
	at com.github.dockerjava.zerodep.shaded.org.apache.hc.core5.http.impl.io.ChunkedInputStream.getChunkSize(ChunkedInputStream.java:261)
	at com.github.dockerjava.zerodep.shaded.org.apache.hc.core5.http.impl.io.ChunkedInputStream.nextChunk(ChunkedInputStream.java:222)
	at com.github.dockerjava.zerodep.shaded.org.apache.hc.core5.http.impl.io.ChunkedInputStream.read(ChunkedInputStream.java:147)
	at com.github.dockerjava.zerodep.shaded.org.apache.hc.core5.http.impl.io.ChunkedInputStream.close(ChunkedInputStream.java:314)
	at com.github.dockerjava.zerodep.shaded.org.apache.hc.core5.io.Closer.close(Closer.java:48)
	at com.github.dockerjava.zerodep.shaded.org.apache.hc.core5.http.impl.io.IncomingHttpEntity.close(IncomingHttpEntity.java:111)
	at com.github.dockerjava.zerodep.shaded.org.apache.hc.core5.http.io.entity.HttpEntityWrapper.close(HttpEntityWrapper.java:120)
	at com.github.dockerjava.zerodep.shaded.org.apache.hc.core5.io.Closer.close(Closer.java:48)
	at com.github.dockerjava.zerodep.shaded.org.apache.hc.core5.http.message.BasicClassicHttpResponse.close(BasicClassicHttpResponse.java:93)
	at com.github.dockerjava.zerodep.shaded.org.apache.hc.client5.http.impl.classic.CloseableHttpResponse.close(CloseableHttpResponse.java:200)
	at com.github.dockerjava.zerodep.ApacheDockerHttpClientImpl$ApacheResponse.close(ApacheDockerHttpClientImpl.java:240)
	at org.testcontainers.shaded.com.github.dockerjava.core.DefaultInvocationBuilder.lambda$null$0(DefaultInvocationBuilder.java:272)
	at com.github.dockerjava.api.async.ResultCallbackTemplate.close(ResultCallbackTemplate.java:77)
	at org.testcontainers.containers.output.FrameConsumerResultCallback.close(FrameConsumerResultCallback.java:100)
	at org.testcontainers.containers.wait.strategy.LogMessageWaitStrategy.waitUntilReady(LogMessageWaitStrategy.java:51)
	at org.testcontainers.containers.wait.strategy.AbstractWaitStrategy.waitUntilReady(AbstractWaitStrategy.java:35)
	at org.testcontainers.containers.PostgreSQLContainer.waitUntilContainerStarted(PostgreSQLContainer.java:130)
	at org.testcontainers.containers.GenericContainer.tryStart(GenericContainer.java:466)
	at org.testcontainers.containers.GenericContainer.lambda$doStart$0(GenericContainer.java:329)
	at org.rnorth.ducttape.unreliables.Unreliables.retryUntilSuccess(Unreliables.java:81)
	at org.testcontainers.containers.GenericContainer.doStart(GenericContainer.java:327)
	at org.testcontainers.containers.GenericContainer.start(GenericContainer.java:315)
	at org.testcontainers.junit.jupiter.TestcontainersExtension$StoreAdapter.start(TestcontainersExtension.java:242)
	at org.testcontainers.junit.jupiter.TestcontainersExtension$StoreAdapter.access$200(TestcontainersExtension.java:229)
	at org.testcontainers.junit.jupiter.TestcontainersExtension.lambda$null$1(TestcontainersExtension.java:59)
	at org.junit.jupiter.engine.execution.ExtensionValuesStore.lambda$getOrComputeIfAbsent$4(ExtensionValuesStore.java:86)
	at org.junit.jupiter.engine.execution.ExtensionValuesStore$MemoizingSupplier.computeValue(ExtensionValuesStore.java:223)
	at org.junit.jupiter.engine.execution.ExtensionValuesStore$MemoizingSupplier.get(ExtensionValuesStore.java:211)
	at org.junit.jupiter.engine.execution.ExtensionValuesStore$StoredValue.evaluate(ExtensionValuesStore.java:191)
	at org.junit.jupiter.engine.execution.ExtensionValuesStore$StoredValue.access$100(ExtensionValuesStore.java:171)
	at org.junit.jupiter.engine.execution.ExtensionValuesStore.getOrComputeIfAbsent(ExtensionValuesStore.java:89)
	at org.junit.jupiter.engine.execution.NamespaceAwareStore.getOrComputeIfAbsent(NamespaceAwareStore.java:53)
	at org.testcontainers.junit.jupiter.TestcontainersExtension.lambda$beforeAll$2(TestcontainersExtension.java:59)
	at java.base/java.util.ArrayList.forEach(ArrayList.java:1596)
	at org.testcontainers.junit.jupiter.TestcontainersExtension.beforeAll(TestcontainersExtension.java:59)
	at org.junit.jupiter.engine.descriptor.ClassBasedTestDescriptor.lambda$invokeBeforeAllCallbacks$10(ClassBasedTestDescriptor.java:381)
	at org.junit.platform.engine.support.hierarchical.ThrowableCollector.execute(ThrowableCollector.java:73)
	at org.junit.jupiter.engine.descriptor.ClassBasedTestDescriptor.invokeBeforeAllCallbacks(ClassBasedTestDescriptor.java:381)
	at org.junit.jupiter.engine.descriptor.ClassBasedTestDescriptor.before(ClassBasedTestDescriptor.java:205)
	at org.junit.jupiter.engine.descriptor.ClassBasedTestDescriptor.before(ClassBasedTestDescriptor.java:80)
	at org.junit.platform.engine.support.hierarchical.NodeTestTask.lambda$executeRecursively$6(NodeTestTask.java:148)
	at org.junit.platform.engine.support.hierarchical.ThrowableCollector.execute(ThrowableCollector.java:73)
	at org.junit.platform.engine.support.hierarchical.NodeTestTask.lambda$executeRecursively$8(NodeTestTask.java:141)
	at org.junit.platform.engine.support.hierarchical.Node.around(Node.java:137)
	at org.junit.platform.engine.support.hierarchical.NodeTestTask.lambda$executeRecursively$9(NodeTestTask.java:139)
	at org.junit.platform.engine.support.hierarchical.ThrowableCollector.execute(ThrowableCollector.java:73)
	at org.junit.platform.engine.support.hierarchical.NodeTestTask.executeRecursively(NodeTestTask.java:138)
	at org.junit.platform.engine.support.hierarchical.NodeTestTask.execute(NodeTestTask.java:95)
	at java.base/java.util.ArrayList.forEach(ArrayList.java:1596)
	at org.junit.platform.engine.support.hierarchical.SameThreadHierarchicalTestExecutorService.invokeAll(SameThreadHierarchicalTestExecutorService.java:41)
	at org.junit.platform.engine.support.hierarchical.NodeTestTask.lambda$executeRecursively$6(NodeTestTask.java:155)
	at org.junit.platform.engine.support.hierarchical.ThrowableCollector.execute(ThrowableCollector.java:73)
	at org.junit.platform.engine.support.hierarchical.NodeTestTask.lambda$executeRecursively$8(NodeTestTask.java:141)
	at org.junit.platform.engine.support.hierarchical.Node.around(Node.java:137)
	at org.junit.platform.engine.support.hierarchical.NodeTestTask.lambda$executeRecursively$9(NodeTestTask.java:139)
	at org.junit.platform.engine.support.hierarchical.ThrowableCollector.execute(ThrowableCollector.java:73)
	at org.junit.platform.engine.support.hierarchical.NodeTestTask.executeRecursively(NodeTestTask.java:138)
	at org.junit.platform.engine.support.hierarchical.NodeTestTask.execute(NodeTestTask.java:95)
	at org.junit.platform.engine.support.hierarchical.SameThreadHierarchicalTestExecutorService.submit(SameThreadHierarchicalTestExecutorService.java:35)
	at org.junit.platform.engine.support.hierarchical.HierarchicalTestExecutor.execute(HierarchicalTestExecutor.java:57)
	at org.junit.platform.engine.support.hierarchical.HierarchicalTestEngine.execute(HierarchicalTestEngine.java:54)
	at org.junit.platform.launcher.core.EngineExecutionOrchestrator.execute(EngineExecutionOrchestrator.java:107)
	at org.junit.platform.launcher.core.EngineExecutionOrchestrator.execute(EngineExecutionOrchestrator.java:88)
	at org.junit.platform.launcher.core.EngineExecutionOrchestrator.lambda$execute$0(EngineExecutionOrchestrator.java:54)
	at org.junit.platform.launcher.core.EngineExecutionOrchestrator.withInterceptedStreams(EngineExecutionOrchestrator.java:67)
	at org.junit.platform.launcher.core.EngineExecutionOrchestrator.execute(EngineExecutionOrchestrator.java:52)
	at org.junit.platform.launcher.core.DefaultLauncher.execute(DefaultLauncher.java:114)
	at org.junit.platform.launcher.core.DefaultLauncher.execute(DefaultLauncher.java:86)
	at org.junit.platform.launcher.core.DefaultLauncherSession$DelegatingLauncher.execute(DefaultLauncherSession.java:86)
	at org.apache.maven.surefire.junitplatform.LazyLauncher.execute(LazyLauncher.java:56)
	at org.apache.maven.surefire.junitplatform.JUnitPlatformProvider.execute(JUnitPlatformProvider.java:184)
	at org.apache.maven.surefire.junitplatform.JUnitPlatformProvider.invokeAllTests(JUnitPlatformProvider.java:148)
	at org.apache.maven.surefire.junitplatform.JUnitPlatformProvider.invoke(JUnitPlatformProvider.java:122)
	at org.apache.maven.surefire.booter.ForkedBooter.runSuitesInProcess(ForkedBooter.java:385)
	at org.apache.maven.surefire.booter.ForkedBooter.execute(ForkedBooter.java:162)
	at org.apache.maven.surefire.booter.ForkedBooter.run(ForkedBooter.java:507)
	at org.apache.maven.surefire.booter.ForkedBooter.main(ForkedBooter.java:495)
Caused by: java.nio.channels.ClosedChannelException: null
	at java.base/sun.nio.ch.WindowsAsynchronousFileChannelImpl.implRead(WindowsAsynchronousFileChannelImpl.java:521)
	at java.base/sun.nio.ch.AsynchronousFileChannelImpl.read(AsynchronousFileChannelImpl.java:229)
	at com.github.dockerjava.transport.NamedPipeSocket$AsynchronousFileByteChannel.read(NamedPipeSocket.java:117)
	at java.base/java.nio.channels.Channels$1.read(Channels.java:164)
	... 80 common frames omitted
14:36:48.925 [main] INFO 🐳 [postgres:latest] - Container postgres:latest started in PT2.3334726S
]]></system-out>
  </testcase>
  <testcase name="testGetAllTrainings" classname="org.ylab.homework.repositorytest.TrainingRepositoryTest" time="0.032"/>
  <testcase name="testAddTrainingAndGetTrainings" classname="org.ylab.homework.repositorytest.TrainingRepositoryTest" time="0.012"/>
  <testcase name="testUpdateTraining" classname="org.ylab.homework.repositorytest.TrainingRepositoryTest" time="0.021"/>
</testsuite>